2024-08-12T21:04:04.493Z - INFO: Total Records: 99
2024-08-12T21:04:04.867Z - INFO: ---------------------------
2024-08-12T21:04:06.123Z - INFO: Scraping data for Alameda County with account_lookup '01-236576-00-001-21-00-00
2024-08-12T21:04:07.196Z - INFO: Navigated to: https://www.acgov.org/ptax_pub_app/UnsecuredSearchInit.do?showUnsecuredFromLookup=true
2024-08-12T21:04:07.196Z - ERROR: Search year does not match with the target year.
2024-08-12T21:04:07.325Z - INFO: ---------------------------
2024-08-12T21:04:07.804Z - INFO: Scraping data for Alameda County with account_lookup '01-236576-00-000-19-00-00-
2024-08-12T21:04:08.879Z - INFO: Navigated to: https://www.acgov.org/ptax_pub_app/UnsecuredSearchInit.do?showUnsecuredFromLookup=true
2024-08-12T21:04:08.880Z - ERROR: Search year does not match with the target year.
2024-08-12T21:04:09.065Z - INFO: ---------------------------
2024-08-12T21:04:09.501Z - INFO: Scraping data for Alameda County with account_lookup '01-236576-00-000-22-00-00
2024-08-12T21:04:10.520Z - INFO: Navigated to: https://www.acgov.org/ptax_pub_app/UnsecuredSearchInit.do?showUnsecuredFromLookup=true
2024-08-12T21:04:10.520Z - ERROR: Search year does not match with the target year.
2024-08-12T21:04:10.619Z - INFO: ---------------------------
2024-08-12T21:04:11.038Z - INFO: Scraping data for Alameda County with account_lookup '411274-1
2024-08-12T21:04:11.038Z - ERROR: Bad Account Lookup 4112741
2024-08-12T21:04:11.197Z - INFO: ---------------------------
2024-08-12T21:04:11.590Z - INFO: Scraping data for Alameda County with account_lookup '01-236576-00-000-19-00-00-
2024-08-12T21:04:12.756Z - INFO: Navigated to: https://www.acgov.org/ptax_pub_app/UnsecuredSearchInit.do?showUnsecuredFromLookup=true
2024-08-12T21:04:12.756Z - ERROR: Search year does not match with the target year.
2024-08-12T21:04:12.837Z - INFO: ---------------------------
2024-08-12T21:04:13.262Z - INFO: Scraping data for Alameda County with account_lookup '00-301425-00-002-21-00-00
2024-08-12T21:04:14.319Z - INFO: Navigated to: https://www.acgov.org/ptax_pub_app/UnsecuredSearchInit.do?showUnsecuredFromLookup=true
2024-08-12T21:04:14.319Z - ERROR: Search year does not match with the target year.
2024-08-12T21:04:14.402Z - INFO: ---------------------------
2024-08-12T21:04:14.806Z - INFO: Scraping data for Alameda County with account_lookup '00-301425-00-003-21-00-00
2024-08-12T21:04:15.839Z - INFO: Navigated to: https://www.acgov.org/ptax_pub_app/UnsecuredSearchInit.do?showUnsecuredFromLookup=true
2024-08-12T21:04:15.839Z - ERROR: Search year does not match with the target year.
2024-08-12T21:04:15.919Z - INFO: ---------------------------
2024-08-12T21:04:16.320Z - INFO: Scraping data for Alameda County with account_lookup '00-301425-00-003-22-00-00
2024-08-12T21:04:17.312Z - INFO: Navigated to: https://www.acgov.org/ptax_pub_app/UnsecuredSearchInit.do?showUnsecuredFromLookup=true
2024-08-12T21:04:17.312Z - ERROR: Search year does not match with the target year.
2024-08-12T21:04:17.395Z - INFO: ---------------------------
2024-08-12T21:04:17.839Z - INFO: Scraping data for Alameda County with account_lookup '00-368705-00-001-21-00-00
2024-08-12T21:04:18.925Z - INFO: Navigated to: https://www.acgov.org/ptax_pub_app/UnsecuredSearchInit.do?showUnsecuredFromLookup=true
2024-08-12T21:04:18.926Z - ERROR: Search year does not match with the target year.
2024-08-12T21:04:19.010Z - INFO: ---------------------------
2024-08-12T21:04:19.434Z - INFO: Scraping data for Alameda County with account_lookup '00-368700-00-001-21-00-00
2024-08-12T21:04:20.522Z - INFO: Navigated to: https://www.acgov.org/ptax_pub_app/UnsecuredSearchInit.do?showUnsecuredFromLookup=true
2024-08-12T21:04:20.522Z - ERROR: Search year does not match with the target year.
2024-08-12T21:04:20.601Z - INFO: ---------------------------
2024-08-12T21:04:21.020Z - INFO: Scraping data for Alameda County with account_lookup '00-301425-00-001-21-00-00
2024-08-12T21:04:22.023Z - INFO: Navigated to: https://www.acgov.org/ptax_pub_app/UnsecuredSearchInit.do?showUnsecuredFromLookup=true
2024-08-12T21:04:22.023Z - ERROR: Search year does not match with the target year.
2024-08-12T21:04:22.613Z - INFO: ---------------------------
2024-08-12T21:04:22.991Z - INFO: Scraping data for Alameda County with account_lookup '00-301425-00-000-21-00-00
2024-08-12T21:04:24.139Z - INFO: Navigated to: https://www.acgov.org/ptax_pub_app/UnsecuredSearchInit.do?showUnsecuredFromLookup=true
2024-08-12T21:04:24.139Z - ERROR: Search year does not match with the target year.
2024-08-12T21:04:24.223Z - INFO: ---------------------------
2024-08-12T21:04:24.600Z - INFO: Scraping data for Alameda County with account_lookup '00-00419-00-007-21-00-00
2024-08-12T21:04:24.600Z - ERROR: Bad Account Lookup 000041900007210000
2024-08-12T21:04:24.684Z - INFO: ---------------------------
2024-08-12T21:04:25.083Z - INFO: Scraping data for Alameda County with account_lookup '00-395377-00-001-21-00-00
2024-08-12T21:04:26.119Z - INFO: Navigated to: https://www.acgov.org/ptax_pub_app/UnsecuredSearchInit.do?showUnsecuredFromLookup=true
2024-08-12T21:04:26.119Z - ERROR: Search year does not match with the target year.
2024-08-12T21:04:26.197Z - INFO: ---------------------------
2024-08-12T21:04:26.601Z - INFO: Scraping data for Alameda County with account_lookup '00-322322-00-000-20-00-00
2024-08-12T21:04:27.830Z - INFO: Navigated to: https://www.acgov.org/ptax_pub_app/UnsecuredSearchInit.do?showUnsecuredFromLookup=true
2024-08-12T21:04:27.830Z - ERROR: Search year does not match with the target year.
2024-08-12T21:04:27.907Z - INFO: ---------------------------
2024-08-12T21:04:28.286Z - INFO: Scraping data for Alameda County with account_lookup '00-026434-00-000-22-00-00
2024-08-12T21:04:29.312Z - INFO: Navigated to: https://www.acgov.org/ptax_pub_app/UnsecuredSearchInit.do?showUnsecuredFromLookup=true
2024-08-12T21:04:29.313Z - ERROR: Search year does not match with the target year.
2024-08-12T21:04:29.412Z - INFO: ---------------------------
2024-08-12T21:04:29.821Z - INFO: Scraping data for Alameda County with account_lookup '00-349301-00-000-22-00-00
2024-08-12T21:04:30.805Z - INFO: Navigated to: https://www.acgov.org/ptax_pub_app/UnsecuredSearchInit.do?showUnsecuredFromLookup=true
2024-08-12T21:04:30.805Z - ERROR: Search year does not match with the target year.
2024-08-12T21:04:30.890Z - INFO: ---------------------------
2024-08-12T21:04:31.311Z - INFO: Scraping data for Alameda County with account_lookup '00-330119-00-000-21-00-00
2024-08-12T21:04:32.351Z - INFO: Navigated to: https://www.acgov.org/ptax_pub_app/UnsecuredSearchInit.do?showUnsecuredFromLookup=true
2024-08-12T21:04:32.352Z - ERROR: Search year does not match with the target year.
2024-08-12T21:04:32.431Z - INFO: ---------------------------
2024-08-12T21:04:32.860Z - INFO: Scraping data for Alameda County with account_lookup '02-330119-00-002-21-00-00
2024-08-12T21:04:33.912Z - INFO: Navigated to: https://www.acgov.org/ptax_pub_app/UnsecuredSearchInit.do?showUnsecuredFromLookup=true
2024-08-12T21:04:33.912Z - ERROR: Search year does not match with the target year.
2024-08-12T21:04:33.990Z - INFO: ---------------------------
2024-08-12T21:04:34.368Z - INFO: Scraping data for Alameda County with account_lookup '02-330119-00-003-21-00-00
2024-08-12T21:04:35.372Z - INFO: Navigated to: https://www.acgov.org/ptax_pub_app/UnsecuredSearchInit.do?showUnsecuredFromLookup=true
2024-08-12T21:04:35.372Z - ERROR: Search year does not match with the target year.
2024-08-12T21:04:35.957Z - INFO: ---------------------------
2024-08-12T21:04:36.351Z - INFO: Scraping data for Alameda County with account_lookup '02-330119-00-004-21-00-00
2024-08-12T21:04:37.375Z - INFO: Navigated to: https://www.acgov.org/ptax_pub_app/UnsecuredSearchInit.do?showUnsecuredFromLookup=true
2024-08-12T21:04:37.375Z - ERROR: Search year does not match with the target year.
2024-08-12T21:04:37.452Z - INFO: ---------------------------
2024-08-12T21:04:37.829Z - INFO: Scraping data for Alameda County with account_lookup '02-330119-00-003-21-19-00
2024-08-12T21:04:39.274Z - INFO: Navigated to: https://www.acgov.org/ptax_pub_app/UnsecuredSearchInit.do?showUnsecuredFromLookup=true
2024-08-12T21:04:39.274Z - ERROR: Search year does not match with the target year.
2024-08-12T21:04:39.355Z - INFO: ---------------------------
2024-08-12T21:04:39.781Z - INFO: Scraping data for Alameda County with account_lookup '02-330119-00-005-22-00-00
2024-08-12T21:04:40.817Z - INFO: Navigated to: https://www.acgov.org/ptax_pub_app/UnsecuredSearchInit.do?showUnsecuredFromLookup=true
2024-08-12T21:04:40.818Z - ERROR: Search year does not match with the target year.
2024-08-12T21:04:40.910Z - INFO: ---------------------------
2024-08-12T21:04:41.297Z - INFO: Scraping data for Alameda County with account_lookup '02-33808-00-120-15-00-00
2024-08-12T21:04:41.297Z - ERROR: Bad Account Lookup 023380800120150000
2024-08-12T21:04:41.907Z - INFO: ---------------------------
2024-08-12T21:04:42.276Z - INFO: Scraping data for Alameda County with account_lookup '00-359462-00-002-21-00-00
2024-08-12T21:04:43.301Z - INFO: Navigated to: https://www.acgov.org/ptax_pub_app/UnsecuredSearchInit.do?showUnsecuredFromLookup=true
2024-08-12T21:04:43.302Z - ERROR: Search year does not match with the target year.
2024-08-12T21:04:43.431Z - INFO: ---------------------------
2024-08-12T21:04:43.869Z - INFO: Scraping data for Alameda County with account_lookup '00-005763-00-021-21-00-00
2024-08-12T21:04:44.885Z - INFO: Navigated to: https://www.acgov.org/ptax_pub_app/UnsecuredSearchInit.do?showUnsecuredFromLookup=true
2024-08-12T21:04:44.885Z - ERROR: Search year does not match with the target year.
2024-08-12T21:04:44.960Z - INFO: ---------------------------
2024-08-12T21:04:45.360Z - INFO: Scraping data for Alameda County with account_lookup '366137-1
2024-08-12T21:04:45.360Z - ERROR: Bad Account Lookup 3661371
2024-08-12T21:04:45.440Z - INFO: ---------------------------
2024-08-12T21:04:45.850Z - INFO: Scraping data for Alameda County with account_lookup '00-367971-00-002-21-00-00
2024-08-12T21:04:46.841Z - INFO: Navigated to: https://www.acgov.org/ptax_pub_app/UnsecuredSearchInit.do?showUnsecuredFromLookup=true
2024-08-12T21:04:46.841Z - ERROR: Search year does not match with the target year.
2024-08-12T21:04:46.982Z - INFO: ---------------------------
2024-08-12T21:04:47.424Z - INFO: Scraping data for Alameda County with account_lookup '00-389506-00-001-23-00-00
2024-08-12T21:04:48.408Z - INFO: Navigated to: https://www.acgov.org/ptax_pub_app/UnsecuredSearchInit.do?showUnsecuredFromLookup=true
2024-08-12T21:04:48.408Z - ERROR: Search year does not match with the target year.
2024-08-12T21:04:48.497Z - INFO: ---------------------------
2024-08-12T21:04:48.905Z - INFO: Scraping data for Alameda County with account_lookup '00-005763-00-016-21-00-00
2024-08-12T21:04:49.944Z - INFO: Navigated to: https://www.acgov.org/ptax_pub_app/UnsecuredSearchInit.do?showUnsecuredFromLookup=true
2024-08-12T21:04:49.944Z - ERROR: Search year does not match with the target year.
2024-08-12T21:04:50.572Z - INFO: ---------------------------
2024-08-12T21:04:50.988Z - INFO: Scraping data for Alameda County with account_lookup '00-005763-00-014-21-00-00
2024-08-12T21:04:52.027Z - INFO: Navigated to: https://www.acgov.org/ptax_pub_app/UnsecuredSearchInit.do?showUnsecuredFromLookup=true
2024-08-12T21:04:52.027Z - ERROR: Search year does not match with the target year.
2024-08-12T21:04:52.104Z - INFO: ---------------------------
2024-08-12T21:04:52.486Z - INFO: Scraping data for Alameda County with account_lookup '00-005763-00-014-21-00-00
2024-08-12T21:04:54.085Z - INFO: Navigated to: https://www.acgov.org/ptax_pub_app/UnsecuredSearchInit.do?showUnsecuredFromLookup=true
2024-08-12T21:04:54.085Z - ERROR: Search year does not match with the target year.
2024-08-12T21:04:54.160Z - INFO: ---------------------------
2024-08-12T21:04:54.531Z - INFO: Scraping data for Alameda County with account_lookup '00-005763-00-016-21-00-00
2024-08-12T21:04:56.185Z - INFO: Navigated to: https://www.acgov.org/ptax_pub_app/UnsecuredSearchInit.do?showUnsecuredFromLookup=true
2024-08-12T21:04:56.185Z - ERROR: Search year does not match with the target year.
2024-08-12T21:04:56.785Z - INFO: ---------------------------
2024-08-12T21:04:57.177Z - INFO: Scraping data for Alameda County with account_lookup '00-353789-00-000-21-00-00
2024-08-12T21:04:58.377Z - INFO: Navigated to: https://www.acgov.org/ptax_pub_app/UnsecuredSearchInit.do?showUnsecuredFromLookup=true
2024-08-12T21:04:58.377Z - ERROR: Search year does not match with the target year.
2024-08-12T21:04:58.462Z - INFO: ---------------------------
2024-08-12T21:04:58.894Z - INFO: Scraping data for Alameda County with account_lookup '00-005763-00-016-21-00-00
2024-08-12T21:04:59.929Z - INFO: Navigated to: https://www.acgov.org/ptax_pub_app/UnsecuredSearchInit.do?showUnsecuredFromLookup=true
2024-08-12T21:04:59.929Z - ERROR: Search year does not match with the target year.
2024-08-12T21:05:00.004Z - INFO: ---------------------------
2024-08-12T21:05:00.426Z - INFO: Scraping data for Alameda County with account_lookup '00-013252-00-004-21-00-00
2024-08-12T21:05:01.477Z - INFO: Navigated to: https://www.acgov.org/ptax_pub_app/UnsecuredSearchInit.do?showUnsecuredFromLookup=true
2024-08-12T21:05:01.478Z - ERROR: Search year does not match with the target year.
2024-08-12T21:05:01.586Z - INFO: ---------------------------
2024-08-12T21:05:02.004Z - INFO: Scraping data for Alameda County with account_lookup '00-013252-00-000-21-00-00
2024-08-12T21:05:03.003Z - INFO: Navigated to: https://www.acgov.org/ptax_pub_app/UnsecuredSearchInit.do?showUnsecuredFromLookup=true
2024-08-12T21:05:03.003Z - ERROR: Search year does not match with the target year.
2024-08-12T21:05:03.598Z - INFO: ---------------------------
2024-08-12T21:05:03.987Z - INFO: Scraping data for Alameda County with account_lookup '00-005763-00-016-21-00-00
2024-08-12T21:05:05.003Z - INFO: Navigated to: https://www.acgov.org/ptax_pub_app/UnsecuredSearchInit.do?showUnsecuredFromLookup=true
2024-08-12T21:05:05.003Z - ERROR: Search year does not match with the target year.
2024-08-12T21:05:05.077Z - INFO: ---------------------------
2024-08-12T21:05:05.468Z - INFO: Scraping data for Alameda County with account_lookup '00-013252-00-002-21-00-00
2024-08-12T21:05:06.484Z - INFO: Navigated to: https://www.acgov.org/ptax_pub_app/UnsecuredSearchInit.do?showUnsecuredFromLookup=true
2024-08-12T21:05:06.484Z - ERROR: Search year does not match with the target year.
2024-08-12T21:05:06.558Z - INFO: ---------------------------
2024-08-12T21:05:06.927Z - INFO: Scraping data for Alameda County with account_lookup '00-013252-00-003-21-00-00
2024-08-12T21:05:07.998Z - INFO: Navigated to: https://www.acgov.org/ptax_pub_app/UnsecuredSearchInit.do?showUnsecuredFromLookup=true
2024-08-12T21:05:07.999Z - ERROR: Search year does not match with the target year.
2024-08-12T21:05:08.075Z - INFO: ---------------------------
2024-08-12T21:05:08.434Z - INFO: Scraping data for Alameda County with account_lookup '00-323003-00-000-21-00-00
2024-08-12T21:05:09.520Z - INFO: Navigated to: https://www.acgov.org/ptax_pub_app/UnsecuredSearchInit.do?showUnsecuredFromLookup=true
2024-08-12T21:05:09.521Z - ERROR: Search year does not match with the target year.
2024-08-12T21:05:09.711Z - INFO: ---------------------------
2024-08-12T21:05:10.106Z - INFO: Scraping data for Alameda County with account_lookup '00-005763-00-006-21-00-00
2024-08-12T21:05:11.317Z - INFO: Navigated to: https://www.acgov.org/ptax_pub_app/UnsecuredSearchInit.do?showUnsecuredFromLookup=true
2024-08-12T21:05:11.317Z - ERROR: Search year does not match with the target year.
2024-08-12T21:05:11.417Z - INFO: ---------------------------
2024-08-12T21:05:11.792Z - INFO: Scraping data for Alameda County with account_lookup '00-005763-00-013-21-00-00
2024-08-12T21:05:13.338Z - INFO: Navigated to: https://www.acgov.org/ptax_pub_app/UnsecuredSearchInit.do?showUnsecuredFromLookup=true
2024-08-12T21:05:13.338Z - ERROR: Search year does not match with the target year.
2024-08-12T21:05:13.959Z - INFO: ---------------------------
2024-08-12T21:05:14.339Z - INFO: Scraping data for Alameda County with account_lookup '00-005763-00-005-21-00-00
2024-08-12T21:05:15.538Z - INFO: Navigated to: https://www.acgov.org/ptax_pub_app/UnsecuredSearchInit.do?showUnsecuredFromLookup=true
2024-08-12T21:05:15.539Z - ERROR: Search year does not match with the target year.
2024-08-12T21:05:15.615Z - INFO: ---------------------------
2024-08-12T21:05:16.010Z - INFO: Scraping data for Alameda County with account_lookup '00-005763-00-002-21-00-00
2024-08-12T21:05:17.069Z - INFO: Navigated to: https://www.acgov.org/ptax_pub_app/UnsecuredSearchInit.do?showUnsecuredFromLookup=true
2024-08-12T21:05:17.069Z - ERROR: Search year does not match with the target year.
2024-08-12T21:05:17.681Z - INFO: ---------------------------
2024-08-12T21:05:18.070Z - INFO: Scraping data for Alameda County with account_lookup '00-005763-00-012-21-00-00
2024-08-12T21:05:19.114Z - INFO: Navigated to: https://www.acgov.org/ptax_pub_app/UnsecuredSearchInit.do?showUnsecuredFromLookup=true
2024-08-12T21:05:19.115Z - ERROR: Search year does not match with the target year.
2024-08-12T21:05:19.190Z - INFO: ---------------------------
2024-08-12T21:05:19.555Z - INFO: Scraping data for Alameda County with account_lookup '00-005763-00-016-21-00-00
2024-08-12T21:05:20.634Z - INFO: Navigated to: https://www.acgov.org/ptax_pub_app/UnsecuredSearchInit.do?showUnsecuredFromLookup=true
2024-08-12T21:05:20.635Z - ERROR: Search year does not match with the target year.
2024-08-12T21:05:20.709Z - INFO: ---------------------------
2024-08-12T21:05:21.072Z - INFO: Scraping data for Alameda County with account_lookup '00-005763-00-014-21-00-00
2024-08-12T21:05:22.111Z - INFO: Navigated to: https://www.acgov.org/ptax_pub_app/UnsecuredSearchInit.do?showUnsecuredFromLookup=true
2024-08-12T21:05:22.111Z - ERROR: Search year does not match with the target year.
2024-08-12T21:05:22.187Z - INFO: ---------------------------
2024-08-12T21:05:22.553Z - INFO: Scraping data for Alameda County with account_lookup '00-005763-00-015-21-00-00
2024-08-12T21:05:23.541Z - INFO: Navigated to: https://www.acgov.org/ptax_pub_app/UnsecuredSearchInit.do?showUnsecuredFromLookup=true
2024-08-12T21:05:23.541Z - ERROR: Search year does not match with the target year.
2024-08-12T21:05:23.675Z - INFO: ---------------------------
2024-08-12T21:05:24.047Z - INFO: Scraping data for Alameda County with account_lookup '00-329594-00-000-21-00-00
2024-08-12T21:05:25.077Z - INFO: Navigated to: https://www.acgov.org/ptax_pub_app/UnsecuredSearchInit.do?showUnsecuredFromLookup=true
2024-08-12T21:05:25.077Z - ERROR: Search year does not match with the target year.
2024-08-12T21:05:25.152Z - INFO: ---------------------------
2024-08-12T21:05:25.542Z - INFO: Scraping data for Alameda County with account_lookup '00-005763-00-016-21-00-00
2024-08-12T21:05:26.590Z - INFO: Navigated to: https://www.acgov.org/ptax_pub_app/UnsecuredSearchInit.do?showUnsecuredFromLookup=true
2024-08-12T21:05:26.590Z - ERROR: Search year does not match with the target year.
2024-08-12T21:05:26.700Z - INFO: ---------------------------
2024-08-12T21:05:27.213Z - INFO: Scraping data for Alameda County with account_lookup '00-389506-00-001-21-00-00
2024-08-12T21:05:28.262Z - INFO: Navigated to: https://www.acgov.org/ptax_pub_app/UnsecuredSearchInit.do?showUnsecuredFromLookup=true
2024-08-12T21:05:28.263Z - ERROR: Search year does not match with the target year.
2024-08-12T21:05:28.351Z - INFO: ---------------------------
2024-08-12T21:05:28.736Z - INFO: Scraping data for Alameda County with account_lookup '00-389506-00-001-21-00-00
2024-08-12T21:05:29.791Z - INFO: Navigated to: https://www.acgov.org/ptax_pub_app/UnsecuredSearchInit.do?showUnsecuredFromLookup=true
2024-08-12T21:05:29.791Z - ERROR: Search year does not match with the target year.
2024-08-12T21:05:29.866Z - INFO: ---------------------------
2024-08-12T21:05:30.226Z - INFO: Scraping data for Alameda County with account_lookup '00-005763-00-016-21-00-00
2024-08-12T21:05:31.243Z - INFO: Navigated to: https://www.acgov.org/ptax_pub_app/UnsecuredSearchInit.do?showUnsecuredFromLookup=true
2024-08-12T21:05:31.243Z - ERROR: Search year does not match with the target year.
2024-08-12T21:05:31.353Z - INFO: ---------------------------
2024-08-12T21:05:31.719Z - INFO: Scraping data for Alameda County with account_lookup '00-005763-00-005-21-00-00
2024-08-12T21:05:32.888Z - INFO: Navigated to: https://www.acgov.org/ptax_pub_app/UnsecuredSearchInit.do?showUnsecuredFromLookup=true
2024-08-12T21:05:32.888Z - ERROR: Search year does not match with the target year.
2024-08-12T21:05:32.987Z - INFO: ---------------------------
2024-08-12T21:05:33.352Z - INFO: Scraping data for Alameda County with account_lookup '00-005763-00-014-21-00-00
2024-08-12T21:05:34.362Z - INFO: Navigated to: https://www.acgov.org/ptax_pub_app/UnsecuredSearchInit.do?showUnsecuredFromLookup=true
2024-08-12T21:05:34.363Z - ERROR: Search year does not match with the target year.
2024-08-12T21:05:34.481Z - INFO: ---------------------------
2024-08-12T21:05:34.859Z - INFO: Scraping data for Alameda County with account_lookup '00-341800-00-000-21-00-00
2024-08-12T21:05:35.909Z - INFO: Navigated to: https://www.acgov.org/ptax_pub_app/UnsecuredSearchInit.do?showUnsecuredFromLookup=true
2024-08-12T21:05:35.910Z - ERROR: Search year does not match with the target year.
2024-08-12T21:05:36.513Z - INFO: ---------------------------
2024-08-12T21:05:36.900Z - INFO: Scraping data for Alameda County with account_lookup '00-343117-00-000-21-00-00
2024-08-12T21:05:37.972Z - INFO: Navigated to: https://www.acgov.org/ptax_pub_app/UnsecuredSearchInit.do?showUnsecuredFromLookup=true
2024-08-12T21:05:37.973Z - ERROR: Search year does not match with the target year.
2024-08-12T21:05:38.591Z - INFO: ---------------------------
2024-08-12T21:05:39.001Z - INFO: Scraping data for Alameda County with account_lookup '00-343117-00-000-21-00-00
2024-08-12T21:05:40.034Z - INFO: Navigated to: https://www.acgov.org/ptax_pub_app/UnsecuredSearchInit.do?showUnsecuredFromLookup=true
2024-08-12T21:05:40.034Z - ERROR: Search year does not match with the target year.
2024-08-12T21:05:40.141Z - INFO: ---------------------------
2024-08-12T21:05:40.535Z - INFO: Scraping data for Alameda County with account_lookup '00-005763-00-016-21-00-00
2024-08-12T21:05:41.557Z - INFO: Navigated to: https://www.acgov.org/ptax_pub_app/UnsecuredSearchInit.do?showUnsecuredFromLookup=true
2024-08-12T21:05:41.557Z - ERROR: Search year does not match with the target year.
2024-08-12T21:05:41.632Z - INFO: ---------------------------
2024-08-12T21:05:41.998Z - INFO: Scraping data for Alameda County with account_lookup '00-395483-00-001-20-00-00
2024-08-12T21:05:43.044Z - INFO: Navigated to: https://www.acgov.org/ptax_pub_app/UnsecuredSearchInit.do?showUnsecuredFromLookup=true
2024-08-12T21:05:43.044Z - ERROR: Search year does not match with the target year.
2024-08-12T21:05:43.120Z - INFO: ---------------------------
2024-08-12T21:05:43.514Z - INFO: Scraping data for Alameda County with account_lookup '00-395480-00-001-21-00-00
2024-08-12T21:05:44.530Z - INFO: Navigated to: https://www.acgov.org/ptax_pub_app/UnsecuredSearchInit.do?showUnsecuredFromLookup=true
2024-08-12T21:05:44.530Z - ERROR: Search year does not match with the target year.
2024-08-12T21:05:45.157Z - INFO: ---------------------------
2024-08-12T21:05:45.553Z - INFO: Scraping data for Alameda County with account_lookup '00-005763-00-016-21-00-00
2024-08-12T21:05:46.576Z - INFO: Navigated to: https://www.acgov.org/ptax_pub_app/UnsecuredSearchInit.do?showUnsecuredFromLookup=true
2024-08-12T21:05:46.576Z - ERROR: Search year does not match with the target year.
2024-08-12T21:05:46.662Z - INFO: ---------------------------
2024-08-12T21:05:47.035Z - INFO: Scraping data for Alameda County with account_lookup '00-005763-00-016-21-00-00
2024-08-12T21:05:48.035Z - INFO: Navigated to: https://www.acgov.org/ptax_pub_app/UnsecuredSearchInit.do?showUnsecuredFromLookup=true
2024-08-12T21:05:48.035Z - ERROR: Search year does not match with the target year.
2024-08-12T21:05:48.110Z - INFO: ---------------------------
2024-08-12T21:05:48.508Z - INFO: Scraping data for Alameda County with account_lookup '00-005763-00-014-21-00-00
2024-08-12T21:05:49.528Z - INFO: Navigated to: https://www.acgov.org/ptax_pub_app/UnsecuredSearchInit.do?showUnsecuredFromLookup=true
2024-08-12T21:05:49.528Z - ERROR: Search year does not match with the target year.
2024-08-12T21:05:49.602Z - INFO: ---------------------------
2024-08-12T21:05:50.006Z - INFO: Scraping data for Alameda County with account_lookup '00-395438-00-001-21-00-00
2024-08-12T21:05:51.059Z - INFO: Navigated to: https://www.acgov.org/ptax_pub_app/UnsecuredSearchInit.do?showUnsecuredFromLookup=true
2024-08-12T21:05:51.059Z - ERROR: Search year does not match with the target year.
2024-08-12T21:05:51.662Z - INFO: ---------------------------
2024-08-12T21:05:52.029Z - INFO: Scraping data for Alameda County with account_lookup '00-399502-00-001-22-00-00
2024-08-12T21:05:53.036Z - INFO: Navigated to: https://www.acgov.org/ptax_pub_app/UnsecuredSearchInit.do?showUnsecuredFromLookup=true
2024-08-12T21:05:53.036Z - ERROR: Search year does not match with the target year.
2024-08-12T21:05:53.645Z - INFO: ---------------------------
2024-08-12T21:05:54.043Z - INFO: Scraping data for Alameda County with account_lookup '00-395325-16
2024-08-12T21:05:54.043Z - ERROR: Bad Account Lookup 0039532516
2024-08-12T21:05:54.125Z - INFO: ---------------------------
2024-08-12T21:05:54.516Z - INFO: Scraping data for Alameda County with account_lookup '00-395325-15
2024-08-12T21:05:54.516Z - ERROR: Bad Account Lookup 0039532515
2024-08-12T21:05:55.139Z - INFO: ---------------------------
2024-08-12T21:05:55.502Z - INFO: Scraping data for Alameda County with account_lookup '395325-7
2024-08-12T21:05:55.503Z - ERROR: Bad Account Lookup 3953257
2024-08-12T21:05:55.583Z - INFO: ---------------------------
2024-08-12T21:05:55.980Z - INFO: Scraping data for Alameda County with account_lookup '395325-5
2024-08-12T21:05:55.981Z - ERROR: Bad Account Lookup 3953255
2024-08-12T21:05:56.060Z - INFO: ---------------------------
2024-08-12T21:05:56.470Z - INFO: Scraping data for Alameda County with account_lookup '395325-17
2024-08-12T21:05:56.470Z - ERROR: Bad Account Lookup 39532517
2024-08-12T21:05:56.551Z - INFO: ---------------------------
2024-08-12T21:05:56.921Z - INFO: Scraping data for Alameda County with account_lookup '395325-3
2024-08-12T21:05:56.922Z - ERROR: Bad Account Lookup 3953253
2024-08-12T21:05:57.006Z - INFO: ---------------------------
2024-08-12T21:05:57.404Z - INFO: Scraping data for Alameda County with account_lookup '395325-2
2024-08-12T21:05:57.404Z - ERROR: Bad Account Lookup 3953252
2024-08-12T21:05:57.486Z - INFO: ---------------------------
2024-08-12T21:05:57.881Z - INFO: Scraping data for Alameda County with account_lookup '00-395325-00-007-21-00-00
2024-08-12T21:05:58.963Z - INFO: Navigated to: https://www.acgov.org/ptax_pub_app/UnsecuredSearchInit.do?showUnsecuredFromLookup=true
2024-08-12T21:05:58.964Z - ERROR: Search year does not match with the target year.
2024-08-12T21:05:59.055Z - INFO: ---------------------------
2024-08-12T21:05:59.488Z - INFO: Scraping data for Alameda County with account_lookup '395325-6
2024-08-12T21:05:59.489Z - ERROR: Bad Account Lookup 3953256
2024-08-12T21:06:00.100Z - INFO: ---------------------------
2024-08-12T21:06:00.482Z - INFO: Scraping data for Alameda County with account_lookup '395325-1
2024-08-12T21:06:00.482Z - ERROR: Bad Account Lookup 3953251
2024-08-12T21:06:00.562Z - INFO: ---------------------------
2024-08-12T21:06:00.969Z - INFO: Scraping data for Alameda County with account_lookup '395325-4
2024-08-12T21:06:00.969Z - ERROR: Bad Account Lookup 3953254
2024-08-12T21:06:01.049Z - INFO: ---------------------------
2024-08-12T21:06:01.426Z - INFO: Scraping data for Alameda County with account_lookup '395325-9
2024-08-12T21:06:01.426Z - ERROR: Bad Account Lookup 3953259
2024-08-12T21:06:01.507Z - INFO: ---------------------------
2024-08-12T21:06:01.880Z - INFO: Scraping data for Alameda County with account_lookup '395325-8
2024-08-12T21:06:01.880Z - ERROR: Bad Account Lookup 3953258
2024-08-12T21:06:01.963Z - INFO: ---------------------------
2024-08-12T21:06:02.354Z - INFO: Scraping data for Alameda County with account_lookup '00395325-14
2024-08-12T21:06:02.354Z - ERROR: Bad Account Lookup 0039532514
2024-08-12T21:06:02.434Z - INFO: ---------------------------
2024-08-12T21:06:02.828Z - INFO: Scraping data for Alameda County with account_lookup '395325-4
2024-08-12T21:06:02.828Z - ERROR: Bad Account Lookup 3953254
2024-08-12T21:06:02.907Z - INFO: ---------------------------
2024-08-12T21:06:03.300Z - INFO: Scraping data for Alameda County with account_lookup '395325-10
2024-08-12T21:06:03.300Z - ERROR: Bad Account Lookup 39532510
2024-08-12T21:06:03.379Z - INFO: ---------------------------
2024-08-12T21:06:03.783Z - INFO: Scraping data for Alameda County with account_lookup '395325-13
2024-08-12T21:06:03.784Z - ERROR: Bad Account Lookup 39532513
2024-08-12T21:06:03.863Z - INFO: ---------------------------
2024-08-12T21:06:04.260Z - INFO: Scraping data for Alameda County with account_lookup '395325-12
2024-08-12T21:06:04.260Z - ERROR: Bad Account Lookup 39532512
2024-08-12T21:06:04.340Z - INFO: ---------------------------
2024-08-12T21:06:04.729Z - INFO: Scraping data for Alameda County with account_lookup '395325-11
2024-08-12T21:06:04.729Z - ERROR: Bad Account Lookup 39532511
2024-08-12T21:06:04.807Z - INFO: ---------------------------
2024-08-12T21:06:05.199Z - INFO: Scraping data for Alameda County with account_lookup '00-362749-00-001-23-00-00
2024-08-12T21:06:06.232Z - INFO: Navigated to: https://www.acgov.org/ptax_pub_app/UnsecuredSearchInit.do?showUnsecuredFromLookup=true
2024-08-12T21:06:06.233Z - ERROR: Search year does not match with the target year.
2024-08-12T21:06:06.308Z - INFO: ---------------------------
2024-08-12T21:06:06.730Z - INFO: Scraping data for Alameda County with account_lookup '02-362749-00-005-23-00-00
2024-08-12T21:06:07.802Z - INFO: Navigated to: https://www.acgov.org/ptax_pub_app/UnsecuredSearchInit.do?showUnsecuredFromLookup=true
2024-08-12T21:06:07.802Z - ERROR: Search year does not match with the target year.
2024-08-12T21:06:07.882Z - INFO: ---------------------------
2024-08-12T21:06:08.265Z - INFO: Scraping data for Alameda County with account_lookup '02-362749-00-003-23-00-00
2024-08-12T21:06:09.295Z - INFO: Navigated to: https://www.acgov.org/ptax_pub_app/UnsecuredSearchInit.do?showUnsecuredFromLookup=true
2024-08-12T21:06:09.295Z - ERROR: Search year does not match with the target year.
2024-08-12T21:06:09.371Z - INFO: ---------------------------
2024-08-12T21:06:09.735Z - INFO: Scraping data for Alameda County with account_lookup '00-362749-00-007-23-00-00
2024-08-12T21:06:10.808Z - INFO: Navigated to: https://www.acgov.org/ptax_pub_app/UnsecuredSearchInit.do?showUnsecuredFromLookup=true
2024-08-12T21:06:10.808Z - ERROR: Search year does not match with the target year.
2024-08-12T21:06:10.902Z - INFO: ---------------------------
2024-08-12T21:06:11.286Z - INFO: Scraping data for Alameda County with account_lookup '00-362749-00-002-23-00-00
2024-08-12T21:06:12.314Z - INFO: Navigated to: https://www.acgov.org/ptax_pub_app/UnsecuredSearchInit.do?showUnsecuredFromLookup=true
2024-08-12T21:06:12.314Z - ERROR: Search year does not match with the target year.
2024-08-12T21:06:12.437Z - INFO: ---------------------------
2024-08-12T21:06:12.802Z - INFO: Scraping data for Alameda County with account_lookup '003202530000000
2024-08-12T21:06:12.802Z - ERROR: Bad Account Lookup 003202530000000
2024-08-12T21:06:12.880Z - INFO: ---------------------------
2024-08-12T21:06:13.245Z - INFO: Scraping data for Alameda County with account_lookup '0040949700001230000
2024-08-12T21:06:14.267Z - INFO: Navigated to: https://www.acgov.org/ptax_pub_app/UnsecuredSearchInit.do?showUnsecuredFromLookup=true
2024-08-12T21:06:14.267Z - ERROR: Search year does not match with the target year.
2024-08-12T21:06:14.359Z - INFO: ---------------------------
2024-08-12T21:06:14.771Z - INFO: Scraping data for Alameda County with account_lookup '003007900000000
2024-08-12T21:06:14.772Z - ERROR: Bad Account Lookup 003007900000000
2024-08-12T21:06:14.846Z - INFO: ---------------------------
2024-08-12T21:06:15.233Z - INFO: Scraping data for Alameda County with account_lookup '003284360000200
2024-08-12T21:06:15.234Z - ERROR: Bad Account Lookup 003284360000200
2024-08-12T21:06:15.312Z - INFO: ---------------------------
2024-08-12T21:06:15.685Z - INFO: Scraping data for Alameda County with account_lookup '004018800000100
2024-08-12T21:06:15.686Z - ERROR: Bad Account Lookup 004018800000100
2024-08-12T21:06:15.765Z - INFO: ---------------------------
2024-08-12T21:06:16.163Z - INFO: Scraping data for Alameda County with account_lookup '003284360000100
2024-08-12T21:06:16.163Z - ERROR: Bad Account Lookup 003284360000100
2024-08-12T21:06:16.244Z - INFO: ---------------------------
2024-08-12T21:06:16.615Z - INFO: Scraping data for Alameda County with account_lookup '003637030000000
2024-08-12T21:06:16.615Z - ERROR: Bad Account Lookup 003637030000000
2024-08-12T21:06:17.214Z - INFO: ---------------------------
2024-08-12T21:06:17.581Z - INFO: Scraping data for Alameda County with account_lookup '003284360000000
2024-08-12T21:06:17.581Z - ERROR: Bad Account Lookup 003284360000000
2024-08-12T21:06:17.660Z - INFO: ========================================
2024-08-12T21:06:17.660Z - INFO: Total successful runs: 0
2024-08-12T21:06:17.661Z - INFO: Total failed runs: 99
2024-08-12T21:06:17.661Z - INFO: ========================================
2024-08-12T21:06:17.661Z - INFO: Total execution time - 133.544 seconds.
