2024-08-08T21:29:10.214Z - INFO: Total Records: 30
2024-08-08T21:29:10.578Z - INFO: ---------------------------
2024-08-08T21:29:11.085Z - INFO: Scraping data for Alameda County with account_lookup '411274-1
2024-08-08T21:29:11.085Z - ERROR: Bad Account Lookup 4112741
2024-08-08T21:29:11.171Z - INFO: ---------------------------
2024-08-08T21:29:11.582Z - INFO: Scraping data for Alameda County with account_lookup '00-00419-00-007-21-00-00
2024-08-08T21:29:11.582Z - ERROR: Bad Account Lookup 000041900007210000
2024-08-08T21:29:12.191Z - INFO: ---------------------------
2024-08-08T21:29:12.588Z - INFO: Scraping data for Alameda County with account_lookup '02-33808-00-120-15-00-00
2024-08-08T21:29:12.589Z - ERROR: Bad Account Lookup 023380800120150000
2024-08-08T21:29:12.689Z - INFO: ---------------------------
2024-08-08T21:29:13.110Z - INFO: Scraping data for Alameda County with account_lookup '00-005763-00-021-21-00-00
2024-08-08T21:29:14.238Z - INFO: Navigated to: https://www.acgov.org/ptax_pub_app/UnsecuredSearchInit.do?showUnsecuredFromLookup=true
2024-08-08T21:29:14.737Z - ERROR: No Bills Found. Please check your account number. 0000576300021210000
2024-08-08T21:29:15.340Z - INFO: ---------------------------
2024-08-08T21:29:15.758Z - INFO: Scraping data for Alameda County with account_lookup '366137-1
2024-08-08T21:29:15.759Z - ERROR: Bad Account Lookup 3661371
2024-08-08T21:29:15.840Z - INFO: ---------------------------
2024-08-08T21:29:16.248Z - INFO: Scraping data for Alameda County with account_lookup '00-395325-16
2024-08-08T21:29:16.248Z - ERROR: Bad Account Lookup 0039532516
2024-08-08T21:29:16.328Z - INFO: ---------------------------
2024-08-08T21:29:16.734Z - INFO: Scraping data for Alameda County with account_lookup '00-395325-15
2024-08-08T21:29:16.735Z - ERROR: Bad Account Lookup 0039532515
2024-08-08T21:29:16.817Z - INFO: ---------------------------
2024-08-08T21:29:17.220Z - INFO: Scraping data for Alameda County with account_lookup '395325-7
2024-08-08T21:29:17.220Z - ERROR: Bad Account Lookup 3953257
2024-08-08T21:29:17.304Z - INFO: ---------------------------
2024-08-08T21:29:17.710Z - INFO: Scraping data for Alameda County with account_lookup '395325-5
2024-08-08T21:29:17.711Z - ERROR: Bad Account Lookup 3953255
2024-08-08T21:29:17.796Z - INFO: ---------------------------
2024-08-08T21:29:18.193Z - INFO: Scraping data for Alameda County with account_lookup '395325-17
2024-08-08T21:29:18.193Z - ERROR: Bad Account Lookup 39532517
2024-08-08T21:29:18.274Z - INFO: ---------------------------
2024-08-08T21:29:18.681Z - INFO: Scraping data for Alameda County with account_lookup '395325-3
2024-08-08T21:29:18.682Z - ERROR: Bad Account Lookup 3953253
2024-08-08T21:29:18.763Z - INFO: ---------------------------
2024-08-08T21:29:19.139Z - INFO: Scraping data for Alameda County with account_lookup '395325-2
2024-08-08T21:29:19.139Z - ERROR: Bad Account Lookup 3953252
2024-08-08T21:29:19.221Z - INFO: ---------------------------
2024-08-08T21:29:19.597Z - INFO: Scraping data for Alameda County with account_lookup '395325-6
2024-08-08T21:29:19.598Z - ERROR: Bad Account Lookup 3953256
2024-08-08T21:29:19.680Z - INFO: ---------------------------
2024-08-08T21:29:20.061Z - INFO: Scraping data for Alameda County with account_lookup '395325-1
2024-08-08T21:29:20.061Z - ERROR: Bad Account Lookup 3953251
2024-08-08T21:29:20.662Z - INFO: ---------------------------
2024-08-08T21:29:21.055Z - INFO: Scraping data for Alameda County with account_lookup '395325-4
2024-08-08T21:29:21.056Z - ERROR: Bad Account Lookup 3953254
2024-08-08T21:29:21.132Z - INFO: ---------------------------
2024-08-08T21:29:21.514Z - INFO: Scraping data for Alameda County with account_lookup '395325-9
2024-08-08T21:29:21.514Z - ERROR: Bad Account Lookup 3953259
2024-08-08T21:29:21.595Z - INFO: ---------------------------
2024-08-08T21:29:21.987Z - INFO: Scraping data for Alameda County with account_lookup '395325-8
2024-08-08T21:29:21.988Z - ERROR: Bad Account Lookup 3953258
2024-08-08T21:29:22.069Z - INFO: ---------------------------
2024-08-08T21:29:22.456Z - INFO: Scraping data for Alameda County with account_lookup '00395325-14
2024-08-08T21:29:22.456Z - ERROR: Bad Account Lookup 0039532514
2024-08-08T21:29:23.063Z - INFO: ---------------------------
2024-08-08T21:29:23.469Z - INFO: Scraping data for Alameda County with account_lookup '395325-4
2024-08-08T21:29:23.469Z - ERROR: Bad Account Lookup 3953254
2024-08-08T21:29:23.552Z - INFO: ---------------------------
2024-08-08T21:29:23.932Z - INFO: Scraping data for Alameda County with account_lookup '395325-10
2024-08-08T21:29:23.932Z - ERROR: Bad Account Lookup 39532510
2024-08-08T21:29:24.011Z - INFO: ---------------------------
2024-08-08T21:29:24.417Z - INFO: Scraping data for Alameda County with account_lookup '395325-13
2024-08-08T21:29:24.417Z - ERROR: Bad Account Lookup 39532513
2024-08-08T21:29:24.500Z - INFO: ---------------------------
2024-08-08T21:29:24.908Z - INFO: Scraping data for Alameda County with account_lookup '395325-12
2024-08-08T21:29:24.908Z - ERROR: Bad Account Lookup 39532512
2024-08-08T21:29:24.988Z - INFO: ---------------------------
2024-08-08T21:29:25.378Z - INFO: Scraping data for Alameda County with account_lookup '395325-11
2024-08-08T21:29:25.378Z - ERROR: Bad Account Lookup 39532511
2024-08-08T21:29:26.000Z - INFO: ---------------------------
2024-08-08T21:29:26.373Z - INFO: Scraping data for Alameda County with account_lookup '003202530000000
2024-08-08T21:29:26.373Z - ERROR: Bad Account Lookup 003202530000000
2024-08-08T21:29:26.974Z - INFO: ---------------------------
2024-08-08T21:29:27.363Z - INFO: Scraping data for Alameda County with account_lookup '003007900000000
2024-08-08T21:29:27.363Z - ERROR: Bad Account Lookup 003007900000000
2024-08-08T21:29:27.443Z - INFO: ---------------------------
2024-08-08T21:29:27.824Z - INFO: Scraping data for Alameda County with account_lookup '003284360000200
2024-08-08T21:29:27.824Z - ERROR: Bad Account Lookup 003284360000200
2024-08-08T21:29:27.904Z - INFO: ---------------------------
2024-08-08T21:29:28.274Z - INFO: Scraping data for Alameda County with account_lookup '004018800000100
2024-08-08T21:29:28.274Z - ERROR: Bad Account Lookup 004018800000100
2024-08-08T21:29:28.353Z - INFO: ---------------------------
2024-08-08T21:29:28.734Z - INFO: Scraping data for Alameda County with account_lookup '003284360000100
2024-08-08T21:29:28.735Z - ERROR: Bad Account Lookup 003284360000100
2024-08-08T21:29:28.816Z - INFO: ---------------------------
2024-08-08T21:29:29.190Z - INFO: Scraping data for Alameda County with account_lookup '003637030000000
2024-08-08T21:29:29.190Z - ERROR: Bad Account Lookup 003637030000000
2024-08-08T21:29:29.270Z - INFO: ---------------------------
2024-08-08T21:29:29.673Z - INFO: Scraping data for Alameda County with account_lookup '003284360000000
2024-08-08T21:29:29.673Z - ERROR: Bad Account Lookup 003284360000000
2024-08-08T21:29:29.751Z - INFO: ========================================
2024-08-08T21:29:29.752Z - INFO: Total successful runs: 0
2024-08-08T21:29:29.752Z - INFO: Total failed runs: 30
2024-08-08T21:29:29.752Z - INFO: ========================================
