2024-08-08T21:19:31.488Z - INFO: Total Records: 99
2024-08-08T21:19:31.849Z - INFO: ---------------------------
2024-08-08T21:19:32.327Z - INFO: Scraping data for Alameda County with account_lookup '01-236576-00-001-21-00-00
2024-08-08T21:19:33.325Z - INFO: Navigated to: https://www.acgov.org/ptax_pub_app/UnsecuredSearchInit.do?showUnsecuredFromLookup=true
2024-08-08T21:19:34.845Z - INFO: PDF saved: O:\Clients\Alliance HealthCare Services\Properties\16018\PP\2024\Scanned Documents\16018 - Tax Bill (2024) - Alameda County - Unsecured - 01-236576-00-001-23-00-00 Auto.pdf
2024-08-08T21:19:34.922Z - ERROR: Failed to insert data: Cannot access 'insertQuery' before initialization
2024-08-08T21:19:34.923Z - INFO: ---------------------------
2024-08-08T21:19:35.315Z - INFO: Scraping data for Alameda County with account_lookup '01-236576-00-000-19-00-00-
2024-08-08T21:19:36.372Z - INFO: Navigated to: https://www.acgov.org/ptax_pub_app/UnsecuredSearchInit.do?showUnsecuredFromLookup=true
2024-08-08T21:19:37.826Z - INFO: PDF saved: O:\Clients\Alliance HealthCare Services\Properties\59999\PP\2024\Scanned Documents\59999 - Tax Bill (2024) - Alameda County - Unsecured - 01-236576-00-000-19-00-00- Auto.pdf
2024-08-08T21:19:38.440Z - ERROR: Failed to insert data: Cannot access 'insertQuery' before initialization
2024-08-08T21:19:38.440Z - INFO: ---------------------------
2024-08-08T21:19:38.846Z - INFO: Scraping data for Alameda County with account_lookup '01-236576-00-000-22-00-00
2024-08-08T21:19:39.998Z - INFO: Navigated to: https://www.acgov.org/ptax_pub_app/UnsecuredSearchInit.do?showUnsecuredFromLookup=true
2024-08-08T21:19:41.493Z - INFO: PDF saved: O:\Clients\Alliance HealthCare Services\Properties\60008\PP\2024\Scanned Documents\60008 - Tax Bill (2024) - Alameda County - Unsecured - 01-236576-00-000-23-00-00 Auto.pdf
2024-08-08T21:19:41.576Z - ERROR: Failed to insert data: Cannot access 'insertQuery' before initialization
2024-08-08T21:19:41.576Z - INFO: ---------------------------
2024-08-08T21:19:41.972Z - INFO: Scraping data for Alameda County with account_lookup '411274-1
2024-08-08T21:19:41.973Z - ERROR: Bad Account Lookup 4112741
2024-08-08T21:19:42.585Z - INFO: ---------------------------
2024-08-08T21:19:42.960Z - INFO: Scraping data for Alameda County with account_lookup '01-236576-00-000-19-00-00-
2024-08-08T21:19:43.981Z - INFO: Navigated to: https://www.acgov.org/ptax_pub_app/UnsecuredSearchInit.do?showUnsecuredFromLookup=true
2024-08-08T21:19:45.445Z - INFO: PDF saved: O:\Clients\Alliance HealthCare Services\Properties\185386\PP\2024\Scanned Documents\185386 - Tax Bill (2024) - Alameda County - Unsecured - 01-236576-00-000-19-00-00- Auto.pdf
2024-08-08T21:19:45.525Z - ERROR: Failed to insert data: Cannot access 'insertQuery' before initialization
2024-08-08T21:19:45.525Z - INFO: ---------------------------
2024-08-08T21:19:45.918Z - INFO: Scraping data for Alameda County with account_lookup '00-301425-00-002-21-00-00
2024-08-08T21:19:47.013Z - INFO: Navigated to: https://www.acgov.org/ptax_pub_app/UnsecuredSearchInit.do?showUnsecuredFromLookup=true
2024-08-08T21:19:48.578Z - INFO: PDF saved: O:\Clients\Fresenius West Division\Properties\37116\PP\2024\Scanned Documents\37116 - Tax Bill (2024) - Alameda County - Unsecured - 00-301425-00-002-21-00-00 Auto.pdf
2024-08-08T21:19:48.662Z - ERROR: Failed to insert data: Cannot access 'insertQuery' before initialization
2024-08-08T21:19:48.662Z - INFO: ---------------------------
2024-08-08T21:19:49.026Z - INFO: Scraping data for Alameda County with account_lookup '00-301425-00-003-21-00-00
2024-08-08T21:19:50.444Z - INFO: Navigated to: https://www.acgov.org/ptax_pub_app/UnsecuredSearchInit.do?showUnsecuredFromLookup=true
2024-08-08T21:19:51.914Z - INFO: PDF saved: O:\Clients\Fresenius West Division\Properties\37117\PP\2024\Scanned Documents\37117 - Tax Bill (2024) - Alameda County - Unsecured - 00-402483-00-001-23-00-00 Auto.pdf
2024-08-08T21:19:51.994Z - ERROR: Failed to insert data: Cannot access 'insertQuery' before initialization
2024-08-08T21:19:51.994Z - INFO: ---------------------------
2024-08-08T21:19:52.381Z - INFO: Scraping data for Alameda County with account_lookup '00-301425-00-003-22-00-00
2024-08-08T21:19:53.404Z - INFO: Navigated to: https://www.acgov.org/ptax_pub_app/UnsecuredSearchInit.do?showUnsecuredFromLookup=true
2024-08-08T21:19:54.904Z - INFO: PDF saved: O:\Clients\Fresenius West Division\Properties\37117\PP\2024\Scanned Documents\37117 - Tax Bill (2024) - Alameda County - Unsecured - 00-301425-00-003-22-00-00 Auto.pdf
2024-08-08T21:19:54.986Z - ERROR: Failed to insert data: Cannot access 'insertQuery' before initialization
2024-08-08T21:19:54.987Z - INFO: ---------------------------
2024-08-08T21:19:55.359Z - INFO: Scraping data for Alameda County with account_lookup '00-368705-00-001-21-00-00
2024-08-08T21:19:56.385Z - INFO: Navigated to: https://www.acgov.org/ptax_pub_app/UnsecuredSearchInit.do?showUnsecuredFromLookup=true
2024-08-08T21:19:57.825Z - INFO: PDF saved: O:\Clients\Fresenius West Division\Properties\71764\PP\2024\Scanned Documents\71764 - Tax Bill (2024) - Alameda County - Unsecured - 00-368705-00-001-23-00-00 Auto.pdf
2024-08-08T21:19:58.432Z - ERROR: Failed to insert data: Cannot access 'insertQuery' before initialization
2024-08-08T21:19:58.433Z - INFO: ---------------------------
2024-08-08T21:19:58.793Z - INFO: Scraping data for Alameda County with account_lookup '00-368700-00-001-21-00-00
2024-08-08T21:19:59.966Z - INFO: Navigated to: https://www.acgov.org/ptax_pub_app/UnsecuredSearchInit.do?showUnsecuredFromLookup=true
2024-08-08T21:20:01.589Z - INFO: PDF saved: O:\Clients\Fresenius West Division\Properties\71765\PP\2024\Scanned Documents\71765 - Tax Bill (2024) - Alameda County - Unsecured - 00-368700-00-001-23-00-00 Auto.pdf
2024-08-08T21:20:01.676Z - ERROR: Failed to insert data: Cannot access 'insertQuery' before initialization
2024-08-08T21:20:01.677Z - INFO: ---------------------------
2024-08-08T21:20:02.084Z - INFO: Scraping data for Alameda County with account_lookup '00-301425-00-001-21-00-00
2024-08-08T21:20:03.183Z - INFO: Navigated to: https://www.acgov.org/ptax_pub_app/UnsecuredSearchInit.do?showUnsecuredFromLookup=true
