2024-08-08T20:19:16.275Z - INFO: Total Records: 100
2024-08-08T20:19:16.651Z - INFO: ---------------------------
2024-08-08T20:19:17.113Z - INFO: Scraping data for Alameda County with account_lookup '01-236576-00-001-21-00-00
2024-08-08T20:19:18.228Z - INFO: Navigated to: https://www.acgov.org/ptax_pub_app/UnsecuredSearchInit.do?showUnsecuredFromLookup=true
2024-08-08T20:19:19.696Z - INFO: PDF saved: O:\Clients\Alliance HealthCare Services\Properties\16018\PP\2024\Scanned Documents\16018 - Tax Bill (2024) - Alameda County - Unsecured - 01-236576-00-001-23-00-00 Auto.pdf
2024-08-08T20:19:20.315Z - INFO: ---------------------------
2024-08-08T20:19:20.708Z - INFO: Scraping data for Alameda County with account_lookup '01-236576-00-005-23-00-00
2024-08-08T20:19:21.712Z - INFO: Navigated to: https://www.acgov.org/ptax_pub_app/UnsecuredSearchInit.do?showUnsecuredFromLookup=true
2024-08-08T20:19:23.151Z - INFO: PDF saved: O:\Clients\Alliance HealthCare Services\Properties\49736\PP\2024\Scanned Documents\49736 - Tax Bill (2024) - Alameda County - Unsecured - 01-236576-00-005-23-00-00 Auto.pdf
2024-08-08T20:19:23.767Z - INFO: ---------------------------
2024-08-08T20:19:24.158Z - INFO: Scraping data for Alameda County with account_lookup '01-236576-00-000-19-00-00-
2024-08-08T20:19:25.407Z - INFO: Navigated to: https://www.acgov.org/ptax_pub_app/UnsecuredSearchInit.do?showUnsecuredFromLookup=true
2024-08-08T20:19:26.847Z - INFO: PDF saved: O:\Clients\Alliance HealthCare Services\Properties\59999\PP\2024\Scanned Documents\59999 - Tax Bill (2024) - Alameda County - Unsecured - 01-236576-00-000-19-00-00- Auto.pdf
2024-08-08T20:19:26.926Z - INFO: ---------------------------
2024-08-08T20:19:27.292Z - INFO: Scraping data for Alameda County with account_lookup '01-236576-00-000-22-00-00
2024-08-08T20:19:28.433Z - INFO: Navigated to: https://www.acgov.org/ptax_pub_app/UnsecuredSearchInit.do?showUnsecuredFromLookup=true
2024-08-08T20:19:30.006Z - INFO: PDF saved: O:\Clients\Alliance HealthCare Services\Properties\60008\PP\2024\Scanned Documents\60008 - Tax Bill (2024) - Alameda County - Unsecured - 01-236576-00-000-23-00-00 Auto.pdf
2024-08-08T20:19:30.090Z - INFO: ---------------------------
2024-08-08T20:19:30.488Z - INFO: Scraping data for Alameda County with account_lookup '411274-1
2024-08-08T20:19:30.488Z - ERROR: Bad Account Lookup 4112741
2024-08-08T20:19:30.568Z - INFO: ---------------------------
2024-08-08T20:19:30.989Z - INFO: Scraping data for Alameda County with account_lookup '01-236576-00-000-19-00-00-
2024-08-08T20:19:31.978Z - INFO: Navigated to: https://www.acgov.org/ptax_pub_app/UnsecuredSearchInit.do?showUnsecuredFromLookup=true
2024-08-08T20:19:33.443Z - INFO: PDF saved: O:\Clients\Alliance HealthCare Services\Properties\185386\PP\2024\Scanned Documents\185386 - Tax Bill (2024) - Alameda County - Unsecured - 01-236576-00-000-19-00-00- Auto.pdf
2024-08-08T20:19:33.522Z - INFO: ---------------------------
2024-08-08T20:19:33.899Z - INFO: Scraping data for Alameda County with account_lookup '00-301425-00-002-21-00-00
2024-08-08T20:19:34.947Z - INFO: Navigated to: https://www.acgov.org/ptax_pub_app/UnsecuredSearchInit.do?showUnsecuredFromLookup=true
2024-08-08T20:19:36.563Z - INFO: PDF saved: O:\Clients\Fresenius West Division\Properties\37116\PP\2024\Scanned Documents\37116 - Tax Bill (2024) - Alameda County - Unsecured - 00-301425-00-002-21-00-00 Auto.pdf
2024-08-08T20:19:36.641Z - INFO: ---------------------------
2024-08-08T20:19:37.041Z - INFO: Scraping data for Alameda County with account_lookup '00-301425-00-003-21-00-00
2024-08-08T20:19:38.214Z - INFO: Navigated to: https://www.acgov.org/ptax_pub_app/UnsecuredSearchInit.do?showUnsecuredFromLookup=true
2024-08-08T20:19:39.707Z - INFO: PDF saved: O:\Clients\Fresenius West Division\Properties\37117\PP\2024\Scanned Documents\37117 - Tax Bill (2024) - Alameda County - Unsecured - 00-402483-00-001-23-00-00 Auto.pdf
2024-08-08T20:19:39.786Z - INFO: ---------------------------
2024-08-08T20:19:40.156Z - INFO: Scraping data for Alameda County with account_lookup '00-301425-00-003-22-00-00
2024-08-08T20:19:41.196Z - INFO: Navigated to: https://www.acgov.org/ptax_pub_app/UnsecuredSearchInit.do?showUnsecuredFromLookup=true
2024-08-08T20:19:42.675Z - INFO: PDF saved: O:\Clients\Fresenius West Division\Properties\37117\PP\2024\Scanned Documents\37117 - Tax Bill (2024) - Alameda County - Unsecured - 00-301425-00-003-22-00-00 Auto.pdf
2024-08-08T20:19:42.753Z - INFO: ---------------------------
2024-08-08T20:19:43.144Z - INFO: Scraping data for Alameda County with account_lookup '00-368705-00-001-21-00-00
2024-08-08T20:19:44.196Z - INFO: Navigated to: https://www.acgov.org/ptax_pub_app/UnsecuredSearchInit.do?showUnsecuredFromLookup=true
2024-08-08T20:19:45.660Z - INFO: PDF saved: O:\Clients\Fresenius West Division\Properties\71764\PP\2024\Scanned Documents\71764 - Tax Bill (2024) - Alameda County - Unsecured - 00-368705-00-001-23-00-00 Auto.pdf
2024-08-08T20:19:45.736Z - INFO: ---------------------------
2024-08-08T20:19:46.125Z - INFO: Scraping data for Alameda County with account_lookup '00-368700-00-001-21-00-00
2024-08-08T20:19:47.368Z - INFO: Navigated to: https://www.acgov.org/ptax_pub_app/UnsecuredSearchInit.do?showUnsecuredFromLookup=true
2024-08-08T20:19:48.841Z - INFO: PDF saved: O:\Clients\Fresenius West Division\Properties\71765\PP\2024\Scanned Documents\71765 - Tax Bill (2024) - Alameda County - Unsecured - 00-368700-00-001-23-00-00 Auto.pdf
2024-08-08T20:19:48.921Z - INFO: ---------------------------
2024-08-08T20:19:49.288Z - INFO: Scraping data for Alameda County with account_lookup '00-301425-00-001-21-00-00
2024-08-08T20:19:50.368Z - INFO: Navigated to: https://www.acgov.org/ptax_pub_app/UnsecuredSearchInit.do?showUnsecuredFromLookup=true
2024-08-08T20:19:51.878Z - INFO: PDF saved: O:\Clients\Fresenius West Division\Properties\37112\PP\2024\Scanned Documents\37112 - Tax Bill (2024) - Alameda County - Unsecured - 00-301425-00-001-23-00-00 Auto.pdf
2024-08-08T20:19:51.956Z - INFO: ---------------------------
2024-08-08T20:19:52.357Z - INFO: Scraping data for Alameda County with account_lookup '00-301425-00-000-21-00-00
2024-08-08T20:19:53.391Z - INFO: Navigated to: https://www.acgov.org/ptax_pub_app/UnsecuredSearchInit.do?showUnsecuredFromLookup=true
2024-08-08T20:19:54.865Z - INFO: PDF saved: O:\Clients\Fresenius West Division\Properties\37111\PP\2024\Scanned Documents\37111 - Tax Bill (2024) - Alameda County - Unsecured - 00-301425-00-000-23-00-00 Auto.pdf
2024-08-08T20:19:55.476Z - INFO: ---------------------------
2024-08-08T20:19:55.888Z - INFO: Scraping data for Alameda County with account_lookup '00-00419-00-007-21-00-00
2024-08-08T20:19:55.888Z - ERROR: Bad Account Lookup 000041900007210000
2024-08-08T20:19:55.976Z - INFO: ---------------------------
2024-08-08T20:19:56.407Z - INFO: Scraping data for Alameda County with account_lookup '00-395377-00-001-21-00-00
2024-08-08T20:19:57.491Z - INFO: Navigated to: https://www.acgov.org/ptax_pub_app/UnsecuredSearchInit.do?showUnsecuredFromLookup=true
2024-08-08T20:19:58.960Z - INFO: PDF saved: O:\Clients\Fresenius West Division\Properties\47571\PP\2024\Scanned Documents\47571 - Tax Bill (2024) - Alameda County - Unsecured - 00-395377-00-001-23-00-00 Auto.pdf
2024-08-08T20:19:59.041Z - INFO: ---------------------------
2024-08-08T20:19:59.445Z - INFO: Scraping data for Alameda County with account_lookup '00-322322-00-000-20-00-00
2024-08-08T20:20:00.493Z - INFO: Navigated to: https://www.acgov.org/ptax_pub_app/UnsecuredSearchInit.do?showUnsecuredFromLookup=true
2024-08-08T20:20:02.018Z - INFO: PDF saved: O:\Clients\Universal Health Services\Properties\115375\PP\2024\Scanned Documents\115375 - Tax Bill (2024) - Alameda County - Unsecured - 00-322322-00-000-20-00-00 Auto.pdf
2024-08-08T20:20:02.096Z - INFO: ---------------------------
2024-08-08T20:20:02.462Z - INFO: Scraping data for Alameda County with account_lookup '00-026434-00-000-22-00-00
2024-08-08T20:20:03.572Z - INFO: Navigated to: https://www.acgov.org/ptax_pub_app/UnsecuredSearchInit.do?showUnsecuredFromLookup=true
2024-08-08T20:20:05.066Z - INFO: PDF saved: O:\Clients\Dominos Pizza LLC\Properties\206329\PP\2024\Scanned Documents\206329 - Tax Bill (2024) - Alameda County - Unsecured - 00-026434-00-000-23-00-00 Auto.pdf
2024-08-08T20:20:05.149Z - INFO: ---------------------------
2024-08-08T20:20:05.506Z - INFO: Scraping data for Alameda County with account_lookup '00-349301-00-000-22-00-00
2024-08-08T20:20:06.508Z - INFO: Navigated to: https://www.acgov.org/ptax_pub_app/UnsecuredSearchInit.do?showUnsecuredFromLookup=true
2024-08-08T20:20:07.953Z - INFO: PDF saved: O:\Clients\Dominos Pizza LLC\Properties\206325\PP\2024\Scanned Documents\206325 - Tax Bill (2024) - Alameda County - Unsecured - 00-349301-00-000-23-00-00 Auto.pdf
2024-08-08T20:20:08.033Z - INFO: ---------------------------
2024-08-08T20:20:08.423Z - INFO: Scraping data for Alameda County with account_lookup '00-330119-00-000-21-00-00
2024-08-08T20:20:09.469Z - INFO: Navigated to: https://www.acgov.org/ptax_pub_app/UnsecuredSearchInit.do?showUnsecuredFromLookup=true
2024-08-08T20:20:10.969Z - INFO: PDF saved: O:\Clients\United Surgical Partners International\Properties\149824\PP\2024\Scanned Documents\149824 - Tax Bill (2024) - Alameda County - Unsecured - 00-330119-00-000-23-00-00 Auto.pdf
2024-08-08T20:20:11.048Z - INFO: ---------------------------
2024-08-08T20:20:11.432Z - INFO: Scraping data for Alameda County with account_lookup '02-330119-00-002-21-00-00
2024-08-08T20:20:12.514Z - INFO: Navigated to: https://www.acgov.org/ptax_pub_app/UnsecuredSearchInit.do?showUnsecuredFromLookup=true
2024-08-08T20:20:13.986Z - INFO: PDF saved: O:\Clients\United Surgical Partners International\Properties\149824\PP\2024\Scanned Documents\149824 - Tax Bill (2024) - Alameda County - Unsecured - 02-330119-00-002-21-00-00 Auto.pdf
2024-08-08T20:20:14.068Z - INFO: ---------------------------
2024-08-08T20:20:14.453Z - INFO: Scraping data for Alameda County with account_lookup '02-330119-00-003-21-00-00
2024-08-08T20:20:15.548Z - INFO: Navigated to: https://www.acgov.org/ptax_pub_app/UnsecuredSearchInit.do?showUnsecuredFromLookup=true
2024-08-08T20:20:17.367Z - INFO: PDF saved: O:\Clients\United Surgical Partners International\Properties\149824\PP\2024\Scanned Documents\149824 - Tax Bill (2024) - Alameda County - Unsecured - 02-330119-00-003-21-00-00 Auto.pdf
2024-08-08T20:20:17.979Z - INFO: ---------------------------
2024-08-08T20:20:18.334Z - INFO: Scraping data for Alameda County with account_lookup '02-330119-00-004-21-00-00
2024-08-08T20:20:19.374Z - INFO: Navigated to: https://www.acgov.org/ptax_pub_app/UnsecuredSearchInit.do?showUnsecuredFromLookup=true
2024-08-08T20:20:20.820Z - INFO: PDF saved: O:\Clients\United Surgical Partners International\Properties\149824\PP\2024\Scanned Documents\149824 - Tax Bill (2024) - Alameda County - Unsecured - 02-330119-00-004-21-00-00 Auto.pdf
2024-08-08T20:20:21.437Z - INFO: ---------------------------
2024-08-08T20:20:21.797Z - INFO: Scraping data for Alameda County with account_lookup '02-330119-00-003-21-19-00
2024-08-08T20:20:22.842Z - INFO: Navigated to: https://www.acgov.org/ptax_pub_app/UnsecuredSearchInit.do?showUnsecuredFromLookup=true
2024-08-08T20:20:24.305Z - INFO: PDF saved: O:\Clients\United Surgical Partners International\Properties\149824\PP\2024\Scanned Documents\149824 - Tax Bill (2024) - Alameda County - Unsecured - 02-330119-00-003-21-19-00 Auto.pdf
2024-08-08T20:20:24.382Z - INFO: ---------------------------
2024-08-08T20:20:24.741Z - INFO: Scraping data for Alameda County with account_lookup '02-330119-00-005-22-00-00
2024-08-08T20:20:25.973Z - INFO: Navigated to: https://www.acgov.org/ptax_pub_app/UnsecuredSearchInit.do?showUnsecuredFromLookup=true
2024-08-08T20:20:27.449Z - INFO: PDF saved: O:\Clients\United Surgical Partners International\Properties\149824\PP\2024\Scanned Documents\149824 - Tax Bill (2024) - Alameda County - Unsecured - 02-330119-00-005-22-00-00 Auto.pdf
2024-08-08T20:20:27.526Z - INFO: ---------------------------
2024-08-08T20:20:27.909Z - INFO: Scraping data for Alameda County with account_lookup '02-33808-00-120-15-00-00
2024-08-08T20:20:27.909Z - ERROR: Bad Account Lookup 023380800120150000
2024-08-08T20:20:28.510Z - INFO: ---------------------------
2024-08-08T20:20:28.890Z - INFO: Scraping data for Alameda County with account_lookup '00-359462-00-002-21-00-00
2024-08-08T20:20:29.918Z - INFO: Navigated to: https://www.acgov.org/ptax_pub_app/UnsecuredSearchInit.do?showUnsecuredFromLookup=true
2024-08-08T20:20:31.348Z - INFO: PDF saved: O:\Clients\United Surgical Partners International\Properties\168544\PP\2024\Scanned Documents\168544 - Tax Bill (2024) - Alameda County - Unsecured - 00-359462-00-002-23-00-00 Auto.pdf
2024-08-08T20:20:31.950Z - INFO: ---------------------------
2024-08-08T20:20:32.340Z - INFO: Scraping data for Alameda County with account_lookup '00-005763-00-021-21-00-00
2024-08-08T20:20:33.326Z - INFO: Navigated to: https://www.acgov.org/ptax_pub_app/UnsecuredSearchInit.do?showUnsecuredFromLookup=true
2024-08-08T20:20:33.684Z - ERROR: No Bills Found. Please check your account number. 0000576300021210000
2024-08-08T20:20:33.782Z - INFO: ---------------------------
2024-08-08T20:20:34.171Z - INFO: Scraping data for Alameda County with account_lookup '366137-1
2024-08-08T20:20:34.172Z - ERROR: Bad Account Lookup 3661371
2024-08-08T20:20:34.252Z - INFO: ---------------------------
2024-08-08T20:20:34.624Z - INFO: Scraping data for Alameda County with account_lookup '00-367971-00-002-21-00-00
2024-08-08T20:20:35.671Z - INFO: Navigated to: https://www.acgov.org/ptax_pub_app/UnsecuredSearchInit.do?showUnsecuredFromLookup=true
2024-08-08T20:20:37.253Z - INFO: PDF saved: O:\Clients\Covenant Surgical Partners\Properties\256226\PP\2024\Scanned Documents\256226 - Tax Bill (2024) - Alameda County - Unsecured - 00-367971-00-002-23-00-00 Auto.pdf
2024-08-08T20:20:37.403Z - INFO: ---------------------------
2024-08-08T20:20:37.759Z - INFO: Scraping data for Alameda County with account_lookup '00-389506-00-001-23-00-00
2024-08-08T20:20:38.749Z - INFO: Navigated to: https://www.acgov.org/ptax_pub_app/UnsecuredSearchInit.do?showUnsecuredFromLookup=true
2024-08-08T20:20:40.352Z - INFO: PDF saved: O:\Clients\DaVita Inc and related subsidiaries\Properties\339352\PP\2024\Scanned Documents\339352 - Tax Bill (2024) - Alameda County - Unsecured - 00-389506-00-001-23-00-00 Auto.pdf
2024-08-08T20:20:40.430Z - INFO: ---------------------------
2024-08-08T20:20:40.826Z - INFO: Scraping data for Alameda County with account_lookup '00-005763-00-016-21-00-00
2024-08-08T20:20:41.873Z - INFO: Navigated to: https://www.acgov.org/ptax_pub_app/UnsecuredSearchInit.do?showUnsecuredFromLookup=true
2024-08-08T20:20:43.384Z - INFO: PDF saved: O:\Clients\DaVita Inc and related subsidiaries\Properties\38129\PP\2024\Scanned Documents\38129 - Tax Bill (2024) - Alameda County - Unsecured - 00-005763-00-016-23-00-00 Auto.pdf
2024-08-08T20:20:43.467Z - INFO: ---------------------------
2024-08-08T20:20:43.857Z - INFO: Scraping data for Alameda County with account_lookup '00-005763-00-014-21-00-00
2024-08-08T20:20:44.981Z - INFO: Navigated to: https://www.acgov.org/ptax_pub_app/UnsecuredSearchInit.do?showUnsecuredFromLookup=true
2024-08-08T20:20:46.588Z - INFO: PDF saved: O:\Clients\DaVita Inc and related subsidiaries\Properties\113544\PP\2024\Scanned Documents\113544 - Tax Bill (2024) - Alameda County - Unsecured - 00-005763-00-014-23-00-00 Auto.pdf
2024-08-08T20:20:46.668Z - INFO: ---------------------------
2024-08-08T20:20:47.087Z - INFO: Scraping data for Alameda County with account_lookup '00-005763-00-014-21-00-00
2024-08-08T20:20:48.138Z - INFO: Navigated to: https://www.acgov.org/ptax_pub_app/UnsecuredSearchInit.do?showUnsecuredFromLookup=true
2024-08-08T20:20:49.641Z - INFO: PDF saved: O:\Clients\DaVita Inc and related subsidiaries\Properties\207076\PP\2024\Scanned Documents\207076 - Tax Bill (2024) - Alameda County - Unsecured - 00-005763-00-014-23-00-00 Auto.pdf
2024-08-08T20:20:50.261Z - INFO: ---------------------------
2024-08-08T20:20:50.626Z - INFO: Scraping data for Alameda County with account_lookup '00-005763-00-016-21-00-00
2024-08-08T20:20:51.793Z - INFO: Navigated to: https://www.acgov.org/ptax_pub_app/UnsecuredSearchInit.do?showUnsecuredFromLookup=true
2024-08-08T20:20:53.312Z - INFO: PDF saved: O:\Clients\DaVita Inc and related subsidiaries\Properties\47891\PP\2024\Scanned Documents\47891 - Tax Bill (2024) - Alameda County - Unsecured - 00-005763-00-016-23-00-00 Auto.pdf
2024-08-08T20:20:53.400Z - INFO: ---------------------------
2024-08-08T20:20:53.764Z - INFO: Scraping data for Alameda County with account_lookup '00-353789-00-000-21-00-00
2024-08-08T20:20:54.808Z - INFO: Navigated to: https://www.acgov.org/ptax_pub_app/UnsecuredSearchInit.do?showUnsecuredFromLookup=true
2024-08-08T20:20:56.268Z - INFO: PDF saved: O:\Clients\DaVita Inc and related subsidiaries\Properties\148156\PP\2024\Scanned Documents\148156 - Tax Bill (2024) - Alameda County - Unsecured - 00-353789-00-000-23-00-00 Auto.pdf
2024-08-08T20:20:56.871Z - INFO: ---------------------------
2024-08-08T20:20:57.258Z - INFO: Scraping data for Alameda County with account_lookup '00-005763-00-016-21-00-00
2024-08-08T20:20:58.360Z - INFO: Navigated to: https://www.acgov.org/ptax_pub_app/UnsecuredSearchInit.do?showUnsecuredFromLookup=true
2024-08-08T20:20:59.786Z - INFO: PDF saved: O:\Clients\DaVita Inc and related subsidiaries\Properties\38299\PP\2024\Scanned Documents\38299 - Tax Bill (2024) - Alameda County - Unsecured - 00-005763-00-016-23-00-00 Auto.pdf
2024-08-08T20:20:59.864Z - INFO: ---------------------------
2024-08-08T20:21:00.265Z - INFO: Scraping data for Alameda County with account_lookup '00-013252-00-004-21-00-00
2024-08-08T20:21:01.261Z - INFO: Navigated to: https://www.acgov.org/ptax_pub_app/UnsecuredSearchInit.do?showUnsecuredFromLookup=true
2024-08-08T20:21:02.717Z - INFO: PDF saved: O:\Clients\DaVita Inc and related subsidiaries\Properties\38391\PP\2024\Scanned Documents\38391 - Tax Bill (2024) - Alameda County - Unsecured - 00-013252-00-004-23-00-00 Auto.pdf
2024-08-08T20:21:03.324Z - INFO: ---------------------------
2024-08-08T20:21:03.707Z - INFO: Scraping data for Alameda County with account_lookup '00-013252-00-000-21-00-00
2024-08-08T20:21:04.732Z - INFO: Navigated to: https://www.acgov.org/ptax_pub_app/UnsecuredSearchInit.do?showUnsecuredFromLookup=true
2024-08-08T20:21:06.297Z - INFO: PDF saved: O:\Clients\DaVita Inc and related subsidiaries\Properties\14832\PP\2024\Scanned Documents\14832 - Tax Bill (2024) - Alameda County - Unsecured - 00-013252-00-000-23-00-00 Auto.pdf
2024-08-08T20:21:06.375Z - INFO: ---------------------------
2024-08-08T20:21:06.738Z - INFO: Scraping data for Alameda County with account_lookup '00-005763-00-016-21-00-00
2024-08-08T20:21:07.774Z - INFO: Navigated to: https://www.acgov.org/ptax_pub_app/UnsecuredSearchInit.do?showUnsecuredFromLookup=true
2024-08-08T20:21:09.338Z - INFO: PDF saved: O:\Clients\DaVita Inc and related subsidiaries\Properties\148135\PP\2024\Scanned Documents\148135 - Tax Bill (2024) - Alameda County - Unsecured - 00-005763-00-016-23-00-00 Auto.pdf
2024-08-08T20:21:09.415Z - INFO: ---------------------------
2024-08-08T20:21:09.806Z - INFO: Scraping data for Alameda County with account_lookup '00-013252-00-002-21-00-00
2024-08-08T20:21:10.814Z - INFO: Navigated to: https://www.acgov.org/ptax_pub_app/UnsecuredSearchInit.do?showUnsecuredFromLookup=true
2024-08-08T20:21:12.351Z - INFO: PDF saved: O:\Clients\DaVita Inc and related subsidiaries\Properties\14894\PP\2024\Scanned Documents\14894 - Tax Bill (2024) - Alameda County - Unsecured - 00-013252-00-002-23-00-00 Auto.pdf
2024-08-08T20:21:12.433Z - INFO: ---------------------------
2024-08-08T20:21:12.806Z - INFO: Scraping data for Alameda County with account_lookup '00-013252-00-003-21-00-00
2024-08-08T20:21:13.794Z - INFO: Navigated to: https://www.acgov.org/ptax_pub_app/UnsecuredSearchInit.do?showUnsecuredFromLookup=true
2024-08-08T20:21:15.334Z - INFO: PDF saved: O:\Clients\DaVita Inc and related subsidiaries\Properties\14895\PP\2024\Scanned Documents\14895 - Tax Bill (2024) - Alameda County - Unsecured - 00-013252-00-003-23-00-00 Auto.pdf
2024-08-08T20:21:15.411Z - INFO: ---------------------------
2024-08-08T20:21:15.772Z - INFO: Scraping data for Alameda County with account_lookup '00-323003-00-000-21-00-00
2024-08-08T20:21:16.826Z - INFO: Navigated to: https://www.acgov.org/ptax_pub_app/UnsecuredSearchInit.do?showUnsecuredFromLookup=true
2024-08-08T20:21:18.449Z - INFO: PDF saved: O:\Clients\DaVita Inc and related subsidiaries\Properties\47884\PP\2024\Scanned Documents\47884 - Tax Bill (2024) - Alameda County - Unsecured - 00-323003-00-000-23-00-00 Auto.pdf
2024-08-08T20:21:18.528Z - INFO: ---------------------------
2024-08-08T20:21:18.945Z - INFO: Scraping data for Alameda County with account_lookup '00-005763-00-006-21-00-00
2024-08-08T20:21:19.935Z - INFO: Navigated to: https://www.acgov.org/ptax_pub_app/UnsecuredSearchInit.do?showUnsecuredFromLookup=true
2024-08-08T20:21:21.413Z - INFO: PDF saved: O:\Clients\DaVita Inc and related subsidiaries\Properties\38121\PP\2024\Scanned Documents\38121 - Tax Bill (2024) - Alameda County - Unsecured - 00-005763-00-006-23-00-00 Auto.pdf
2024-08-08T20:21:21.492Z - INFO: ---------------------------
2024-08-08T20:21:21.855Z - INFO: Scraping data for Alameda County with account_lookup '00-005763-00-013-21-00-00
2024-08-08T20:21:22.873Z - INFO: Navigated to: https://www.acgov.org/ptax_pub_app/UnsecuredSearchInit.do?showUnsecuredFromLookup=true
2024-08-08T20:21:24.383Z - INFO: PDF saved: O:\Clients\DaVita Inc and related subsidiaries\Properties\38123\PP\2024\Scanned Documents\38123 - Tax Bill (2024) - Alameda County - Unsecured - 00-005763-00-013-23-00-00 Auto.pdf
2024-08-08T20:21:24.461Z - INFO: ---------------------------
2024-08-08T20:21:24.822Z - INFO: Scraping data for Alameda County with account_lookup '00-005763-00-005-21-00-00
2024-08-08T20:21:25.857Z - INFO: Navigated to: https://www.acgov.org/ptax_pub_app/UnsecuredSearchInit.do?showUnsecuredFromLookup=true
2024-08-08T20:21:27.320Z - INFO: PDF saved: O:\Clients\DaVita Inc and related subsidiaries\Properties\38125\PP\2024\Scanned Documents\38125 - Tax Bill (2024) - Alameda County - Unsecured - 00-005763-00-005-23-00-00 Auto.pdf
2024-08-08T20:21:27.393Z - INFO: ---------------------------
2024-08-08T20:21:27.755Z - INFO: Scraping data for Alameda County with account_lookup '00-005763-00-002-21-00-00
2024-08-08T20:21:28.752Z - INFO: Navigated to: https://www.acgov.org/ptax_pub_app/UnsecuredSearchInit.do?showUnsecuredFromLookup=true
2024-08-08T20:21:30.219Z - INFO: PDF saved: O:\Clients\DaVita Inc and related subsidiaries\Properties\38127\PP\2024\Scanned Documents\38127 - Tax Bill (2024) - Alameda County - Unsecured - 00-005763-00-002-23-00-00 Auto.pdf
2024-08-08T20:21:30.297Z - INFO: ---------------------------
2024-08-08T20:21:30.663Z - INFO: Scraping data for Alameda County with account_lookup '00-005763-00-012-21-00-00
2024-08-08T20:21:31.655Z - INFO: Navigated to: https://www.acgov.org/ptax_pub_app/UnsecuredSearchInit.do?showUnsecuredFromLookup=true
2024-08-08T20:21:33.160Z - INFO: PDF saved: O:\Clients\DaVita Inc and related subsidiaries\Properties\38131\PP\2024\Scanned Documents\38131 - Tax Bill (2024) - Alameda County - Unsecured - 00-005763-00-012-23-00-00 Auto.pdf
2024-08-08T20:21:33.237Z - INFO: ---------------------------
2024-08-08T20:21:33.641Z - INFO: Scraping data for Alameda County with account_lookup '00-005763-00-016-21-00-00
2024-08-08T20:21:34.657Z - INFO: Navigated to: https://www.acgov.org/ptax_pub_app/UnsecuredSearchInit.do?showUnsecuredFromLookup=true
2024-08-08T20:21:36.114Z - INFO: PDF saved: O:\Clients\DaVita Inc and related subsidiaries\Properties\38141\PP\2024\Scanned Documents\38141 - Tax Bill (2024) - Alameda County - Unsecured - 00-005763-00-016-23-00-00 Auto.pdf
2024-08-08T20:21:36.192Z - INFO: ---------------------------
2024-08-08T20:21:36.580Z - INFO: Scraping data for Alameda County with account_lookup '00-005763-00-014-21-00-00
2024-08-08T20:21:37.606Z - INFO: Navigated to: https://www.acgov.org/ptax_pub_app/UnsecuredSearchInit.do?showUnsecuredFromLookup=true
2024-08-08T20:21:39.145Z - INFO: PDF saved: O:\Clients\DaVita Inc and related subsidiaries\Properties\84522\PP\2024\Scanned Documents\84522 - Tax Bill (2024) - Alameda County - Unsecured - 00-005763-00-014-23-00-00 Auto.pdf
2024-08-08T20:21:39.762Z - INFO: ---------------------------
2024-08-08T20:21:40.153Z - INFO: Scraping data for Alameda County with account_lookup '00-005763-00-015-21-00-00
2024-08-08T20:21:41.200Z - INFO: Navigated to: https://www.acgov.org/ptax_pub_app/UnsecuredSearchInit.do?showUnsecuredFromLookup=true
2024-08-08T20:21:42.668Z - INFO: PDF saved: O:\Clients\DaVita Inc and related subsidiaries\Properties\84512\PP\2024\Scanned Documents\84512 - Tax Bill (2024) - Alameda County - Unsecured - 00-005763-00-015-23-00-00 Auto.pdf
2024-08-08T20:21:42.747Z - INFO: ---------------------------
2024-08-08T20:21:43.139Z - INFO: Scraping data for Alameda County with account_lookup '00-329594-00-000-21-00-00
2024-08-08T20:21:44.456Z - INFO: Navigated to: https://www.acgov.org/ptax_pub_app/UnsecuredSearchInit.do?showUnsecuredFromLookup=true
2024-08-08T20:21:45.947Z - INFO: PDF saved: O:\Clients\DaVita Inc and related subsidiaries\Properties\84517\PP\2024\Scanned Documents\84517 - Tax Bill (2024) - Alameda County - Unsecured - 00-329594-00-000-23-00-00 Auto.pdf
2024-08-08T20:21:46.026Z - INFO: ---------------------------
2024-08-08T20:21:46.407Z - INFO: Scraping data for Alameda County with account_lookup '00-005763-00-016-21-00-00
2024-08-08T20:21:47.427Z - INFO: Navigated to: https://www.acgov.org/ptax_pub_app/UnsecuredSearchInit.do?showUnsecuredFromLookup=true
2024-08-08T20:21:49.122Z - INFO: PDF saved: O:\Clients\DaVita Inc and related subsidiaries\Properties\129999\PP\2024\Scanned Documents\129999 - Tax Bill (2024) - Alameda County - Unsecured - 00-005763-00-016-23-00-00 Auto.pdf
2024-08-08T20:21:49.207Z - INFO: ---------------------------
2024-08-08T20:21:49.637Z - INFO: Scraping data for Alameda County with account_lookup '00-389506-00-001-21-00-00
2024-08-08T20:21:50.638Z - INFO: Navigated to: https://www.acgov.org/ptax_pub_app/UnsecuredSearchInit.do?showUnsecuredFromLookup=true
2024-08-08T20:21:52.071Z - INFO: PDF saved: O:\Clients\DaVita Inc and related subsidiaries\Properties\130005\PP\2024\Scanned Documents\130005 - Tax Bill (2024) - Alameda County - Unsecured - 00-389506-00-001-23-00-00 Auto.pdf
2024-08-08T20:21:52.150Z - INFO: ---------------------------
2024-08-08T20:21:52.539Z - INFO: Scraping data for Alameda County with account_lookup '00-389506-00-001-21-00-00
2024-08-08T20:21:53.577Z - INFO: Navigated to: https://www.acgov.org/ptax_pub_app/UnsecuredSearchInit.do?showUnsecuredFromLookup=true
2024-08-08T20:21:55.026Z - INFO: PDF saved: O:\Clients\DaVita Inc and related subsidiaries\Properties\38181\PP\2024\Scanned Documents\38181 - Tax Bill (2024) - Alameda County - Unsecured - 00-389506-00-001-23-00-00 Auto.pdf
2024-08-08T20:21:55.103Z - INFO: ---------------------------
2024-08-08T20:21:55.468Z - INFO: Scraping data for Alameda County with account_lookup '00-005763-00-016-21-00-00
2024-08-08T20:21:56.515Z - INFO: Navigated to: https://www.acgov.org/ptax_pub_app/UnsecuredSearchInit.do?showUnsecuredFromLookup=true
2024-08-08T20:21:58.368Z - INFO: PDF saved: O:\Clients\DaVita Inc and related subsidiaries\Properties\38227\PP\2024\Scanned Documents\38227 - Tax Bill (2024) - Alameda County - Unsecured - 00-005763-00-016-23-00-00 Auto.pdf
2024-08-08T20:21:58.453Z - INFO: ---------------------------
2024-08-08T20:21:58.807Z - INFO: Scraping data for Alameda County with account_lookup '00-005763-00-005-21-00-00
2024-08-08T20:21:59.826Z - INFO: Navigated to: https://www.acgov.org/ptax_pub_app/UnsecuredSearchInit.do?showUnsecuredFromLookup=true
2024-08-08T20:22:01.428Z - INFO: PDF saved: O:\Clients\DaVita Inc and related subsidiaries\Properties\59686\PP\2024\Scanned Documents\59686 - Tax Bill (2024) - Alameda County - Unsecured - 00-005763-00-005-23-00-00 Auto.pdf
2024-08-08T20:22:01.516Z - INFO: ---------------------------
2024-08-08T20:22:01.880Z - INFO: Scraping data for Alameda County with account_lookup '00-005763-00-014-21-00-00
2024-08-08T20:22:03.326Z - INFO: Navigated to: https://www.acgov.org/ptax_pub_app/UnsecuredSearchInit.do?showUnsecuredFromLookup=true
2024-08-08T20:22:04.819Z - INFO: PDF saved: O:\Clients\DaVita Inc and related subsidiaries\Properties\113327\PP\2024\Scanned Documents\113327 - Tax Bill (2024) - Alameda County - Unsecured - 00-005763-00-014-23-00-00 Auto.pdf
2024-08-08T20:22:04.900Z - INFO: ---------------------------
2024-08-08T20:22:05.304Z - INFO: Scraping data for Alameda County with account_lookup '00-341800-00-000-21-00-00
2024-08-08T20:22:06.342Z - INFO: Navigated to: https://www.acgov.org/ptax_pub_app/UnsecuredSearchInit.do?showUnsecuredFromLookup=true
2024-08-08T20:22:07.825Z - INFO: PDF saved: O:\Clients\DaVita Inc and related subsidiaries\Properties\98376\PP\2024\Scanned Documents\98376 - Tax Bill (2024) - Alameda County - Unsecured - 00-341800-00-000-23-00-00 Auto.pdf
2024-08-08T20:22:07.903Z - INFO: ---------------------------
2024-08-08T20:22:08.288Z - INFO: Scraping data for Alameda County with account_lookup '00-343117-00-000-21-00-00
2024-08-08T20:22:09.389Z - INFO: Navigated to: https://www.acgov.org/ptax_pub_app/UnsecuredSearchInit.do?showUnsecuredFromLookup=true
2024-08-08T20:22:10.851Z - INFO: PDF saved: O:\Clients\DaVita Inc and related subsidiaries\Properties\99576\PP\2024\Scanned Documents\99576 - Tax Bill (2024) - Alameda County - Unsecured - 00-343117-00-000-23-00-00 Auto.pdf
2024-08-08T20:22:10.929Z - INFO: ---------------------------
2024-08-08T20:22:11.314Z - INFO: Scraping data for Alameda County with account_lookup '00-343117-00-000-21-00-00
2024-08-08T20:22:12.342Z - INFO: Navigated to: https://www.acgov.org/ptax_pub_app/UnsecuredSearchInit.do?showUnsecuredFromLookup=true
2024-08-08T20:22:13.801Z - INFO: PDF saved: O:\Clients\DaVita Inc and related subsidiaries\Properties\113324\PP\2024\Scanned Documents\113324 - Tax Bill (2024) - Alameda County - Unsecured - 00-343117-00-000-23-00-00 Auto.pdf
2024-08-08T20:22:13.877Z - INFO: ---------------------------
2024-08-08T20:22:14.247Z - INFO: Scraping data for Alameda County with account_lookup '00-005763-00-016-21-00-00
2024-08-08T20:22:15.295Z - INFO: Navigated to: https://www.acgov.org/ptax_pub_app/UnsecuredSearchInit.do?showUnsecuredFromLookup=true
2024-08-08T20:22:16.796Z - INFO: PDF saved: O:\Clients\DaVita Inc and related subsidiaries\Properties\113326\PP\2024\Scanned Documents\113326 - Tax Bill (2024) - Alameda County - Unsecured - 00-005763-00-016-23-00-00 Auto.pdf
2024-08-08T20:22:16.874Z - INFO: ---------------------------
2024-08-08T20:22:17.263Z - INFO: Scraping data for Alameda County with account_lookup '00-395483-00-001-20-00-00
2024-08-08T20:22:18.327Z - INFO: Navigated to: https://www.acgov.org/ptax_pub_app/UnsecuredSearchInit.do?showUnsecuredFromLookup=true
2024-08-08T20:22:19.798Z - INFO: PDF saved: O:\Clients\DaVita Inc and related subsidiaries\Properties\166306\PP\2024\Scanned Documents\166306 - Tax Bill (2024) - Alameda County - Unsecured - 00-395483-00-001-23-00-00 Auto.pdf
2024-08-08T20:22:19.876Z - INFO: ---------------------------
2024-08-08T20:22:20.264Z - INFO: Scraping data for Alameda County with account_lookup '00-395480-00-001-21-00-00
2024-08-08T20:22:21.327Z - INFO: Navigated to: https://www.acgov.org/ptax_pub_app/UnsecuredSearchInit.do?showUnsecuredFromLookup=true
2024-08-08T20:22:22.807Z - INFO: PDF saved: O:\Clients\DaVita Inc and related subsidiaries\Properties\166328\PP\2024\Scanned Documents\166328 - Tax Bill (2024) - Alameda County - Unsecured - 00-395480-00-001-23-00-00 Auto.pdf
2024-08-08T20:22:22.882Z - INFO: ---------------------------
2024-08-08T20:22:23.271Z - INFO: Scraping data for Alameda County with account_lookup '00-005763-00-016-21-00-00
2024-08-08T20:22:24.324Z - INFO: Navigated to: https://www.acgov.org/ptax_pub_app/UnsecuredSearchInit.do?showUnsecuredFromLookup=true
2024-08-08T20:22:25.797Z - INFO: PDF saved: O:\Clients\DaVita Inc and related subsidiaries\Properties\166329\PP\2024\Scanned Documents\166329 - Tax Bill (2024) - Alameda County - Unsecured - 00-005763-00-016-23-00-00 Auto.pdf
2024-08-08T20:22:25.879Z - INFO: ---------------------------
2024-08-08T20:22:26.260Z - INFO: Scraping data for Alameda County with account_lookup '00-005763-00-016-21-00-00
2024-08-08T20:22:27.325Z - INFO: Navigated to: https://www.acgov.org/ptax_pub_app/UnsecuredSearchInit.do?showUnsecuredFromLookup=true
2024-08-08T20:22:28.783Z - INFO: PDF saved: O:\Clients\DaVita Inc and related subsidiaries\Properties\166330\PP\2024\Scanned Documents\166330 - Tax Bill (2024) - Alameda County - Unsecured - 00-005763-00-016-23-00-00 Auto.pdf
2024-08-08T20:22:28.861Z - INFO: ---------------------------
2024-08-08T20:22:29.262Z - INFO: Scraping data for Alameda County with account_lookup '00-005763-00-014-21-00-00
2024-08-08T20:22:30.313Z - INFO: Navigated to: https://www.acgov.org/ptax_pub_app/UnsecuredSearchInit.do?showUnsecuredFromLookup=true
2024-08-08T20:22:31.800Z - INFO: PDF saved: O:\Clients\DaVita Inc and related subsidiaries\Properties\166331\PP\2024\Scanned Documents\166331 - Tax Bill (2024) - Alameda County - Unsecured - 00-005763-00-014-23-00-00 Auto.pdf
2024-08-08T20:22:31.881Z - INFO: ---------------------------
2024-08-08T20:22:32.266Z - INFO: Scraping data for Alameda County with account_lookup '00-395438-00-001-21-00-00
2024-08-08T20:22:33.248Z - INFO: Navigated to: https://www.acgov.org/ptax_pub_app/UnsecuredSearchInit.do?showUnsecuredFromLookup=true
2024-08-08T20:22:34.726Z - INFO: PDF saved: O:\Clients\DaVita Inc and related subsidiaries\Properties\207669\PP\2024\Scanned Documents\207669 - Tax Bill (2024) - Alameda County - Unsecured - 00-395438-00-001-23-00-00 Auto.pdf
2024-08-08T20:22:34.803Z - INFO: ---------------------------
2024-08-08T20:22:35.193Z - INFO: Scraping data for Alameda County with account_lookup '00-399502-00-001-22-00-00
2024-08-08T20:22:36.233Z - INFO: Navigated to: https://www.acgov.org/ptax_pub_app/UnsecuredSearchInit.do?showUnsecuredFromLookup=true
2024-08-08T20:22:37.726Z - INFO: PDF saved: O:\Clients\IVX Health\Properties\309704\PP\2024\Scanned Documents\309704 - Tax Bill (2024) - Alameda County - Unsecured - 00-399502-00-001-23-00-00 Auto.pdf
2024-08-08T20:22:37.802Z - INFO: ---------------------------
2024-08-08T20:22:38.194Z - INFO: Scraping data for Alameda County with account_lookup '00-395325-16
2024-08-08T20:22:38.195Z - ERROR: Bad Account Lookup 0039532516
2024-08-08T20:22:38.274Z - INFO: ---------------------------
2024-08-08T20:22:38.639Z - INFO: Scraping data for Alameda County with account_lookup '00-395325-15
2024-08-08T20:22:38.639Z - ERROR: Bad Account Lookup 0039532515
2024-08-08T20:22:38.720Z - INFO: ---------------------------
2024-08-08T20:22:39.082Z - INFO: Scraping data for Alameda County with account_lookup '395325-7
2024-08-08T20:22:39.083Z - ERROR: Bad Account Lookup 3953257
2024-08-08T20:22:39.160Z - INFO: ---------------------------
2024-08-08T20:22:39.525Z - INFO: Scraping data for Alameda County with account_lookup '395325-5
2024-08-08T20:22:39.525Z - ERROR: Bad Account Lookup 3953255
2024-08-08T20:22:39.602Z - INFO: ---------------------------
2024-08-08T20:22:39.995Z - INFO: Scraping data for Alameda County with account_lookup '395325-17
2024-08-08T20:22:39.995Z - ERROR: Bad Account Lookup 39532517
2024-08-08T20:22:40.073Z - INFO: ---------------------------
2024-08-08T20:22:40.469Z - INFO: Scraping data for Alameda County with account_lookup '395325-3
2024-08-08T20:22:40.469Z - ERROR: Bad Account Lookup 3953253
2024-08-08T20:22:40.552Z - INFO: ---------------------------
2024-08-08T20:22:40.927Z - INFO: Scraping data for Alameda County with account_lookup '395325-2
2024-08-08T20:22:40.928Z - ERROR: Bad Account Lookup 3953252
2024-08-08T20:22:41.009Z - INFO: ---------------------------
2024-08-08T20:22:41.401Z - INFO: Scraping data for Alameda County with account_lookup '00-395325-00-007-21-00-00
2024-08-08T20:22:42.591Z - INFO: Navigated to: https://www.acgov.org/ptax_pub_app/UnsecuredSearchInit.do?showUnsecuredFromLookup=true
2024-08-08T20:22:44.076Z - INFO: PDF saved: O:\Clients\Renal Therapies - FMC\Properties\280226\PP\2024\Scanned Documents\280226 - Tax Bill (2024) - Alameda County - Unsecured - 00-395325-00-007-23-00-00 Auto.pdf
2024-08-08T20:22:44.161Z - INFO: ---------------------------
2024-08-08T20:22:44.543Z - INFO: Scraping data for Alameda County with account_lookup '395325-6
2024-08-08T20:22:44.544Z - ERROR: Bad Account Lookup 3953256
2024-08-08T20:22:44.620Z - INFO: ---------------------------
2024-08-08T20:22:45.010Z - INFO: Scraping data for Alameda County with account_lookup '395325-1
2024-08-08T20:22:45.010Z - ERROR: Bad Account Lookup 3953251
2024-08-08T20:22:45.090Z - INFO: ---------------------------
2024-08-08T20:22:45.482Z - INFO: Scraping data for Alameda County with account_lookup '395325-4
2024-08-08T20:22:45.482Z - ERROR: Bad Account Lookup 3953254
2024-08-08T20:22:45.559Z - INFO: ---------------------------
2024-08-08T20:22:45.952Z - INFO: Scraping data for Alameda County with account_lookup '395325-9
2024-08-08T20:22:45.952Z - ERROR: Bad Account Lookup 3953259
2024-08-08T20:22:46.556Z - INFO: ---------------------------
2024-08-08T20:22:46.950Z - INFO: Scraping data for Alameda County with account_lookup '395325-8
2024-08-08T20:22:46.950Z - ERROR: Bad Account Lookup 3953258
2024-08-08T20:22:47.030Z - INFO: ---------------------------
2024-08-08T20:22:47.427Z - INFO: Scraping data for Alameda County with account_lookup '00395325-14
2024-08-08T20:22:47.427Z - ERROR: Bad Account Lookup 0039532514
2024-08-08T20:22:47.508Z - INFO: ---------------------------
2024-08-08T20:22:47.870Z - INFO: Scraping data for Alameda County with account_lookup '395325-4
2024-08-08T20:22:47.870Z - ERROR: Bad Account Lookup 3953254
2024-08-08T20:22:47.946Z - INFO: ---------------------------
2024-08-08T20:22:48.335Z - INFO: Scraping data for Alameda County with account_lookup '395325-10
2024-08-08T20:22:48.335Z - ERROR: Bad Account Lookup 39532510
2024-08-08T20:22:48.412Z - INFO: ---------------------------
2024-08-08T20:22:48.782Z - INFO: Scraping data for Alameda County with account_lookup '395325-13
2024-08-08T20:22:48.782Z - ERROR: Bad Account Lookup 39532513
2024-08-08T20:22:48.860Z - INFO: ---------------------------
2024-08-08T20:22:49.234Z - INFO: Scraping data for Alameda County with account_lookup '395325-12
2024-08-08T20:22:49.234Z - ERROR: Bad Account Lookup 39532512
2024-08-08T20:22:49.314Z - INFO: ---------------------------
2024-08-08T20:22:49.705Z - INFO: Scraping data for Alameda County with account_lookup '395325-11
2024-08-08T20:22:49.705Z - ERROR: Bad Account Lookup 39532511
2024-08-08T20:22:50.305Z - INFO: ---------------------------
2024-08-08T20:22:50.702Z - INFO: Scraping data for Alameda County with account_lookup '00-362749-00-001-23-00-00
2024-08-08T20:22:51.686Z - INFO: Navigated to: https://www.acgov.org/ptax_pub_app/UnsecuredSearchInit.do?showUnsecuredFromLookup=true
2024-08-08T20:22:53.166Z - INFO: PDF saved: O:\Clients\Community Psychiatry Management LLC  dba Mindpath Health\Properties\404197\PP\2024\Scanned Documents\404197 - Tax Bill (2024) - Alameda County - Unsecured - 00-362749-00-001-23-00-00 Auto.pdf
2024-08-08T20:22:53.251Z - INFO: ---------------------------
2024-08-08T20:22:53.665Z - INFO: Scraping data for Alameda County with account_lookup '02-362749-00-005-23-00-00
2024-08-08T20:22:54.742Z - INFO: Navigated to: https://www.acgov.org/ptax_pub_app/UnsecuredSearchInit.do?showUnsecuredFromLookup=true
2024-08-08T20:22:56.169Z - INFO: PDF saved: O:\Clients\Community Psychiatry Management LLC  dba Mindpath Health\Properties\404199\PP\2024\Scanned Documents\404199 - Tax Bill (2024) - Alameda County - Unsecured - 02-362749-00-005-23-00-00 Auto.pdf
2024-08-08T20:22:56.246Z - INFO: ---------------------------
2024-08-08T20:22:56.660Z - INFO: Scraping data for Alameda County with account_lookup '02-362749-00-003-23-00-00
2024-08-08T20:22:57.857Z - INFO: Navigated to: https://www.acgov.org/ptax_pub_app/UnsecuredSearchInit.do?showUnsecuredFromLookup=true
2024-08-08T20:22:59.480Z - INFO: PDF saved: O:\Clients\Community Psychiatry Management LLC  dba Mindpath Health\Properties\404203\PP\2024\Scanned Documents\404203 - Tax Bill (2024) - Alameda County - Unsecured - 02-362749-00-003-23-00-00 Auto.pdf
2024-08-08T20:22:59.557Z - INFO: ---------------------------
2024-08-08T20:22:59.950Z - INFO: Scraping data for Alameda County with account_lookup '00-362749-00-007-23-00-00
2024-08-08T20:23:01.019Z - INFO: Navigated to: https://www.acgov.org/ptax_pub_app/UnsecuredSearchInit.do?showUnsecuredFromLookup=true
2024-08-08T20:23:02.464Z - INFO: PDF saved: O:\Clients\Community Psychiatry Management LLC  dba Mindpath Health\Properties\404205\PP\2024\Scanned Documents\404205 - Tax Bill (2024) - Alameda County - Unsecured - 00-362749-00-007-23-00-00 Auto.pdf
2024-08-08T20:23:02.543Z - INFO: ---------------------------
2024-08-08T20:23:02.929Z - INFO: Scraping data for Alameda County with account_lookup '00-362749-00-002-23-00-00
2024-08-08T20:23:03.981Z - INFO: Navigated to: https://www.acgov.org/ptax_pub_app/UnsecuredSearchInit.do?showUnsecuredFromLookup=true
2024-08-08T20:23:05.440Z - INFO: PDF saved: O:\Clients\Community Psychiatry Management LLC  dba Mindpath Health\Properties\404445\PP\2024\Scanned Documents\404445 - Tax Bill (2024) - Alameda County - Unsecured - 00-362749-00-002-23-00-00 Auto.pdf
2024-08-08T20:23:05.523Z - INFO: ---------------------------
2024-08-08T20:23:05.899Z - INFO: Scraping data for Alameda County with account_lookup '003202530000000
2024-08-08T20:23:05.899Z - ERROR: Bad Account Lookup 003202530000000
2024-08-08T20:23:06.493Z - INFO: ---------------------------
2024-08-08T20:23:06.886Z - INFO: Scraping data for Alameda County with account_lookup '0040949700001230000
2024-08-08T20:23:08.015Z - INFO: Navigated to: https://www.acgov.org/ptax_pub_app/UnsecuredSearchInit.do?showUnsecuredFromLookup=true
2024-08-08T20:23:09.502Z - INFO: PDF saved: O:\Clients\Premise Health\Properties\405654\PP\2024\Scanned Documents\405654 - Tax Bill (2024) - Alameda County - Unsecured - 0040949700001230000 Auto.pdf
2024-08-08T20:23:09.579Z - INFO: ---------------------------
2024-08-08T20:23:09.960Z - INFO: Scraping data for Alameda County with account_lookup '003007900000000
2024-08-08T20:23:09.960Z - ERROR: Bad Account Lookup 003007900000000
2024-08-08T20:23:10.557Z - INFO: ---------------------------
2024-08-08T20:23:10.934Z - INFO: Scraping data for Alameda County with account_lookup '003284360000200
2024-08-08T20:23:10.934Z - ERROR: Bad Account Lookup 003284360000200
2024-08-08T20:23:11.015Z - INFO: ---------------------------
2024-08-08T20:23:11.403Z - INFO: Scraping data for Alameda County with account_lookup '004018800000100
2024-08-08T20:23:11.403Z - ERROR: Bad Account Lookup 004018800000100
2024-08-08T20:23:11.482Z - INFO: ---------------------------
2024-08-08T20:23:11.843Z - INFO: Scraping data for Alameda County with account_lookup '003284360000100
2024-08-08T20:23:11.844Z - ERROR: Bad Account Lookup 003284360000100
2024-08-08T20:23:11.922Z - INFO: ---------------------------
2024-08-08T20:23:12.317Z - INFO: Scraping data for Alameda County with account_lookup '003637030000000
2024-08-08T20:23:12.317Z - ERROR: Bad Account Lookup 003637030000000
2024-08-08T20:23:12.395Z - INFO: ---------------------------
2024-08-08T20:23:12.783Z - INFO: Scraping data for Alameda County with account_lookup '003284360000000
2024-08-08T20:23:12.783Z - ERROR: Bad Account Lookup 003284360000000
2024-08-08T20:23:12.868Z - INFO: ========================================
2024-08-08T20:23:12.868Z - INFO: Total successful runs: 0
2024-08-08T20:23:12.868Z - INFO: Total failed runs: 0
2024-08-08T20:23:12.868Z - INFO: ========================================
