2024-08-08T21:20:32.140Z - INFO: Total Records: 99
2024-08-08T21:20:32.502Z - INFO: ---------------------------
2024-08-08T21:20:32.971Z - INFO: Scraping data for Alameda County with account_lookup '01-236576-00-001-21-00-00
2024-08-08T21:20:34.037Z - INFO: Navigated to: https://www.acgov.org/ptax_pub_app/UnsecuredSearchInit.do?showUnsecuredFromLookup=true
2024-08-08T21:20:35.544Z - INFO: PDF saved: O:\Clients\Alliance HealthCare Services\Properties\16018\PP\2024\Scanned Documents\16018 - Tax Bill (2024) - Alameda County - Unsecured - 01-236576-00-001-23-00-00 Auto.pdf
2024-08-08T21:20:35.625Z - INFO: INSERT INTO tso.Document WITH AUTO NAME SELECT 803867 as BillID, 75 as Type, 'Tax Bill - Alameda County - Unsecured - 01-236576-00-001-23-00-00' as Name, 'O:\Clients\Alliance HealthCare Services\Properties\16018\PP\2024\Scanned Documents\16018 - Tax Bill (2024) - Alameda County - Unsecured - 01-236576-00-001-23-00-00 Auto.pdf' as DocumentName, 1 as FileExists, 'L' as BillMethod;
2024-08-08T21:20:35.656Z - INFO: Successfully inserted data to database.
2024-08-08T21:20:35.656Z - INFO: ---------------------------
2024-08-08T21:20:36.065Z - INFO: Scraping data for Alameda County with account_lookup '01-236576-00-000-19-00-00-
2024-08-08T21:20:37.104Z - INFO: Navigated to: https://www.acgov.org/ptax_pub_app/UnsecuredSearchInit.do?showUnsecuredFromLookup=true
2024-08-08T21:20:38.594Z - INFO: PDF saved: O:\Clients\Alliance HealthCare Services\Properties\59999\PP\2024\Scanned Documents\59999 - Tax Bill (2024) - Alameda County - Unsecured - 01-236576-00-000-19-00-00- Auto.pdf
2024-08-08T21:20:39.211Z - INFO: INSERT INTO tso.Document WITH AUTO NAME SELECT 804126 as BillID, 75 as Type, 'Tax Bill - Alameda County - Unsecured - 01-236576-00-000-19-00-00-' as Name, 'O:\Clients\Alliance HealthCare Services\Properties\59999\PP\2024\Scanned Documents\59999 - Tax Bill (2024) - Alameda County - Unsecured - 01-236576-00-000-19-00-00- Auto.pdf' as DocumentName, 1 as FileExists, 'L' as BillMethod;
2024-08-08T21:20:39.270Z - INFO: Successfully inserted data to database.
2024-08-08T21:20:39.270Z - INFO: ---------------------------
2024-08-08T21:20:39.663Z - INFO: Scraping data for Alameda County with account_lookup '01-236576-00-000-22-00-00
2024-08-08T21:20:40.661Z - INFO: Navigated to: https://www.acgov.org/ptax_pub_app/UnsecuredSearchInit.do?showUnsecuredFromLookup=true
2024-08-08T21:20:42.099Z - INFO: PDF saved: O:\Clients\Alliance HealthCare Services\Properties\60008\PP\2024\Scanned Documents\60008 - Tax Bill (2024) - Alameda County - Unsecured - 01-236576-00-000-23-00-00 Auto.pdf
2024-08-08T21:20:42.179Z - INFO: INSERT INTO tso.Document WITH AUTO NAME SELECT 804139 as BillID, 75 as Type, 'Tax Bill - Alameda County - Unsecured - 01-236576-00-000-23-00-00' as Name, 'O:\Clients\Alliance HealthCare Services\Properties\60008\PP\2024\Scanned Documents\60008 - Tax Bill (2024) - Alameda County - Unsecured - 01-236576-00-000-23-00-00 Auto.pdf' as DocumentName, 1 as FileExists, 'L' as BillMethod;
2024-08-08T21:20:42.209Z - INFO: Successfully inserted data to database.
2024-08-08T21:20:42.210Z - INFO: ---------------------------
2024-08-08T21:20:42.607Z - INFO: Scraping data for Alameda County with account_lookup '411274-1
2024-08-08T21:20:42.607Z - ERROR: Bad Account Lookup 4112741
2024-08-08T21:20:42.688Z - INFO: ---------------------------
2024-08-08T21:20:43.049Z - INFO: Scraping data for Alameda County with account_lookup '01-236576-00-000-19-00-00-
2024-08-08T21:20:44.088Z - INFO: Navigated to: https://www.acgov.org/ptax_pub_app/UnsecuredSearchInit.do?showUnsecuredFromLookup=true
2024-08-08T21:20:45.575Z - INFO: PDF saved: O:\Clients\Alliance HealthCare Services\Properties\185386\PP\2024\Scanned Documents\185386 - Tax Bill (2024) - Alameda County - Unsecured - 01-236576-00-000-19-00-00- Auto.pdf
2024-08-08T21:20:46.199Z - INFO: INSERT INTO tso.Document WITH AUTO NAME SELECT 804305 as BillID, 75 as Type, 'Tax Bill - Alameda County - Unsecured - 01-236576-00-000-19-00-00-' as Name, 'O:\Clients\Alliance HealthCare Services\Properties\185386\PP\2024\Scanned Documents\185386 - Tax Bill (2024) - Alameda County - Unsecured - 01-236576-00-000-19-00-00- Auto.pdf' as DocumentName, 1 as FileExists, 'L' as BillMethod;
2024-08-08T21:20:46.232Z - INFO: Successfully inserted data to database.
2024-08-08T21:20:46.232Z - INFO: ---------------------------
2024-08-08T21:20:46.637Z - INFO: Scraping data for Alameda County with account_lookup '00-301425-00-002-21-00-00
2024-08-08T21:20:47.664Z - INFO: Navigated to: https://www.acgov.org/ptax_pub_app/UnsecuredSearchInit.do?showUnsecuredFromLookup=true
2024-08-08T21:20:49.095Z - INFO: PDF saved: O:\Clients\Fresenius West Division\Properties\37116\PP\2024\Scanned Documents\37116 - Tax Bill (2024) - Alameda County - Unsecured - 00-301425-00-002-21-00-00 Auto.pdf
2024-08-08T21:20:49.173Z - INFO: INSERT INTO tso.Document WITH AUTO NAME SELECT 808753 as BillID, 75 as Type, 'Tax Bill - Alameda County - Unsecured - 00-301425-00-002-21-00-00' as Name, 'O:\Clients\Fresenius West Division\Properties\37116\PP\2024\Scanned Documents\37116 - Tax Bill (2024) - Alameda County - Unsecured - 00-301425-00-002-21-00-00 Auto.pdf' as DocumentName, 1 as FileExists, 'L' as BillMethod;
2024-08-08T21:20:49.202Z - INFO: Successfully inserted data to database.
2024-08-08T21:20:49.203Z - INFO: ---------------------------
2024-08-08T21:20:49.605Z - INFO: Scraping data for Alameda County with account_lookup '00-301425-00-003-21-00-00
2024-08-08T21:20:50.602Z - INFO: Navigated to: https://www.acgov.org/ptax_pub_app/UnsecuredSearchInit.do?showUnsecuredFromLookup=true
2024-08-08T21:20:52.074Z - INFO: PDF saved: O:\Clients\Fresenius West Division\Properties\37117\PP\2024\Scanned Documents\37117 - Tax Bill (2024) - Alameda County - Unsecured - 00-402483-00-001-23-00-00 Auto.pdf
2024-08-08T21:20:52.154Z - INFO: INSERT INTO tso.Document WITH AUTO NAME SELECT 808771 as BillID, 75 as Type, 'Tax Bill - Alameda County - Unsecured - 00-402483-00-001-23-00-00' as Name, 'O:\Clients\Fresenius West Division\Properties\37117\PP\2024\Scanned Documents\37117 - Tax Bill (2024) - Alameda County - Unsecured - 00-402483-00-001-23-00-00 Auto.pdf' as DocumentName, 1 as FileExists, 'L' as BillMethod;
2024-08-08T21:20:52.178Z - INFO: Successfully inserted data to database.
2024-08-08T21:20:52.178Z - INFO: ---------------------------
2024-08-08T21:20:52.625Z - INFO: Scraping data for Alameda County with account_lookup '00-301425-00-003-22-00-00
2024-08-08T21:20:53.649Z - INFO: Navigated to: https://www.acgov.org/ptax_pub_app/UnsecuredSearchInit.do?showUnsecuredFromLookup=true
2024-08-08T21:20:55.085Z - INFO: PDF saved: O:\Clients\Fresenius West Division\Properties\37117\PP\2024\Scanned Documents\37117 - Tax Bill (2024) - Alameda County - Unsecured - 00-301425-00-003-22-00-00 Auto.pdf
2024-08-08T21:20:55.166Z - INFO: INSERT INTO tso.Document WITH AUTO NAME SELECT 808772 as BillID, 75 as Type, 'Tax Bill - Alameda County - Unsecured - 00-301425-00-003-22-00-00' as Name, 'O:\Clients\Fresenius West Division\Properties\37117\PP\2024\Scanned Documents\37117 - Tax Bill (2024) - Alameda County - Unsecured - 00-301425-00-003-22-00-00 Auto.pdf' as DocumentName, 1 as FileExists, 'L' as BillMethod;
2024-08-08T21:20:55.186Z - INFO: Successfully inserted data to database.
2024-08-08T21:20:55.186Z - INFO: ---------------------------
2024-08-08T21:20:55.579Z - INFO: Scraping data for Alameda County with account_lookup '00-368705-00-001-21-00-00
2024-08-08T21:20:56.627Z - INFO: Navigated to: https://www.acgov.org/ptax_pub_app/UnsecuredSearchInit.do?showUnsecuredFromLookup=true
2024-08-08T21:20:58.091Z - INFO: PDF saved: O:\Clients\Fresenius West Division\Properties\71764\PP\2024\Scanned Documents\71764 - Tax Bill (2024) - Alameda County - Unsecured - 00-368705-00-001-23-00-00 Auto.pdf
2024-08-08T21:20:58.712Z - INFO: INSERT INTO tso.Document WITH AUTO NAME SELECT 808773 as BillID, 75 as Type, 'Tax Bill - Alameda County - Unsecured - 00-368705-00-001-23-00-00' as Name, 'O:\Clients\Fresenius West Division\Properties\71764\PP\2024\Scanned Documents\71764 - Tax Bill (2024) - Alameda County - Unsecured - 00-368705-00-001-23-00-00 Auto.pdf' as DocumentName, 1 as FileExists, 'L' as BillMethod;
2024-08-08T21:20:58.735Z - INFO: Successfully inserted data to database.
2024-08-08T21:20:58.735Z - INFO: ---------------------------
2024-08-08T21:20:59.103Z - INFO: Scraping data for Alameda County with account_lookup '00-368700-00-001-21-00-00
2024-08-08T21:21:00.230Z - INFO: Navigated to: https://www.acgov.org/ptax_pub_app/UnsecuredSearchInit.do?showUnsecuredFromLookup=true
2024-08-08T21:21:01.683Z - INFO: PDF saved: O:\Clients\Fresenius West Division\Properties\71765\PP\2024\Scanned Documents\71765 - Tax Bill (2024) - Alameda County - Unsecured - 00-368700-00-001-23-00-00 Auto.pdf
2024-08-08T21:21:01.781Z - INFO: INSERT INTO tso.Document WITH AUTO NAME SELECT 808829 as BillID, 75 as Type, 'Tax Bill - Alameda County - Unsecured - 00-368700-00-001-23-00-00' as Name, 'O:\Clients\Fresenius West Division\Properties\71765\PP\2024\Scanned Documents\71765 - Tax Bill (2024) - Alameda County - Unsecured - 00-368700-00-001-23-00-00 Auto.pdf' as DocumentName, 1 as FileExists, 'L' as BillMethod;
2024-08-08T21:21:01.805Z - INFO: Successfully inserted data to database.
2024-08-08T21:21:01.805Z - INFO: ---------------------------
2024-08-08T21:21:02.179Z - INFO: Scraping data for Alameda County with account_lookup '00-301425-00-001-21-00-00
2024-08-08T21:21:03.266Z - INFO: Navigated to: https://www.acgov.org/ptax_pub_app/UnsecuredSearchInit.do?showUnsecuredFromLookup=true
2024-08-08T21:21:03.723Z - INFO: PDF saved: O:\Clients\Fresenius West Division\Properties\37112\PP\2024\Scanned Documents\37112 - Tax Bill (2024) - Alameda County - Unsecured - 00-301425-00-001-23-00-00 Auto.pdf
2024-08-08T21:21:04.325Z - INFO: INSERT INTO tso.Document WITH AUTO NAME SELECT 808840 as BillID, 75 as Type, 'Tax Bill - Alameda County - Unsecured - 00-301425-00-001-23-00-00' as Name, 'O:\Clients\Fresenius West Division\Properties\37112\PP\2024\Scanned Documents\37112 - Tax Bill (2024) - Alameda County - Unsecured - 00-301425-00-001-23-00-00 Auto.pdf' as DocumentName, 1 as FileExists, 'L' as BillMethod;
2024-08-08T21:21:04.345Z - INFO: Successfully inserted data to database.
2024-08-08T21:21:04.345Z - INFO: ---------------------------
2024-08-08T21:21:04.736Z - INFO: Scraping data for Alameda County with account_lookup '00-301425-00-000-21-00-00
2024-08-08T21:21:05.733Z - INFO: Navigated to: https://www.acgov.org/ptax_pub_app/UnsecuredSearchInit.do?showUnsecuredFromLookup=true
2024-08-08T21:21:07.227Z - INFO: PDF saved: O:\Clients\Fresenius West Division\Properties\37111\PP\2024\Scanned Documents\37111 - Tax Bill (2024) - Alameda County - Unsecured - 00-301425-00-000-23-00-00 Auto.pdf
2024-08-08T21:21:07.843Z - INFO: INSERT INTO tso.Document WITH AUTO NAME SELECT 808844 as BillID, 75 as Type, 'Tax Bill - Alameda County - Unsecured - 00-301425-00-000-23-00-00' as Name, 'O:\Clients\Fresenius West Division\Properties\37111\PP\2024\Scanned Documents\37111 - Tax Bill (2024) - Alameda County - Unsecured - 00-301425-00-000-23-00-00 Auto.pdf' as DocumentName, 1 as FileExists, 'L' as BillMethod;
2024-08-08T21:21:07.867Z - INFO: Successfully inserted data to database.
2024-08-08T21:21:07.868Z - INFO: ---------------------------
2024-08-08T21:21:08.230Z - INFO: Scraping data for Alameda County with account_lookup '00-00419-00-007-21-00-00
2024-08-08T21:21:08.230Z - ERROR: Bad Account Lookup 000041900007210000
2024-08-08T21:21:08.310Z - INFO: ---------------------------
2024-08-08T21:21:08.686Z - INFO: Scraping data for Alameda County with account_lookup '00-395377-00-001-21-00-00
2024-08-08T21:21:09.773Z - INFO: Navigated to: https://www.acgov.org/ptax_pub_app/UnsecuredSearchInit.do?showUnsecuredFromLookup=true
2024-08-08T21:21:11.218Z - INFO: PDF saved: O:\Clients\Fresenius West Division\Properties\47571\PP\2024\Scanned Documents\47571 - Tax Bill (2024) - Alameda County - Unsecured - 00-395377-00-001-23-00-00 Auto.pdf
2024-08-08T21:21:11.315Z - INFO: INSERT INTO tso.Document WITH AUTO NAME SELECT 808454 as BillID, 75 as Type, 'Tax Bill - Alameda County - Unsecured - 00-395377-00-001-23-00-00' as Name, 'O:\Clients\Fresenius West Division\Properties\47571\PP\2024\Scanned Documents\47571 - Tax Bill (2024) - Alameda County - Unsecured - 00-395377-00-001-23-00-00 Auto.pdf' as DocumentName, 1 as FileExists, 'L' as BillMethod;
2024-08-08T21:21:11.340Z - INFO: Successfully inserted data to database.
2024-08-08T21:21:11.340Z - INFO: ---------------------------
2024-08-08T21:21:11.744Z - INFO: Scraping data for Alameda County with account_lookup '00-322322-00-000-20-00-00
2024-08-08T21:21:12.762Z - INFO: Navigated to: https://www.acgov.org/ptax_pub_app/UnsecuredSearchInit.do?showUnsecuredFromLookup=true
2024-08-08T21:21:14.209Z - INFO: PDF saved: O:\Clients\Universal Health Services\Properties\115375\PP\2024\Scanned Documents\115375 - Tax Bill (2024) - Alameda County - Unsecured - 00-322322-00-000-20-00-00 Auto.pdf
2024-08-08T21:21:14.286Z - INFO: INSERT INTO tso.Document WITH AUTO NAME SELECT 809614 as BillID, 75 as Type, 'Tax Bill - Alameda County - Unsecured - 00-322322-00-000-20-00-00' as Name, 'O:\Clients\Universal Health Services\Properties\115375\PP\2024\Scanned Documents\115375 - Tax Bill (2024) - Alameda County - Unsecured - 00-322322-00-000-20-00-00 Auto.pdf' as DocumentName, 1 as FileExists, 'L' as BillMethod;
2024-08-08T21:21:14.317Z - INFO: Successfully inserted data to database.
2024-08-08T21:21:14.317Z - INFO: ---------------------------
2024-08-08T21:21:14.711Z - INFO: Scraping data for Alameda County with account_lookup '00-026434-00-000-22-00-00
2024-08-08T21:21:15.727Z - INFO: Navigated to: https://www.acgov.org/ptax_pub_app/UnsecuredSearchInit.do?showUnsecuredFromLookup=true
2024-08-08T21:21:17.180Z - INFO: PDF saved: O:\Clients\Dominos Pizza LLC\Properties\206329\PP\2024\Scanned Documents\206329 - Tax Bill (2024) - Alameda County - Unsecured - 00-026434-00-000-23-00-00 Auto.pdf
2024-08-08T21:21:17.257Z - INFO: INSERT INTO tso.Document WITH AUTO NAME SELECT 812851 as BillID, 75 as Type, 'Tax Bill - Alameda County - Unsecured - 00-026434-00-000-23-00-00' as Name, 'O:\Clients\Dominos Pizza LLC\Properties\206329\PP\2024\Scanned Documents\206329 - Tax Bill (2024) - Alameda County - Unsecured - 00-026434-00-000-23-00-00 Auto.pdf' as DocumentName, 1 as FileExists, 'L' as BillMethod;
2024-08-08T21:21:17.281Z - INFO: Successfully inserted data to database.
2024-08-08T21:21:17.282Z - INFO: ---------------------------
2024-08-08T21:21:17.657Z - INFO: Scraping data for Alameda County with account_lookup '00-349301-00-000-22-00-00
2024-08-08T21:21:18.683Z - INFO: Navigated to: https://www.acgov.org/ptax_pub_app/UnsecuredSearchInit.do?showUnsecuredFromLookup=true
2024-08-08T21:21:20.119Z - INFO: PDF saved: O:\Clients\Dominos Pizza LLC\Properties\206325\PP\2024\Scanned Documents\206325 - Tax Bill (2024) - Alameda County - Unsecured - 00-349301-00-000-23-00-00 Auto.pdf
2024-08-08T21:21:20.736Z - INFO: INSERT INTO tso.Document WITH AUTO NAME SELECT 812890 as BillID, 75 as Type, 'Tax Bill - Alameda County - Unsecured - 00-349301-00-000-23-00-00' as Name, 'O:\Clients\Dominos Pizza LLC\Properties\206325\PP\2024\Scanned Documents\206325 - Tax Bill (2024) - Alameda County - Unsecured - 00-349301-00-000-23-00-00 Auto.pdf' as DocumentName, 1 as FileExists, 'L' as BillMethod;
2024-08-08T21:21:20.756Z - INFO: Successfully inserted data to database.
2024-08-08T21:21:20.756Z - INFO: ---------------------------
2024-08-08T21:21:21.152Z - INFO: Scraping data for Alameda County with account_lookup '00-330119-00-000-21-00-00
2024-08-08T21:21:22.189Z - INFO: Navigated to: https://www.acgov.org/ptax_pub_app/UnsecuredSearchInit.do?showUnsecuredFromLookup=true
2024-08-08T21:21:23.707Z - INFO: PDF saved: O:\Clients\United Surgical Partners International\Properties\149824\PP\2024\Scanned Documents\149824 - Tax Bill (2024) - Alameda County - Unsecured - 00-330119-00-000-23-00-00 Auto.pdf
2024-08-08T21:21:23.817Z - INFO: INSERT INTO tso.Document WITH AUTO NAME SELECT 813760 as BillID, 75 as Type, 'Tax Bill - Alameda County - Unsecured - 00-330119-00-000-23-00-00' as Name, 'O:\Clients\United Surgical Partners International\Properties\149824\PP\2024\Scanned Documents\149824 - Tax Bill (2024) - Alameda County - Unsecured - 00-330119-00-000-23-00-00 Auto.pdf' as DocumentName, 1 as FileExists, 'L' as BillMethod;
2024-08-08T21:21:23.850Z - INFO: Successfully inserted data to database.
2024-08-08T21:21:23.850Z - INFO: ---------------------------
2024-08-08T21:21:24.256Z - INFO: Scraping data for Alameda County with account_lookup '02-330119-00-002-21-00-00
2024-08-08T21:21:25.469Z - INFO: Navigated to: https://www.acgov.org/ptax_pub_app/UnsecuredSearchInit.do?showUnsecuredFromLookup=true
2024-08-08T21:21:26.946Z - INFO: PDF saved: O:\Clients\United Surgical Partners International\Properties\149824\PP\2024\Scanned Documents\149824 - Tax Bill (2024) - Alameda County - Unsecured - 02-330119-00-002-21-00-00 Auto.pdf
2024-08-08T21:21:27.039Z - INFO: INSERT INTO tso.Document WITH AUTO NAME SELECT 813761 as BillID, 75 as Type, 'Tax Bill - Alameda County - Unsecured - 02-330119-00-002-21-00-00' as Name, 'O:\Clients\United Surgical Partners International\Properties\149824\PP\2024\Scanned Documents\149824 - Tax Bill (2024) - Alameda County - Unsecured - 02-330119-00-002-21-00-00 Auto.pdf' as DocumentName, 1 as FileExists, 'L' as BillMethod;
2024-08-08T21:21:27.079Z - INFO: Successfully inserted data to database.
2024-08-08T21:21:27.079Z - INFO: ---------------------------
2024-08-08T21:21:27.480Z - INFO: Scraping data for Alameda County with account_lookup '02-330119-00-003-21-00-00
2024-08-08T21:21:28.509Z - INFO: Navigated to: https://www.acgov.org/ptax_pub_app/UnsecuredSearchInit.do?showUnsecuredFromLookup=true
2024-08-08T21:21:29.950Z - INFO: PDF saved: O:\Clients\United Surgical Partners International\Properties\149824\PP\2024\Scanned Documents\149824 - Tax Bill (2024) - Alameda County - Unsecured - 02-330119-00-003-21-00-00 Auto.pdf
2024-08-08T21:21:30.028Z - INFO: INSERT INTO tso.Document WITH AUTO NAME SELECT 813762 as BillID, 75 as Type, 'Tax Bill - Alameda County - Unsecured - 02-330119-00-003-21-00-00' as Name, 'O:\Clients\United Surgical Partners International\Properties\149824\PP\2024\Scanned Documents\149824 - Tax Bill (2024) - Alameda County - Unsecured - 02-330119-00-003-21-00-00 Auto.pdf' as DocumentName, 1 as FileExists, 'L' as BillMethod;
2024-08-08T21:21:30.049Z - INFO: Successfully inserted data to database.
2024-08-08T21:21:30.049Z - INFO: ---------------------------
2024-08-08T21:21:30.434Z - INFO: Scraping data for Alameda County with account_lookup '02-330119-00-004-21-00-00
2024-08-08T21:21:31.518Z - INFO: Navigated to: https://www.acgov.org/ptax_pub_app/UnsecuredSearchInit.do?showUnsecuredFromLookup=true
2024-08-08T21:21:32.947Z - INFO: PDF saved: O:\Clients\United Surgical Partners International\Properties\149824\PP\2024\Scanned Documents\149824 - Tax Bill (2024) - Alameda County - Unsecured - 02-330119-00-004-21-00-00 Auto.pdf
2024-08-08T21:21:33.046Z - INFO: INSERT INTO tso.Document WITH AUTO NAME SELECT 813763 as BillID, 75 as Type, 'Tax Bill - Alameda County - Unsecured - 02-330119-00-004-21-00-00' as Name, 'O:\Clients\United Surgical Partners International\Properties\149824\PP\2024\Scanned Documents\149824 - Tax Bill (2024) - Alameda County - Unsecured - 02-330119-00-004-21-00-00 Auto.pdf' as DocumentName, 1 as FileExists, 'L' as BillMethod;
2024-08-08T21:21:33.073Z - INFO: Successfully inserted data to database.
2024-08-08T21:21:33.073Z - INFO: ---------------------------
2024-08-08T21:21:33.445Z - INFO: Scraping data for Alameda County with account_lookup '02-330119-00-003-21-19-00
2024-08-08T21:21:34.480Z - INFO: Navigated to: https://www.acgov.org/ptax_pub_app/UnsecuredSearchInit.do?showUnsecuredFromLookup=true
2024-08-08T21:21:35.887Z - INFO: PDF saved: O:\Clients\United Surgical Partners International\Properties\149824\PP\2024\Scanned Documents\149824 - Tax Bill (2024) - Alameda County - Unsecured - 02-330119-00-003-21-19-00 Auto.pdf
2024-08-08T21:21:36.490Z - INFO: INSERT INTO tso.Document WITH AUTO NAME SELECT 813764 as BillID, 75 as Type, 'Tax Bill - Alameda County - Unsecured - 02-330119-00-003-21-19-00' as Name, 'O:\Clients\United Surgical Partners International\Properties\149824\PP\2024\Scanned Documents\149824 - Tax Bill (2024) - Alameda County - Unsecured - 02-330119-00-003-21-19-00 Auto.pdf' as DocumentName, 1 as FileExists, 'L' as BillMethod;
2024-08-08T21:21:36.555Z - INFO: Successfully inserted data to database.
2024-08-08T21:21:36.555Z - INFO: ---------------------------
2024-08-08T21:21:36.952Z - INFO: Scraping data for Alameda County with account_lookup '02-330119-00-005-22-00-00
2024-08-08T21:21:38.011Z - INFO: Navigated to: https://www.acgov.org/ptax_pub_app/UnsecuredSearchInit.do?showUnsecuredFromLookup=true
2024-08-08T21:21:39.472Z - INFO: PDF saved: O:\Clients\United Surgical Partners International\Properties\149824\PP\2024\Scanned Documents\149824 - Tax Bill (2024) - Alameda County - Unsecured - 02-330119-00-005-22-00-00 Auto.pdf
2024-08-08T21:21:39.552Z - INFO: INSERT INTO tso.Document WITH AUTO NAME SELECT 813765 as BillID, 75 as Type, 'Tax Bill - Alameda County - Unsecured - 02-330119-00-005-22-00-00' as Name, 'O:\Clients\United Surgical Partners International\Properties\149824\PP\2024\Scanned Documents\149824 - Tax Bill (2024) - Alameda County - Unsecured - 02-330119-00-005-22-00-00 Auto.pdf' as DocumentName, 1 as FileExists, 'L' as BillMethod;
2024-08-08T21:21:39.579Z - INFO: Successfully inserted data to database.
2024-08-08T21:21:39.579Z - INFO: ---------------------------
2024-08-08T21:21:39.974Z - INFO: Scraping data for Alameda County with account_lookup '02-33808-00-120-15-00-00
2024-08-08T21:21:39.975Z - ERROR: Bad Account Lookup 023380800120150000
2024-08-08T21:21:40.054Z - INFO: ---------------------------
2024-08-08T21:21:40.456Z - INFO: Scraping data for Alameda County with account_lookup '00-359462-00-002-21-00-00
2024-08-08T21:21:41.480Z - INFO: Navigated to: https://www.acgov.org/ptax_pub_app/UnsecuredSearchInit.do?showUnsecuredFromLookup=true
2024-08-08T21:21:42.907Z - INFO: PDF saved: O:\Clients\United Surgical Partners International\Properties\168544\PP\2024\Scanned Documents\168544 - Tax Bill (2024) - Alameda County - Unsecured - 00-359462-00-002-23-00-00 Auto.pdf
2024-08-08T21:21:43.530Z - INFO: INSERT INTO tso.Document WITH AUTO NAME SELECT 813781 as BillID, 75 as Type, 'Tax Bill - Alameda County - Unsecured - 00-359462-00-002-23-00-00' as Name, 'O:\Clients\United Surgical Partners International\Properties\168544\PP\2024\Scanned Documents\168544 - Tax Bill (2024) - Alameda County - Unsecured - 00-359462-00-002-23-00-00 Auto.pdf' as DocumentName, 1 as FileExists, 'L' as BillMethod;
2024-08-08T21:21:43.561Z - INFO: Successfully inserted data to database.
2024-08-08T21:21:43.561Z - INFO: ---------------------------
2024-08-08T21:21:43.970Z - INFO: Scraping data for Alameda County with account_lookup '00-005763-00-021-21-00-00
2024-08-08T21:21:45.001Z - INFO: Navigated to: https://www.acgov.org/ptax_pub_app/UnsecuredSearchInit.do?showUnsecuredFromLookup=true
2024-08-08T21:21:45.362Z - ERROR: No Bills Found. Please check your account number. 0000576300021210000
2024-08-08T21:21:45.442Z - INFO: ---------------------------
2024-08-08T21:21:45.826Z - INFO: Scraping data for Alameda County with account_lookup '366137-1
2024-08-08T21:21:45.827Z - ERROR: Bad Account Lookup 3661371
2024-08-08T21:21:45.910Z - INFO: ---------------------------
2024-08-08T21:21:46.296Z - INFO: Scraping data for Alameda County with account_lookup '00-367971-00-002-21-00-00
2024-08-08T21:21:47.318Z - INFO: Navigated to: https://www.acgov.org/ptax_pub_app/UnsecuredSearchInit.do?showUnsecuredFromLookup=true
2024-08-08T21:21:48.816Z - INFO: PDF saved: O:\Clients\Covenant Surgical Partners\Properties\256226\PP\2024\Scanned Documents\256226 - Tax Bill (2024) - Alameda County - Unsecured - 00-367971-00-002-23-00-00 Auto.pdf
2024-08-08T21:21:48.895Z - INFO: INSERT INTO tso.Document WITH AUTO NAME SELECT 819164 as BillID, 75 as Type, 'Tax Bill - Alameda County - Unsecured - 00-367971-00-002-23-00-00' as Name, 'O:\Clients\Covenant Surgical Partners\Properties\256226\PP\2024\Scanned Documents\256226 - Tax Bill (2024) - Alameda County - Unsecured - 00-367971-00-002-23-00-00 Auto.pdf' as DocumentName, 1 as FileExists, 'L' as BillMethod;
2024-08-08T21:21:48.924Z - INFO: Successfully inserted data to database.
2024-08-08T21:21:48.925Z - INFO: ---------------------------
2024-08-08T21:21:49.326Z - INFO: Scraping data for Alameda County with account_lookup '00-389506-00-001-23-00-00
2024-08-08T21:21:50.355Z - INFO: Navigated to: https://www.acgov.org/ptax_pub_app/UnsecuredSearchInit.do?showUnsecuredFromLookup=true
2024-08-08T21:21:51.800Z - INFO: PDF saved: O:\Clients\DaVita Inc and related subsidiaries\Properties\339352\PP\2024\Scanned Documents\339352 - Tax Bill (2024) - Alameda County - Unsecured - 00-389506-00-001-23-00-00 Auto.pdf
2024-08-08T21:21:51.880Z - INFO: INSERT INTO tso.Document WITH AUTO NAME SELECT 819327 as BillID, 75 as Type, 'Tax Bill - Alameda County - Unsecured - 00-389506-00-001-23-00-00' as Name, 'O:\Clients\DaVita Inc and related subsidiaries\Properties\339352\PP\2024\Scanned Documents\339352 - Tax Bill (2024) - Alameda County - Unsecured - 00-389506-00-001-23-00-00 Auto.pdf' as DocumentName, 1 as FileExists, 'L' as BillMethod;
2024-08-08T21:21:51.914Z - INFO: Successfully inserted data to database.
2024-08-08T21:21:51.914Z - INFO: ---------------------------
2024-08-08T21:21:52.291Z - INFO: Scraping data for Alameda County with account_lookup '00-005763-00-016-21-00-00
2024-08-08T21:21:53.475Z - INFO: Navigated to: https://www.acgov.org/ptax_pub_app/UnsecuredSearchInit.do?showUnsecuredFromLookup=true
2024-08-08T21:21:55.022Z - INFO: PDF saved: O:\Clients\DaVita Inc and related subsidiaries\Properties\38129\PP\2024\Scanned Documents\38129 - Tax Bill (2024) - Alameda County - Unsecured - 00-005763-00-016-23-00-00 Auto.pdf
2024-08-08T21:21:55.101Z - INFO: INSERT INTO tso.Document WITH AUTO NAME SELECT 820489 as BillID, 75 as Type, 'Tax Bill - Alameda County - Unsecured - 00-005763-00-016-23-00-00' as Name, 'O:\Clients\DaVita Inc and related subsidiaries\Properties\38129\PP\2024\Scanned Documents\38129 - Tax Bill (2024) - Alameda County - Unsecured - 00-005763-00-016-23-00-00 Auto.pdf' as DocumentName, 1 as FileExists, 'L' as BillMethod;
2024-08-08T21:21:55.127Z - INFO: Successfully inserted data to database.
2024-08-08T21:21:55.127Z - INFO: ---------------------------
2024-08-08T21:21:55.506Z - INFO: Scraping data for Alameda County with account_lookup '00-005763-00-014-21-00-00
2024-08-08T21:21:56.529Z - INFO: Navigated to: https://www.acgov.org/ptax_pub_app/UnsecuredSearchInit.do?showUnsecuredFromLookup=true
2024-08-08T21:21:58.036Z - INFO: PDF saved: O:\Clients\DaVita Inc and related subsidiaries\Properties\113544\PP\2024\Scanned Documents\113544 - Tax Bill (2024) - Alameda County - Unsecured - 00-005763-00-014-23-00-00 Auto.pdf
2024-08-08T21:21:58.116Z - INFO: INSERT INTO tso.Document WITH AUTO NAME SELECT 819699 as BillID, 75 as Type, 'Tax Bill - Alameda County - Unsecured - 00-005763-00-014-23-00-00' as Name, 'O:\Clients\DaVita Inc and related subsidiaries\Properties\113544\PP\2024\Scanned Documents\113544 - Tax Bill (2024) - Alameda County - Unsecured - 00-005763-00-014-23-00-00 Auto.pdf' as DocumentName, 1 as FileExists, 'L' as BillMethod;
2024-08-08T21:21:58.142Z - INFO: Successfully inserted data to database.
2024-08-08T21:21:58.142Z - INFO: ---------------------------
2024-08-08T21:21:58.552Z - INFO: Scraping data for Alameda County with account_lookup '00-005763-00-014-21-00-00
2024-08-08T21:21:59.597Z - INFO: Navigated to: https://www.acgov.org/ptax_pub_app/UnsecuredSearchInit.do?showUnsecuredFromLookup=true
2024-08-08T21:22:01.040Z - INFO: PDF saved: O:\Clients\DaVita Inc and related subsidiaries\Properties\207076\PP\2024\Scanned Documents\207076 - Tax Bill (2024) - Alameda County - Unsecured - 00-005763-00-014-23-00-00 Auto.pdf
2024-08-08T21:22:01.121Z - INFO: INSERT INTO tso.Document WITH AUTO NAME SELECT 819957 as BillID, 75 as Type, 'Tax Bill - Alameda County - Unsecured - 00-005763-00-014-23-00-00' as Name, 'O:\Clients\DaVita Inc and related subsidiaries\Properties\207076\PP\2024\Scanned Documents\207076 - Tax Bill (2024) - Alameda County - Unsecured - 00-005763-00-014-23-00-00 Auto.pdf' as DocumentName, 1 as FileExists, 'L' as BillMethod;
2024-08-08T21:22:01.151Z - INFO: Successfully inserted data to database.
2024-08-08T21:22:01.151Z - INFO: ---------------------------
2024-08-08T21:22:01.546Z - INFO: Scraping data for Alameda County with account_lookup '00-005763-00-016-21-00-00
2024-08-08T21:22:02.565Z - INFO: Navigated to: https://www.acgov.org/ptax_pub_app/UnsecuredSearchInit.do?showUnsecuredFromLookup=true
2024-08-08T21:22:04.020Z - INFO: PDF saved: O:\Clients\DaVita Inc and related subsidiaries\Properties\47891\PP\2024\Scanned Documents\47891 - Tax Bill (2024) - Alameda County - Unsecured - 00-005763-00-016-23-00-00 Auto.pdf
2024-08-08T21:22:04.100Z - INFO: INSERT INTO tso.Document WITH AUTO NAME SELECT 820350 as BillID, 75 as Type, 'Tax Bill - Alameda County - Unsecured - 00-005763-00-016-23-00-00' as Name, 'O:\Clients\DaVita Inc and related subsidiaries\Properties\47891\PP\2024\Scanned Documents\47891 - Tax Bill (2024) - Alameda County - Unsecured - 00-005763-00-016-23-00-00 Auto.pdf' as DocumentName, 1 as FileExists, 'L' as BillMethod;
2024-08-08T21:22:04.128Z - INFO: Successfully inserted data to database.
2024-08-08T21:22:04.129Z - INFO: ---------------------------
2024-08-08T21:22:04.495Z - INFO: Scraping data for Alameda County with account_lookup '00-353789-00-000-21-00-00
2024-08-08T21:22:05.527Z - INFO: Navigated to: https://www.acgov.org/ptax_pub_app/UnsecuredSearchInit.do?showUnsecuredFromLookup=true
2024-08-08T21:22:06.965Z - INFO: PDF saved: O:\Clients\DaVita Inc and related subsidiaries\Properties\148156\PP\2024\Scanned Documents\148156 - Tax Bill (2024) - Alameda County - Unsecured - 00-353789-00-000-23-00-00 Auto.pdf
2024-08-08T21:22:07.043Z - INFO: INSERT INTO tso.Document WITH AUTO NAME SELECT 820713 as BillID, 75 as Type, 'Tax Bill - Alameda County - Unsecured - 00-353789-00-000-23-00-00' as Name, 'O:\Clients\DaVita Inc and related subsidiaries\Properties\148156\PP\2024\Scanned Documents\148156 - Tax Bill (2024) - Alameda County - Unsecured - 00-353789-00-000-23-00-00 Auto.pdf' as DocumentName, 1 as FileExists, 'L' as BillMethod;
2024-08-08T21:22:07.072Z - INFO: Successfully inserted data to database.
2024-08-08T21:22:07.072Z - INFO: ---------------------------
2024-08-08T21:22:07.471Z - INFO: Scraping data for Alameda County with account_lookup '00-005763-00-016-21-00-00
2024-08-08T21:22:08.476Z - INFO: Navigated to: https://www.acgov.org/ptax_pub_app/UnsecuredSearchInit.do?showUnsecuredFromLookup=true
2024-08-08T21:22:09.937Z - INFO: PDF saved: O:\Clients\DaVita Inc and related subsidiaries\Properties\38299\PP\2024\Scanned Documents\38299 - Tax Bill (2024) - Alameda County - Unsecured - 00-005763-00-016-23-00-00 Auto.pdf
2024-08-08T21:22:10.021Z - INFO: INSERT INTO tso.Document WITH AUTO NAME SELECT 820831 as BillID, 75 as Type, 'Tax Bill - Alameda County - Unsecured - 00-005763-00-016-23-00-00' as Name, 'O:\Clients\DaVita Inc and related subsidiaries\Properties\38299\PP\2024\Scanned Documents\38299 - Tax Bill (2024) - Alameda County - Unsecured - 00-005763-00-016-23-00-00 Auto.pdf' as DocumentName, 1 as FileExists, 'L' as BillMethod;
2024-08-08T21:22:10.048Z - INFO: Successfully inserted data to database.
2024-08-08T21:22:10.049Z - INFO: ---------------------------
2024-08-08T21:22:10.441Z - INFO: Scraping data for Alameda County with account_lookup '00-013252-00-004-21-00-00
2024-08-08T21:22:11.464Z - INFO: Navigated to: https://www.acgov.org/ptax_pub_app/UnsecuredSearchInit.do?showUnsecuredFromLookup=true
2024-08-08T21:22:12.943Z - INFO: PDF saved: O:\Clients\DaVita Inc and related subsidiaries\Properties\38391\PP\2024\Scanned Documents\38391 - Tax Bill (2024) - Alameda County - Unsecured - 00-013252-00-004-23-00-00 Auto.pdf
2024-08-08T21:22:13.023Z - INFO: INSERT INTO tso.Document WITH AUTO NAME SELECT 820863 as BillID, 75 as Type, 'Tax Bill - Alameda County - Unsecured - 00-013252-00-004-23-00-00' as Name, 'O:\Clients\DaVita Inc and related subsidiaries\Properties\38391\PP\2024\Scanned Documents\38391 - Tax Bill (2024) - Alameda County - Unsecured - 00-013252-00-004-23-00-00 Auto.pdf' as DocumentName, 1 as FileExists, 'L' as BillMethod;
2024-08-08T21:22:13.049Z - INFO: Successfully inserted data to database.
2024-08-08T21:22:13.049Z - INFO: ---------------------------
2024-08-08T21:22:13.417Z - INFO: Scraping data for Alameda County with account_lookup '00-013252-00-000-21-00-00
2024-08-08T21:22:15.792Z - INFO: Navigated to: https://www.acgov.org/ptax_pub_app/UnsecuredSearchInit.do?showUnsecuredFromLookup=true
2024-08-08T21:22:18.043Z - INFO: PDF saved: O:\Clients\DaVita Inc and related subsidiaries\Properties\14832\PP\2024\Scanned Documents\14832 - Tax Bill (2024) - Alameda County - Unsecured - 00-013252-00-000-23-00-00 Auto.pdf
2024-08-08T21:22:18.382Z - INFO: INSERT INTO tso.Document WITH AUTO NAME SELECT 821097 as BillID, 75 as Type, 'Tax Bill - Alameda County - Unsecured - 00-013252-00-000-23-00-00' as Name, 'O:\Clients\DaVita Inc and related subsidiaries\Properties\14832\PP\2024\Scanned Documents\14832 - Tax Bill (2024) - Alameda County - Unsecured - 00-013252-00-000-23-00-00 Auto.pdf' as DocumentName, 1 as FileExists, 'L' as BillMethod;
2024-08-08T21:22:18.423Z - INFO: Successfully inserted data to database.
2024-08-08T21:22:18.424Z - INFO: ---------------------------
2024-08-08T21:22:19.153Z - INFO: Scraping data for Alameda County with account_lookup '00-005763-00-016-21-00-00
2024-08-08T21:22:20.228Z - INFO: Navigated to: https://www.acgov.org/ptax_pub_app/UnsecuredSearchInit.do?showUnsecuredFromLookup=true
2024-08-08T21:22:21.832Z - INFO: PDF saved: O:\Clients\DaVita Inc and related subsidiaries\Properties\148135\PP\2024\Scanned Documents\148135 - Tax Bill (2024) - Alameda County - Unsecured - 00-005763-00-016-23-00-00 Auto.pdf
2024-08-08T21:22:21.935Z - INFO: INSERT INTO tso.Document WITH AUTO NAME SELECT 821178 as BillID, 75 as Type, 'Tax Bill - Alameda County - Unsecured - 00-005763-00-016-23-00-00' as Name, 'O:\Clients\DaVita Inc and related subsidiaries\Properties\148135\PP\2024\Scanned Documents\148135 - Tax Bill (2024) - Alameda County - Unsecured - 00-005763-00-016-23-00-00 Auto.pdf' as DocumentName, 1 as FileExists, 'L' as BillMethod;
2024-08-08T21:22:21.961Z - INFO: Successfully inserted data to database.
2024-08-08T21:22:21.961Z - INFO: ---------------------------
2024-08-08T21:22:22.431Z - INFO: Scraping data for Alameda County with account_lookup '00-013252-00-002-21-00-00
2024-08-08T21:22:23.505Z - INFO: Navigated to: https://www.acgov.org/ptax_pub_app/UnsecuredSearchInit.do?showUnsecuredFromLookup=true
2024-08-08T21:22:24.995Z - INFO: PDF saved: O:\Clients\DaVita Inc and related subsidiaries\Properties\14894\PP\2024\Scanned Documents\14894 - Tax Bill (2024) - Alameda County - Unsecured - 00-013252-00-002-23-00-00 Auto.pdf
2024-08-08T21:22:25.082Z - INFO: INSERT INTO tso.Document WITH AUTO NAME SELECT 821317 as BillID, 75 as Type, 'Tax Bill - Alameda County - Unsecured - 00-013252-00-002-23-00-00' as Name, 'O:\Clients\DaVita Inc and related subsidiaries\Properties\14894\PP\2024\Scanned Documents\14894 - Tax Bill (2024) - Alameda County - Unsecured - 00-013252-00-002-23-00-00 Auto.pdf' as DocumentName, 1 as FileExists, 'L' as BillMethod;
2024-08-08T21:22:25.105Z - INFO: Successfully inserted data to database.
2024-08-08T21:22:25.105Z - INFO: ---------------------------
2024-08-08T21:22:25.544Z - INFO: Scraping data for Alameda County with account_lookup '00-013252-00-003-21-00-00
2024-08-08T21:22:26.528Z - INFO: Navigated to: https://www.acgov.org/ptax_pub_app/UnsecuredSearchInit.do?showUnsecuredFromLookup=true
2024-08-08T21:22:28.006Z - INFO: PDF saved: O:\Clients\DaVita Inc and related subsidiaries\Properties\14895\PP\2024\Scanned Documents\14895 - Tax Bill (2024) - Alameda County - Unsecured - 00-013252-00-003-23-00-00 Auto.pdf
2024-08-08T21:22:28.090Z - INFO: INSERT INTO tso.Document WITH AUTO NAME SELECT 821318 as BillID, 75 as Type, 'Tax Bill - Alameda County - Unsecured - 00-013252-00-003-23-00-00' as Name, 'O:\Clients\DaVita Inc and related subsidiaries\Properties\14895\PP\2024\Scanned Documents\14895 - Tax Bill (2024) - Alameda County - Unsecured - 00-013252-00-003-23-00-00 Auto.pdf' as DocumentName, 1 as FileExists, 'L' as BillMethod;
2024-08-08T21:22:28.112Z - INFO: Successfully inserted data to database.
2024-08-08T21:22:28.113Z - INFO: ---------------------------
2024-08-08T21:22:28.592Z - INFO: Scraping data for Alameda County with account_lookup '00-323003-00-000-21-00-00
2024-08-08T21:22:30.062Z - INFO: Navigated to: https://www.acgov.org/ptax_pub_app/UnsecuredSearchInit.do?showUnsecuredFromLookup=true
2024-08-08T21:22:32.025Z - INFO: PDF saved: O:\Clients\DaVita Inc and related subsidiaries\Properties\47884\PP\2024\Scanned Documents\47884 - Tax Bill (2024) - Alameda County - Unsecured - 00-323003-00-000-23-00-00 Auto.pdf
2024-08-08T21:22:32.116Z - INFO: INSERT INTO tso.Document WITH AUTO NAME SELECT 822488 as BillID, 75 as Type, 'Tax Bill - Alameda County - Unsecured - 00-323003-00-000-23-00-00' as Name, 'O:\Clients\DaVita Inc and related subsidiaries\Properties\47884\PP\2024\Scanned Documents\47884 - Tax Bill (2024) - Alameda County - Unsecured - 00-323003-00-000-23-00-00 Auto.pdf' as DocumentName, 1 as FileExists, 'L' as BillMethod;
2024-08-08T21:22:32.139Z - INFO: Successfully inserted data to database.
2024-08-08T21:22:32.140Z - INFO: ---------------------------
2024-08-08T21:22:32.705Z - INFO: Scraping data for Alameda County with account_lookup '00-005763-00-006-21-00-00
2024-08-08T21:22:33.738Z - INFO: Navigated to: https://www.acgov.org/ptax_pub_app/UnsecuredSearchInit.do?showUnsecuredFromLookup=true
2024-08-08T21:22:35.226Z - INFO: PDF saved: O:\Clients\DaVita Inc and related subsidiaries\Properties\38121\PP\2024\Scanned Documents\38121 - Tax Bill (2024) - Alameda County - Unsecured - 00-005763-00-006-23-00-00 Auto.pdf
2024-08-08T21:22:35.308Z - INFO: INSERT INTO tso.Document WITH AUTO NAME SELECT 822007 as BillID, 75 as Type, 'Tax Bill - Alameda County - Unsecured - 00-005763-00-006-23-00-00' as Name, 'O:\Clients\DaVita Inc and related subsidiaries\Properties\38121\PP\2024\Scanned Documents\38121 - Tax Bill (2024) - Alameda County - Unsecured - 00-005763-00-006-23-00-00 Auto.pdf' as DocumentName, 1 as FileExists, 'L' as BillMethod;
2024-08-08T21:22:35.337Z - INFO: Successfully inserted data to database.
2024-08-08T21:22:35.337Z - INFO: ---------------------------
2024-08-08T21:22:35.708Z - INFO: Scraping data for Alameda County with account_lookup '00-005763-00-013-21-00-00
2024-08-08T21:22:36.750Z - INFO: Navigated to: https://www.acgov.org/ptax_pub_app/UnsecuredSearchInit.do?showUnsecuredFromLookup=true
2024-08-08T21:22:38.201Z - INFO: PDF saved: O:\Clients\DaVita Inc and related subsidiaries\Properties\38123\PP\2024\Scanned Documents\38123 - Tax Bill (2024) - Alameda County - Unsecured - 00-005763-00-013-23-00-00 Auto.pdf
2024-08-08T21:22:38.286Z - INFO: INSERT INTO tso.Document WITH AUTO NAME SELECT 822008 as BillID, 75 as Type, 'Tax Bill - Alameda County - Unsecured - 00-005763-00-013-23-00-00' as Name, 'O:\Clients\DaVita Inc and related subsidiaries\Properties\38123\PP\2024\Scanned Documents\38123 - Tax Bill (2024) - Alameda County - Unsecured - 00-005763-00-013-23-00-00 Auto.pdf' as DocumentName, 1 as FileExists, 'L' as BillMethod;
2024-08-08T21:22:38.310Z - INFO: Successfully inserted data to database.
2024-08-08T21:22:38.310Z - INFO: ---------------------------
2024-08-08T21:22:38.711Z - INFO: Scraping data for Alameda County with account_lookup '00-005763-00-005-21-00-00
2024-08-08T21:22:39.728Z - INFO: Navigated to: https://www.acgov.org/ptax_pub_app/UnsecuredSearchInit.do?showUnsecuredFromLookup=true
2024-08-08T21:22:41.176Z - INFO: PDF saved: O:\Clients\DaVita Inc and related subsidiaries\Properties\38125\PP\2024\Scanned Documents\38125 - Tax Bill (2024) - Alameda County - Unsecured - 00-005763-00-005-23-00-00 Auto.pdf
2024-08-08T21:22:41.795Z - INFO: INSERT INTO tso.Document WITH AUTO NAME SELECT 822009 as BillID, 75 as Type, 'Tax Bill - Alameda County - Unsecured - 00-005763-00-005-23-00-00' as Name, 'O:\Clients\DaVita Inc and related subsidiaries\Properties\38125\PP\2024\Scanned Documents\38125 - Tax Bill (2024) - Alameda County - Unsecured - 00-005763-00-005-23-00-00 Auto.pdf' as DocumentName, 1 as FileExists, 'L' as BillMethod;
2024-08-08T21:22:41.824Z - INFO: Successfully inserted data to database.
2024-08-08T21:22:41.824Z - INFO: ---------------------------
2024-08-08T21:22:42.208Z - INFO: Scraping data for Alameda County with account_lookup '00-005763-00-002-21-00-00
2024-08-08T21:22:43.286Z - INFO: Navigated to: https://www.acgov.org/ptax_pub_app/UnsecuredSearchInit.do?showUnsecuredFromLookup=true
2024-08-08T21:22:44.771Z - INFO: PDF saved: O:\Clients\DaVita Inc and related subsidiaries\Properties\38127\PP\2024\Scanned Documents\38127 - Tax Bill (2024) - Alameda County - Unsecured - 00-005763-00-002-23-00-00 Auto.pdf
2024-08-08T21:22:44.856Z - INFO: INSERT INTO tso.Document WITH AUTO NAME SELECT 822010 as BillID, 75 as Type, 'Tax Bill - Alameda County - Unsecured - 00-005763-00-002-23-00-00' as Name, 'O:\Clients\DaVita Inc and related subsidiaries\Properties\38127\PP\2024\Scanned Documents\38127 - Tax Bill (2024) - Alameda County - Unsecured - 00-005763-00-002-23-00-00 Auto.pdf' as DocumentName, 1 as FileExists, 'L' as BillMethod;
2024-08-08T21:22:44.881Z - INFO: Successfully inserted data to database.
2024-08-08T21:22:44.881Z - INFO: ---------------------------
2024-08-08T21:22:45.283Z - INFO: Scraping data for Alameda County with account_lookup '00-005763-00-012-21-00-00
2024-08-08T21:22:46.373Z - INFO: Navigated to: https://www.acgov.org/ptax_pub_app/UnsecuredSearchInit.do?showUnsecuredFromLookup=true
2024-08-08T21:22:47.857Z - INFO: PDF saved: O:\Clients\DaVita Inc and related subsidiaries\Properties\38131\PP\2024\Scanned Documents\38131 - Tax Bill (2024) - Alameda County - Unsecured - 00-005763-00-012-23-00-00 Auto.pdf
2024-08-08T21:22:47.947Z - INFO: INSERT INTO tso.Document WITH AUTO NAME SELECT 822011 as BillID, 75 as Type, 'Tax Bill - Alameda County - Unsecured - 00-005763-00-012-23-00-00' as Name, 'O:\Clients\DaVita Inc and related subsidiaries\Properties\38131\PP\2024\Scanned Documents\38131 - Tax Bill (2024) - Alameda County - Unsecured - 00-005763-00-012-23-00-00 Auto.pdf' as DocumentName, 1 as FileExists, 'L' as BillMethod;
2024-08-08T21:22:47.973Z - INFO: Successfully inserted data to database.
2024-08-08T21:22:47.974Z - INFO: ---------------------------
2024-08-08T21:22:48.331Z - INFO: Scraping data for Alameda County with account_lookup '00-005763-00-016-21-00-00
2024-08-08T21:22:49.339Z - INFO: Navigated to: https://www.acgov.org/ptax_pub_app/UnsecuredSearchInit.do?showUnsecuredFromLookup=true
2024-08-08T21:22:50.769Z - INFO: PDF saved: O:\Clients\DaVita Inc and related subsidiaries\Properties\38141\PP\2024\Scanned Documents\38141 - Tax Bill (2024) - Alameda County - Unsecured - 00-005763-00-016-23-00-00 Auto.pdf
2024-08-08T21:22:50.847Z - INFO: INSERT INTO tso.Document WITH AUTO NAME SELECT 822060 as BillID, 75 as Type, 'Tax Bill - Alameda County - Unsecured - 00-005763-00-016-23-00-00' as Name, 'O:\Clients\DaVita Inc and related subsidiaries\Properties\38141\PP\2024\Scanned Documents\38141 - Tax Bill (2024) - Alameda County - Unsecured - 00-005763-00-016-23-00-00 Auto.pdf' as DocumentName, 1 as FileExists, 'L' as BillMethod;
2024-08-08T21:22:50.875Z - INFO: Successfully inserted data to database.
2024-08-08T21:22:50.875Z - INFO: ---------------------------
2024-08-08T21:22:51.204Z - INFO: Scraping data for Alameda County with account_lookup '00-005763-00-014-21-00-00
2024-08-08T21:22:52.234Z - INFO: Navigated to: https://www.acgov.org/ptax_pub_app/UnsecuredSearchInit.do?showUnsecuredFromLookup=true
2024-08-08T21:22:53.806Z - INFO: PDF saved: O:\Clients\DaVita Inc and related subsidiaries\Properties\84522\PP\2024\Scanned Documents\84522 - Tax Bill (2024) - Alameda County - Unsecured - 00-005763-00-014-23-00-00 Auto.pdf
2024-08-08T21:22:54.414Z - INFO: INSERT INTO tso.Document WITH AUTO NAME SELECT 822149 as BillID, 75 as Type, 'Tax Bill - Alameda County - Unsecured - 00-005763-00-014-23-00-00' as Name, 'O:\Clients\DaVita Inc and related subsidiaries\Properties\84522\PP\2024\Scanned Documents\84522 - Tax Bill (2024) - Alameda County - Unsecured - 00-005763-00-014-23-00-00 Auto.pdf' as DocumentName, 1 as FileExists, 'L' as BillMethod;
2024-08-08T21:22:54.441Z - INFO: Successfully inserted data to database.
2024-08-08T21:22:54.441Z - INFO: ---------------------------
2024-08-08T21:22:54.790Z - INFO: Scraping data for Alameda County with account_lookup '00-005763-00-015-21-00-00
2024-08-08T21:22:55.884Z - INFO: Navigated to: https://www.acgov.org/ptax_pub_app/UnsecuredSearchInit.do?showUnsecuredFromLookup=true
2024-08-08T21:22:57.385Z - INFO: PDF saved: O:\Clients\DaVita Inc and related subsidiaries\Properties\84512\PP\2024\Scanned Documents\84512 - Tax Bill (2024) - Alameda County - Unsecured - 00-005763-00-015-23-00-00 Auto.pdf
2024-08-08T21:22:57.465Z - INFO: INSERT INTO tso.Document WITH AUTO NAME SELECT 822187 as BillID, 75 as Type, 'Tax Bill - Alameda County - Unsecured - 00-005763-00-015-23-00-00' as Name, 'O:\Clients\DaVita Inc and related subsidiaries\Properties\84512\PP\2024\Scanned Documents\84512 - Tax Bill (2024) - Alameda County - Unsecured - 00-005763-00-015-23-00-00 Auto.pdf' as DocumentName, 1 as FileExists, 'L' as BillMethod;
2024-08-08T21:22:57.490Z - INFO: Successfully inserted data to database.
2024-08-08T21:22:57.490Z - INFO: ---------------------------
2024-08-08T21:22:57.859Z - INFO: Scraping data for Alameda County with account_lookup '00-329594-00-000-21-00-00
2024-08-08T21:22:58.871Z - INFO: Navigated to: https://www.acgov.org/ptax_pub_app/UnsecuredSearchInit.do?showUnsecuredFromLookup=true
2024-08-08T21:23:00.292Z - INFO: PDF saved: O:\Clients\DaVita Inc and related subsidiaries\Properties\84517\PP\2024\Scanned Documents\84517 - Tax Bill (2024) - Alameda County - Unsecured - 00-329594-00-000-23-00-00 Auto.pdf
2024-08-08T21:23:00.376Z - INFO: INSERT INTO tso.Document WITH AUTO NAME SELECT 822192 as BillID, 75 as Type, 'Tax Bill - Alameda County - Unsecured - 00-329594-00-000-23-00-00' as Name, 'O:\Clients\DaVita Inc and related subsidiaries\Properties\84517\PP\2024\Scanned Documents\84517 - Tax Bill (2024) - Alameda County - Unsecured - 00-329594-00-000-23-00-00 Auto.pdf' as DocumentName, 1 as FileExists, 'L' as BillMethod;
2024-08-08T21:23:00.405Z - INFO: Successfully inserted data to database.
2024-08-08T21:23:00.405Z - INFO: ---------------------------
2024-08-08T21:23:00.765Z - INFO: Scraping data for Alameda County with account_lookup '00-005763-00-016-21-00-00
2024-08-08T21:23:01.795Z - INFO: Navigated to: https://www.acgov.org/ptax_pub_app/UnsecuredSearchInit.do?showUnsecuredFromLookup=true
2024-08-08T21:23:03.215Z - INFO: PDF saved: O:\Clients\DaVita Inc and related subsidiaries\Properties\129999\PP\2024\Scanned Documents\129999 - Tax Bill (2024) - Alameda County - Unsecured - 00-005763-00-016-23-00-00 Auto.pdf
2024-08-08T21:23:03.295Z - INFO: INSERT INTO tso.Document WITH AUTO NAME SELECT 822315 as BillID, 75 as Type, 'Tax Bill - Alameda County - Unsecured - 00-005763-00-016-23-00-00' as Name, 'O:\Clients\DaVita Inc and related subsidiaries\Properties\129999\PP\2024\Scanned Documents\129999 - Tax Bill (2024) - Alameda County - Unsecured - 00-005763-00-016-23-00-00 Auto.pdf' as DocumentName, 1 as FileExists, 'L' as BillMethod;
2024-08-08T21:23:03.326Z - INFO: Successfully inserted data to database.
2024-08-08T21:23:03.326Z - INFO: ---------------------------
2024-08-08T21:23:03.677Z - INFO: Scraping data for Alameda County with account_lookup '00-389506-00-001-21-00-00
2024-08-08T21:23:04.777Z - INFO: Navigated to: https://www.acgov.org/ptax_pub_app/UnsecuredSearchInit.do?showUnsecuredFromLookup=true
2024-08-08T21:23:06.216Z - INFO: PDF saved: O:\Clients\DaVita Inc and related subsidiaries\Properties\130005\PP\2024\Scanned Documents\130005 - Tax Bill (2024) - Alameda County - Unsecured - 00-389506-00-001-23-00-00 Auto.pdf
2024-08-08T21:23:06.295Z - INFO: INSERT INTO tso.Document WITH AUTO NAME SELECT 822322 as BillID, 75 as Type, 'Tax Bill - Alameda County - Unsecured - 00-389506-00-001-23-00-00' as Name, 'O:\Clients\DaVita Inc and related subsidiaries\Properties\130005\PP\2024\Scanned Documents\130005 - Tax Bill (2024) - Alameda County - Unsecured - 00-389506-00-001-23-00-00 Auto.pdf' as DocumentName, 1 as FileExists, 'L' as BillMethod;
2024-08-08T21:23:06.325Z - INFO: Successfully inserted data to database.
2024-08-08T21:23:06.325Z - INFO: ---------------------------
2024-08-08T21:23:06.694Z - INFO: Scraping data for Alameda County with account_lookup '00-389506-00-001-21-00-00
2024-08-08T21:23:07.741Z - INFO: Navigated to: https://www.acgov.org/ptax_pub_app/UnsecuredSearchInit.do?showUnsecuredFromLookup=true
2024-08-08T21:23:09.170Z - INFO: PDF saved: O:\Clients\DaVita Inc and related subsidiaries\Properties\38181\PP\2024\Scanned Documents\38181 - Tax Bill (2024) - Alameda County - Unsecured - 00-389506-00-001-23-00-00 Auto.pdf
2024-08-08T21:23:09.246Z - INFO: INSERT INTO tso.Document WITH AUTO NAME SELECT 822596 as BillID, 75 as Type, 'Tax Bill - Alameda County - Unsecured - 00-389506-00-001-23-00-00' as Name, 'O:\Clients\DaVita Inc and related subsidiaries\Properties\38181\PP\2024\Scanned Documents\38181 - Tax Bill (2024) - Alameda County - Unsecured - 00-389506-00-001-23-00-00 Auto.pdf' as DocumentName, 1 as FileExists, 'L' as BillMethod;
2024-08-08T21:23:09.271Z - INFO: Successfully inserted data to database.
2024-08-08T21:23:09.271Z - INFO: ---------------------------
2024-08-08T21:23:09.602Z - INFO: Scraping data for Alameda County with account_lookup '00-005763-00-016-21-00-00
2024-08-08T21:23:10.812Z - INFO: Navigated to: https://www.acgov.org/ptax_pub_app/UnsecuredSearchInit.do?showUnsecuredFromLookup=true
2024-08-08T21:23:12.206Z - INFO: PDF saved: O:\Clients\DaVita Inc and related subsidiaries\Properties\38227\PP\2024\Scanned Documents\38227 - Tax Bill (2024) - Alameda County - Unsecured - 00-005763-00-016-23-00-00 Auto.pdf
2024-08-08T21:23:12.286Z - INFO: INSERT INTO tso.Document WITH AUTO NAME SELECT 822615 as BillID, 75 as Type, 'Tax Bill - Alameda County - Unsecured - 00-005763-00-016-23-00-00' as Name, 'O:\Clients\DaVita Inc and related subsidiaries\Properties\38227\PP\2024\Scanned Documents\38227 - Tax Bill (2024) - Alameda County - Unsecured - 00-005763-00-016-23-00-00 Auto.pdf' as DocumentName, 1 as FileExists, 'L' as BillMethod;
2024-08-08T21:23:12.310Z - INFO: Successfully inserted data to database.
2024-08-08T21:23:12.311Z - INFO: ---------------------------
2024-08-08T21:23:12.669Z - INFO: Scraping data for Alameda County with account_lookup '00-005763-00-005-21-00-00
2024-08-08T21:23:13.670Z - INFO: Navigated to: https://www.acgov.org/ptax_pub_app/UnsecuredSearchInit.do?showUnsecuredFromLookup=true
2024-08-08T21:23:15.073Z - INFO: PDF saved: O:\Clients\DaVita Inc and related subsidiaries\Properties\59686\PP\2024\Scanned Documents\59686 - Tax Bill (2024) - Alameda County - Unsecured - 00-005763-00-005-23-00-00 Auto.pdf
2024-08-08T21:23:15.235Z - INFO: INSERT INTO tso.Document WITH AUTO NAME SELECT 822632 as BillID, 75 as Type, 'Tax Bill - Alameda County - Unsecured - 00-005763-00-005-23-00-00' as Name, 'O:\Clients\DaVita Inc and related subsidiaries\Properties\59686\PP\2024\Scanned Documents\59686 - Tax Bill (2024) - Alameda County - Unsecured - 00-005763-00-005-23-00-00 Auto.pdf' as DocumentName, 1 as FileExists, 'L' as BillMethod;
2024-08-08T21:23:15.260Z - INFO: Successfully inserted data to database.
2024-08-08T21:23:15.260Z - INFO: ---------------------------
2024-08-08T21:23:15.623Z - INFO: Scraping data for Alameda County with account_lookup '00-005763-00-014-21-00-00
2024-08-08T21:23:16.642Z - INFO: Navigated to: https://www.acgov.org/ptax_pub_app/UnsecuredSearchInit.do?showUnsecuredFromLookup=true
2024-08-08T21:23:18.051Z - INFO: PDF saved: O:\Clients\DaVita Inc and related subsidiaries\Properties\113327\PP\2024\Scanned Documents\113327 - Tax Bill (2024) - Alameda County - Unsecured - 00-005763-00-014-23-00-00 Auto.pdf
2024-08-08T21:23:18.128Z - INFO: INSERT INTO tso.Document WITH AUTO NAME SELECT 822806 as BillID, 75 as Type, 'Tax Bill - Alameda County - Unsecured - 00-005763-00-014-23-00-00' as Name, 'O:\Clients\DaVita Inc and related subsidiaries\Properties\113327\PP\2024\Scanned Documents\113327 - Tax Bill (2024) - Alameda County - Unsecured - 00-005763-00-014-23-00-00 Auto.pdf' as DocumentName, 1 as FileExists, 'L' as BillMethod;
2024-08-08T21:23:18.157Z - INFO: Successfully inserted data to database.
2024-08-08T21:23:18.157Z - INFO: ---------------------------
2024-08-08T21:23:18.492Z - INFO: Scraping data for Alameda County with account_lookup '00-341800-00-000-21-00-00
2024-08-08T21:23:19.659Z - INFO: Navigated to: https://www.acgov.org/ptax_pub_app/UnsecuredSearchInit.do?showUnsecuredFromLookup=true
2024-08-08T21:23:21.128Z - INFO: PDF saved: O:\Clients\DaVita Inc and related subsidiaries\Properties\98376\PP\2024\Scanned Documents\98376 - Tax Bill (2024) - Alameda County - Unsecured - 00-341800-00-000-23-00-00 Auto.pdf
2024-08-08T21:23:21.201Z - INFO: INSERT INTO tso.Document WITH AUTO NAME SELECT 823234 as BillID, 75 as Type, 'Tax Bill - Alameda County - Unsecured - 00-341800-00-000-23-00-00' as Name, 'O:\Clients\DaVita Inc and related subsidiaries\Properties\98376\PP\2024\Scanned Documents\98376 - Tax Bill (2024) - Alameda County - Unsecured - 00-341800-00-000-23-00-00 Auto.pdf' as DocumentName, 1 as FileExists, 'L' as BillMethod;
2024-08-08T21:23:21.225Z - INFO: Successfully inserted data to database.
2024-08-08T21:23:21.225Z - INFO: ---------------------------
2024-08-08T21:23:21.585Z - INFO: Scraping data for Alameda County with account_lookup '00-343117-00-000-21-00-00
2024-08-08T21:23:22.686Z - INFO: Navigated to: https://www.acgov.org/ptax_pub_app/UnsecuredSearchInit.do?showUnsecuredFromLookup=true
2024-08-08T21:23:24.068Z - INFO: PDF saved: O:\Clients\DaVita Inc and related subsidiaries\Properties\99576\PP\2024\Scanned Documents\99576 - Tax Bill (2024) - Alameda County - Unsecured - 00-343117-00-000-23-00-00 Auto.pdf
2024-08-08T21:23:24.683Z - INFO: INSERT INTO tso.Document WITH AUTO NAME SELECT 823278 as BillID, 75 as Type, 'Tax Bill - Alameda County - Unsecured - 00-343117-00-000-23-00-00' as Name, 'O:\Clients\DaVita Inc and related subsidiaries\Properties\99576\PP\2024\Scanned Documents\99576 - Tax Bill (2024) - Alameda County - Unsecured - 00-343117-00-000-23-00-00 Auto.pdf' as DocumentName, 1 as FileExists, 'L' as BillMethod;
2024-08-08T21:23:24.707Z - INFO: Successfully inserted data to database.
2024-08-08T21:23:24.707Z - INFO: ---------------------------
2024-08-08T21:23:25.042Z - INFO: Scraping data for Alameda County with account_lookup '00-343117-00-000-21-00-00
2024-08-08T21:23:26.118Z - INFO: Navigated to: https://www.acgov.org/ptax_pub_app/UnsecuredSearchInit.do?showUnsecuredFromLookup=true
2024-08-08T21:23:27.560Z - INFO: PDF saved: O:\Clients\DaVita Inc and related subsidiaries\Properties\113324\PP\2024\Scanned Documents\113324 - Tax Bill (2024) - Alameda County - Unsecured - 00-343117-00-000-23-00-00 Auto.pdf
2024-08-08T21:23:27.635Z - INFO: INSERT INTO tso.Document WITH AUTO NAME SELECT 823340 as BillID, 75 as Type, 'Tax Bill - Alameda County - Unsecured - 00-343117-00-000-23-00-00' as Name, 'O:\Clients\DaVita Inc and related subsidiaries\Properties\113324\PP\2024\Scanned Documents\113324 - Tax Bill (2024) - Alameda County - Unsecured - 00-343117-00-000-23-00-00 Auto.pdf' as DocumentName, 1 as FileExists, 'L' as BillMethod;
2024-08-08T21:23:27.657Z - INFO: Successfully inserted data to database.
2024-08-08T21:23:27.657Z - INFO: ---------------------------
2024-08-08T21:23:28.019Z - INFO: Scraping data for Alameda County with account_lookup '00-005763-00-016-21-00-00
2024-08-08T21:23:29.063Z - INFO: Navigated to: https://www.acgov.org/ptax_pub_app/UnsecuredSearchInit.do?showUnsecuredFromLookup=true
2024-08-08T21:23:30.539Z - INFO: PDF saved: O:\Clients\DaVita Inc and related subsidiaries\Properties\113326\PP\2024\Scanned Documents\113326 - Tax Bill (2024) - Alameda County - Unsecured - 00-005763-00-016-23-00-00 Auto.pdf
2024-08-08T21:23:30.614Z - INFO: INSERT INTO tso.Document WITH AUTO NAME SELECT 823342 as BillID, 75 as Type, 'Tax Bill - Alameda County - Unsecured - 00-005763-00-016-23-00-00' as Name, 'O:\Clients\DaVita Inc and related subsidiaries\Properties\113326\PP\2024\Scanned Documents\113326 - Tax Bill (2024) - Alameda County - Unsecured - 00-005763-00-016-23-00-00 Auto.pdf' as DocumentName, 1 as FileExists, 'L' as BillMethod;
2024-08-08T21:23:30.636Z - INFO: Successfully inserted data to database.
2024-08-08T21:23:30.636Z - INFO: ---------------------------
2024-08-08T21:23:30.988Z - INFO: Scraping data for Alameda County with account_lookup '00-395483-00-001-20-00-00
2024-08-08T21:23:32.067Z - INFO: Navigated to: https://www.acgov.org/ptax_pub_app/UnsecuredSearchInit.do?showUnsecuredFromLookup=true
2024-08-08T21:23:33.472Z - INFO: PDF saved: O:\Clients\DaVita Inc and related subsidiaries\Properties\166306\PP\2024\Scanned Documents\166306 - Tax Bill (2024) - Alameda County - Unsecured - 00-395483-00-001-23-00-00 Auto.pdf
2024-08-08T21:23:33.551Z - INFO: INSERT INTO tso.Document WITH AUTO NAME SELECT 823852 as BillID, 75 as Type, 'Tax Bill - Alameda County - Unsecured - 00-395483-00-001-23-00-00' as Name, 'O:\Clients\DaVita Inc and related subsidiaries\Properties\166306\PP\2024\Scanned Documents\166306 - Tax Bill (2024) - Alameda County - Unsecured - 00-395483-00-001-23-00-00 Auto.pdf' as DocumentName, 1 as FileExists, 'L' as BillMethod;
2024-08-08T21:23:33.588Z - INFO: Successfully inserted data to database.
2024-08-08T21:23:33.588Z - INFO: ---------------------------
2024-08-08T21:23:33.923Z - INFO: Scraping data for Alameda County with account_lookup '00-395480-00-001-21-00-00
2024-08-08T21:23:34.953Z - INFO: Navigated to: https://www.acgov.org/ptax_pub_app/UnsecuredSearchInit.do?showUnsecuredFromLookup=true
2024-08-08T21:23:36.401Z - INFO: PDF saved: O:\Clients\DaVita Inc and related subsidiaries\Properties\166328\PP\2024\Scanned Documents\166328 - Tax Bill (2024) - Alameda County - Unsecured - 00-395480-00-001-23-00-00 Auto.pdf
2024-08-08T21:23:36.479Z - INFO: INSERT INTO tso.Document WITH AUTO NAME SELECT 823868 as BillID, 75 as Type, 'Tax Bill - Alameda County - Unsecured - 00-395480-00-001-23-00-00' as Name, 'O:\Clients\DaVita Inc and related subsidiaries\Properties\166328\PP\2024\Scanned Documents\166328 - Tax Bill (2024) - Alameda County - Unsecured - 00-395480-00-001-23-00-00 Auto.pdf' as DocumentName, 1 as FileExists, 'L' as BillMethod;
2024-08-08T21:23:36.506Z - INFO: Successfully inserted data to database.
2024-08-08T21:23:36.506Z - INFO: ---------------------------
2024-08-08T21:23:36.844Z - INFO: Scraping data for Alameda County with account_lookup '00-005763-00-016-21-00-00
2024-08-08T21:23:37.860Z - INFO: Navigated to: https://www.acgov.org/ptax_pub_app/UnsecuredSearchInit.do?showUnsecuredFromLookup=true
2024-08-08T21:23:39.292Z - INFO: PDF saved: O:\Clients\DaVita Inc and related subsidiaries\Properties\166329\PP\2024\Scanned Documents\166329 - Tax Bill (2024) - Alameda County - Unsecured - 00-005763-00-016-23-00-00 Auto.pdf
2024-08-08T21:23:39.369Z - INFO: INSERT INTO tso.Document WITH AUTO NAME SELECT 823869 as BillID, 75 as Type, 'Tax Bill - Alameda County - Unsecured - 00-005763-00-016-23-00-00' as Name, 'O:\Clients\DaVita Inc and related subsidiaries\Properties\166329\PP\2024\Scanned Documents\166329 - Tax Bill (2024) - Alameda County - Unsecured - 00-005763-00-016-23-00-00 Auto.pdf' as DocumentName, 1 as FileExists, 'L' as BillMethod;
2024-08-08T21:23:39.391Z - INFO: Successfully inserted data to database.
2024-08-08T21:23:39.391Z - INFO: ---------------------------
2024-08-08T21:23:39.749Z - INFO: Scraping data for Alameda County with account_lookup '00-005763-00-016-21-00-00
2024-08-08T21:23:40.733Z - INFO: Navigated to: https://www.acgov.org/ptax_pub_app/UnsecuredSearchInit.do?showUnsecuredFromLookup=true
2024-08-08T21:23:42.239Z - INFO: PDF saved: O:\Clients\DaVita Inc and related subsidiaries\Properties\166330\PP\2024\Scanned Documents\166330 - Tax Bill (2024) - Alameda County - Unsecured - 00-005763-00-016-23-00-00 Auto.pdf
2024-08-08T21:23:42.315Z - INFO: INSERT INTO tso.Document WITH AUTO NAME SELECT 823870 as BillID, 75 as Type, 'Tax Bill - Alameda County - Unsecured - 00-005763-00-016-23-00-00' as Name, 'O:\Clients\DaVita Inc and related subsidiaries\Properties\166330\PP\2024\Scanned Documents\166330 - Tax Bill (2024) - Alameda County - Unsecured - 00-005763-00-016-23-00-00 Auto.pdf' as DocumentName, 1 as FileExists, 'L' as BillMethod;
2024-08-08T21:23:42.346Z - INFO: Successfully inserted data to database.
2024-08-08T21:23:42.346Z - INFO: ---------------------------
2024-08-08T21:23:42.701Z - INFO: Scraping data for Alameda County with account_lookup '00-005763-00-014-21-00-00
2024-08-08T21:23:43.702Z - INFO: Navigated to: https://www.acgov.org/ptax_pub_app/UnsecuredSearchInit.do?showUnsecuredFromLookup=true
2024-08-08T21:23:45.136Z - INFO: PDF saved: O:\Clients\DaVita Inc and related subsidiaries\Properties\166331\PP\2024\Scanned Documents\166331 - Tax Bill (2024) - Alameda County - Unsecured - 00-005763-00-014-23-00-00 Auto.pdf
2024-08-08T21:23:45.214Z - INFO: INSERT INTO tso.Document WITH AUTO NAME SELECT 823871 as BillID, 75 as Type, 'Tax Bill - Alameda County - Unsecured - 00-005763-00-014-23-00-00' as Name, 'O:\Clients\DaVita Inc and related subsidiaries\Properties\166331\PP\2024\Scanned Documents\166331 - Tax Bill (2024) - Alameda County - Unsecured - 00-005763-00-014-23-00-00 Auto.pdf' as DocumentName, 1 as FileExists, 'L' as BillMethod;
2024-08-08T21:23:45.237Z - INFO: Successfully inserted data to database.
2024-08-08T21:23:45.237Z - INFO: ---------------------------
2024-08-08T21:23:45.562Z - INFO: Scraping data for Alameda County with account_lookup '00-395438-00-001-21-00-00
2024-08-08T21:23:46.568Z - INFO: Navigated to: https://www.acgov.org/ptax_pub_app/UnsecuredSearchInit.do?showUnsecuredFromLookup=true
2024-08-08T21:23:47.983Z - INFO: PDF saved: O:\Clients\DaVita Inc and related subsidiaries\Properties\207669\PP\2024\Scanned Documents\207669 - Tax Bill (2024) - Alameda County - Unsecured - 00-395438-00-001-23-00-00 Auto.pdf
2024-08-08T21:23:48.056Z - INFO: INSERT INTO tso.Document WITH AUTO NAME SELECT 823911 as BillID, 75 as Type, 'Tax Bill - Alameda County - Unsecured - 00-395438-00-001-23-00-00' as Name, 'O:\Clients\DaVita Inc and related subsidiaries\Properties\207669\PP\2024\Scanned Documents\207669 - Tax Bill (2024) - Alameda County - Unsecured - 00-395438-00-001-23-00-00 Auto.pdf' as DocumentName, 1 as FileExists, 'L' as BillMethod;
2024-08-08T21:23:48.079Z - INFO: Successfully inserted data to database.
2024-08-08T21:23:48.079Z - INFO: ---------------------------
2024-08-08T21:23:48.413Z - INFO: Scraping data for Alameda County with account_lookup '00-399502-00-001-22-00-00
2024-08-08T21:23:49.442Z - INFO: Navigated to: https://www.acgov.org/ptax_pub_app/UnsecuredSearchInit.do?showUnsecuredFromLookup=true
2024-08-08T21:23:50.843Z - INFO: PDF saved: O:\Clients\IVX Health\Properties\309704\PP\2024\Scanned Documents\309704 - Tax Bill (2024) - Alameda County - Unsecured - 00-399502-00-001-23-00-00 Auto.pdf
2024-08-08T21:23:50.924Z - INFO: INSERT INTO tso.Document WITH AUTO NAME SELECT 830905 as BillID, 75 as Type, 'Tax Bill - Alameda County - Unsecured - 00-399502-00-001-23-00-00' as Name, 'O:\Clients\IVX Health\Properties\309704\PP\2024\Scanned Documents\309704 - Tax Bill (2024) - Alameda County - Unsecured - 00-399502-00-001-23-00-00 Auto.pdf' as DocumentName, 1 as FileExists, 'L' as BillMethod;
2024-08-08T21:23:50.950Z - INFO: Successfully inserted data to database.
2024-08-08T21:23:50.950Z - INFO: ---------------------------
2024-08-08T21:23:51.278Z - INFO: Scraping data for Alameda County with account_lookup '00-395325-16
2024-08-08T21:23:51.278Z - ERROR: Bad Account Lookup 0039532516
2024-08-08T21:23:51.354Z - INFO: ---------------------------
2024-08-08T21:23:51.704Z - INFO: Scraping data for Alameda County with account_lookup '00-395325-15
2024-08-08T21:23:51.704Z - ERROR: Bad Account Lookup 0039532515
2024-08-08T21:23:51.779Z - INFO: ---------------------------
2024-08-08T21:23:52.105Z - INFO: Scraping data for Alameda County with account_lookup '395325-7
2024-08-08T21:23:52.106Z - ERROR: Bad Account Lookup 3953257
2024-08-08T21:23:52.181Z - INFO: ---------------------------
2024-08-08T21:23:52.535Z - INFO: Scraping data for Alameda County with account_lookup '395325-5
2024-08-08T21:23:52.535Z - ERROR: Bad Account Lookup 3953255
2024-08-08T21:23:52.610Z - INFO: ---------------------------
2024-08-08T21:23:52.935Z - INFO: Scraping data for Alameda County with account_lookup '395325-17
2024-08-08T21:23:52.935Z - ERROR: Bad Account Lookup 39532517
2024-08-08T21:23:53.010Z - INFO: ---------------------------
2024-08-08T21:23:53.365Z - INFO: Scraping data for Alameda County with account_lookup '395325-3
2024-08-08T21:23:53.366Z - ERROR: Bad Account Lookup 3953253
2024-08-08T21:23:53.439Z - INFO: ---------------------------
2024-08-08T21:23:53.774Z - INFO: Scraping data for Alameda County with account_lookup '395325-2
2024-08-08T21:23:53.774Z - ERROR: Bad Account Lookup 3953252
2024-08-08T21:23:53.856Z - INFO: ---------------------------
2024-08-08T21:23:54.187Z - INFO: Scraping data for Alameda County with account_lookup '00-395325-00-007-21-00-00
2024-08-08T21:23:55.216Z - INFO: Navigated to: https://www.acgov.org/ptax_pub_app/UnsecuredSearchInit.do?showUnsecuredFromLookup=true
2024-08-08T21:23:56.686Z - INFO: PDF saved: O:\Clients\Renal Therapies - FMC\Properties\280226\PP\2024\Scanned Documents\280226 - Tax Bill (2024) - Alameda County - Unsecured - 00-395325-00-007-23-00-00 Auto.pdf
2024-08-08T21:23:56.761Z - INFO: INSERT INTO tso.Document WITH AUTO NAME SELECT 838932 as BillID, 75 as Type, 'Tax Bill - Alameda County - Unsecured - 00-395325-00-007-23-00-00' as Name, 'O:\Clients\Renal Therapies - FMC\Properties\280226\PP\2024\Scanned Documents\280226 - Tax Bill (2024) - Alameda County - Unsecured - 00-395325-00-007-23-00-00 Auto.pdf' as DocumentName, 1 as FileExists, 'L' as BillMethod;
2024-08-08T21:23:56.788Z - INFO: Successfully inserted data to database.
2024-08-08T21:23:56.788Z - INFO: ---------------------------
2024-08-08T21:23:57.144Z - INFO: Scraping data for Alameda County with account_lookup '395325-6
2024-08-08T21:23:57.144Z - ERROR: Bad Account Lookup 3953256
2024-08-08T21:23:57.219Z - INFO: ---------------------------
2024-08-08T21:23:57.545Z - INFO: Scraping data for Alameda County with account_lookup '395325-1
2024-08-08T21:23:57.545Z - ERROR: Bad Account Lookup 3953251
2024-08-08T21:23:57.620Z - INFO: ---------------------------
2024-08-08T21:23:57.951Z - INFO: Scraping data for Alameda County with account_lookup '395325-4
2024-08-08T21:23:57.951Z - ERROR: Bad Account Lookup 3953254
2024-08-08T21:23:58.028Z - INFO: ---------------------------
2024-08-08T21:23:58.361Z - INFO: Scraping data for Alameda County with account_lookup '395325-9
2024-08-08T21:23:58.361Z - ERROR: Bad Account Lookup 3953259
2024-08-08T21:23:58.439Z - INFO: ---------------------------
2024-08-08T21:23:58.788Z - INFO: Scraping data for Alameda County with account_lookup '395325-8
2024-08-08T21:23:58.789Z - ERROR: Bad Account Lookup 3953258
2024-08-08T21:23:58.865Z - INFO: ---------------------------
2024-08-08T21:23:59.191Z - INFO: Scraping data for Alameda County with account_lookup '00395325-14
2024-08-08T21:23:59.192Z - ERROR: Bad Account Lookup 0039532514
2024-08-08T21:23:59.269Z - INFO: ---------------------------
2024-08-08T21:23:59.617Z - INFO: Scraping data for Alameda County with account_lookup '395325-4
2024-08-08T21:23:59.617Z - ERROR: Bad Account Lookup 3953254
2024-08-08T21:23:59.691Z - INFO: ---------------------------
2024-08-08T21:24:00.024Z - INFO: Scraping data for Alameda County with account_lookup '395325-10
2024-08-08T21:24:00.024Z - ERROR: Bad Account Lookup 39532510
2024-08-08T21:24:00.103Z - INFO: ---------------------------
2024-08-08T21:24:00.462Z - INFO: Scraping data for Alameda County with account_lookup '395325-13
2024-08-08T21:24:00.462Z - ERROR: Bad Account Lookup 39532513
2024-08-08T21:24:00.537Z - INFO: ---------------------------
2024-08-08T21:24:00.904Z - INFO: Scraping data for Alameda County with account_lookup '395325-12
2024-08-08T21:24:00.905Z - ERROR: Bad Account Lookup 39532512
2024-08-08T21:24:00.980Z - INFO: ---------------------------
2024-08-08T21:24:01.344Z - INFO: Scraping data for Alameda County with account_lookup '395325-11
2024-08-08T21:24:01.344Z - ERROR: Bad Account Lookup 39532511
2024-08-08T21:24:01.946Z - INFO: ---------------------------
2024-08-08T21:24:02.302Z - INFO: Scraping data for Alameda County with account_lookup '00-362749-00-001-23-00-00
2024-08-08T21:24:03.545Z - INFO: Navigated to: https://www.acgov.org/ptax_pub_app/UnsecuredSearchInit.do?showUnsecuredFromLookup=true
2024-08-08T21:24:05.023Z - INFO: PDF saved: O:\Clients\Community Psychiatry Management LLC  dba Mindpath Health\Properties\404197\PP\2024\Scanned Documents\404197 - Tax Bill (2024) - Alameda County - Unsecured - 00-362749-00-001-23-00-00 Auto.pdf
2024-08-08T21:24:05.097Z - INFO: INSERT INTO tso.Document WITH AUTO NAME SELECT 846681 as BillID, 75 as Type, 'Tax Bill - Alameda County - Unsecured - 00-362749-00-001-23-00-00' as Name, 'O:\Clients\Community Psychiatry Management LLC  dba Mindpath Health\Properties\404197\PP\2024\Scanned Documents\404197 - Tax Bill (2024) - Alameda County - Unsecured - 00-362749-00-001-23-00-00 Auto.pdf' as DocumentName, 1 as FileExists, 'L' as BillMethod;
2024-08-08T21:24:05.123Z - INFO: Successfully inserted data to database.
2024-08-08T21:24:05.123Z - INFO: ---------------------------
2024-08-08T21:24:05.454Z - INFO: Scraping data for Alameda County with account_lookup '02-362749-00-005-23-00-00
2024-08-08T21:24:06.485Z - INFO: Navigated to: https://www.acgov.org/ptax_pub_app/UnsecuredSearchInit.do?showUnsecuredFromLookup=true
2024-08-08T21:24:07.910Z - INFO: PDF saved: O:\Clients\Community Psychiatry Management LLC  dba Mindpath Health\Properties\404199\PP\2024\Scanned Documents\404199 - Tax Bill (2024) - Alameda County - Unsecured - 02-362749-00-005-23-00-00 Auto.pdf
2024-08-08T21:24:07.987Z - INFO: INSERT INTO tso.Document WITH AUTO NAME SELECT 846683 as BillID, 75 as Type, 'Tax Bill - Alameda County - Unsecured - 02-362749-00-005-23-00-00' as Name, 'O:\Clients\Community Psychiatry Management LLC  dba Mindpath Health\Properties\404199\PP\2024\Scanned Documents\404199 - Tax Bill (2024) - Alameda County - Unsecured - 02-362749-00-005-23-00-00 Auto.pdf' as DocumentName, 1 as FileExists, 'L' as BillMethod;
2024-08-08T21:24:08.033Z - INFO: Successfully inserted data to database.
2024-08-08T21:24:08.033Z - INFO: ---------------------------
2024-08-08T21:24:08.387Z - INFO: Scraping data for Alameda County with account_lookup '02-362749-00-003-23-00-00
2024-08-08T21:24:09.534Z - INFO: Navigated to: https://www.acgov.org/ptax_pub_app/UnsecuredSearchInit.do?showUnsecuredFromLookup=true
2024-08-08T21:24:10.946Z - INFO: PDF saved: O:\Clients\Community Psychiatry Management LLC  dba Mindpath Health\Properties\404203\PP\2024\Scanned Documents\404203 - Tax Bill (2024) - Alameda County - Unsecured - 02-362749-00-003-23-00-00 Auto.pdf
2024-08-08T21:24:11.575Z - INFO: INSERT INTO tso.Document WITH AUTO NAME SELECT 846687 as BillID, 75 as Type, 'Tax Bill - Alameda County - Unsecured - 02-362749-00-003-23-00-00' as Name, 'O:\Clients\Community Psychiatry Management LLC  dba Mindpath Health\Properties\404203\PP\2024\Scanned Documents\404203 - Tax Bill (2024) - Alameda County - Unsecured - 02-362749-00-003-23-00-00 Auto.pdf' as DocumentName, 1 as FileExists, 'L' as BillMethod;
2024-08-08T21:24:11.598Z - INFO: Successfully inserted data to database.
2024-08-08T21:24:11.598Z - INFO: ---------------------------
2024-08-08T21:24:11.933Z - INFO: Scraping data for Alameda County with account_lookup '00-362749-00-007-23-00-00
2024-08-08T21:24:12.937Z - INFO: Navigated to: https://www.acgov.org/ptax_pub_app/UnsecuredSearchInit.do?showUnsecuredFromLookup=true
2024-08-08T21:24:14.393Z - INFO: PDF saved: O:\Clients\Community Psychiatry Management LLC  dba Mindpath Health\Properties\404205\PP\2024\Scanned Documents\404205 - Tax Bill (2024) - Alameda County - Unsecured - 00-362749-00-007-23-00-00 Auto.pdf
2024-08-08T21:24:14.469Z - INFO: INSERT INTO tso.Document WITH AUTO NAME SELECT 846689 as BillID, 75 as Type, 'Tax Bill - Alameda County - Unsecured - 00-362749-00-007-23-00-00' as Name, 'O:\Clients\Community Psychiatry Management LLC  dba Mindpath Health\Properties\404205\PP\2024\Scanned Documents\404205 - Tax Bill (2024) - Alameda County - Unsecured - 00-362749-00-007-23-00-00 Auto.pdf' as DocumentName, 1 as FileExists, 'L' as BillMethod;
2024-08-08T21:24:14.490Z - INFO: Successfully inserted data to database.
2024-08-08T21:24:14.491Z - INFO: ---------------------------
2024-08-08T21:24:14.819Z - INFO: Scraping data for Alameda County with account_lookup '00-362749-00-002-23-00-00
2024-08-08T21:24:15.860Z - INFO: Navigated to: https://www.acgov.org/ptax_pub_app/UnsecuredSearchInit.do?showUnsecuredFromLookup=true
2024-08-08T21:24:17.268Z - INFO: PDF saved: O:\Clients\Community Psychiatry Management LLC  dba Mindpath Health\Properties\404445\PP\2024\Scanned Documents\404445 - Tax Bill (2024) - Alameda County - Unsecured - 00-362749-00-002-23-00-00 Auto.pdf
2024-08-08T21:24:17.342Z - INFO: INSERT INTO tso.Document WITH AUTO NAME SELECT 846946 as BillID, 75 as Type, 'Tax Bill - Alameda County - Unsecured - 00-362749-00-002-23-00-00' as Name, 'O:\Clients\Community Psychiatry Management LLC  dba Mindpath Health\Properties\404445\PP\2024\Scanned Documents\404445 - Tax Bill (2024) - Alameda County - Unsecured - 00-362749-00-002-23-00-00 Auto.pdf' as DocumentName, 1 as FileExists, 'L' as BillMethod;
2024-08-08T21:24:17.365Z - INFO: Successfully inserted data to database.
2024-08-08T21:24:17.365Z - INFO: ---------------------------
2024-08-08T21:24:17.716Z - INFO: Scraping data for Alameda County with account_lookup '003202530000000
2024-08-08T21:24:17.716Z - ERROR: Bad Account Lookup 003202530000000
2024-08-08T21:24:18.327Z - INFO: ---------------------------
2024-08-08T21:24:18.678Z - INFO: Scraping data for Alameda County with account_lookup '0040949700001230000
2024-08-08T21:24:19.687Z - INFO: Navigated to: https://www.acgov.org/ptax_pub_app/UnsecuredSearchInit.do?showUnsecuredFromLookup=true
2024-08-08T21:24:23.267Z - INFO: PDF saved: O:\Clients\Premise Health\Properties\405654\PP\2024\Scanned Documents\405654 - Tax Bill (2024) - Alameda County - Unsecured - 0040949700001230000 Auto.pdf
2024-08-08T21:24:23.344Z - INFO: INSERT INTO tso.Document WITH AUTO NAME SELECT 849581 as BillID, 75 as Type, 'Tax Bill - Alameda County - Unsecured - 0040949700001230000' as Name, 'O:\Clients\Premise Health\Properties\405654\PP\2024\Scanned Documents\405654 - Tax Bill (2024) - Alameda County - Unsecured - 0040949700001230000 Auto.pdf' as DocumentName, 1 as FileExists, 'L' as BillMethod;
2024-08-08T21:24:23.372Z - INFO: Successfully inserted data to database.
2024-08-08T21:24:23.372Z - INFO: ---------------------------
2024-08-08T21:24:23.700Z - INFO: Scraping data for Alameda County with account_lookup '003007900000000
2024-08-08T21:24:23.700Z - ERROR: Bad Account Lookup 003007900000000
2024-08-08T21:24:23.774Z - INFO: ---------------------------
2024-08-08T21:24:24.133Z - INFO: Scraping data for Alameda County with account_lookup '003284360000200
2024-08-08T21:24:24.133Z - ERROR: Bad Account Lookup 003284360000200
2024-08-08T21:24:24.210Z - INFO: ---------------------------
2024-08-08T21:24:24.533Z - INFO: Scraping data for Alameda County with account_lookup '004018800000100
2024-08-08T21:24:24.534Z - ERROR: Bad Account Lookup 004018800000100
2024-08-08T21:24:24.608Z - INFO: ---------------------------
2024-08-08T21:24:24.956Z - INFO: Scraping data for Alameda County with account_lookup '003284360000100
2024-08-08T21:24:24.957Z - ERROR: Bad Account Lookup 003284360000100
2024-08-08T21:24:25.033Z - INFO: ---------------------------
2024-08-08T21:24:25.365Z - INFO: Scraping data for Alameda County with account_lookup '003637030000000
2024-08-08T21:24:25.366Z - ERROR: Bad Account Lookup 003637030000000
2024-08-08T21:24:25.442Z - INFO: ---------------------------
2024-08-08T21:24:25.794Z - INFO: Scraping data for Alameda County with account_lookup '003284360000000
2024-08-08T21:24:25.794Z - ERROR: Bad Account Lookup 003284360000000
2024-08-08T21:24:25.876Z - INFO: ========================================
2024-08-08T21:24:25.876Z - INFO: Total successful runs: 69
2024-08-08T21:24:25.876Z - INFO: Total failed runs: 30
2024-08-08T21:24:25.877Z - INFO: ========================================
