2024-08-12T20:26:48.674Z - INFO: Total Records: 99
2024-08-12T20:26:49.050Z - INFO: ---------------------------
2024-08-12T20:26:49.529Z - INFO: Scraping data for Alameda County with account_lookup '01-236576-00-001-21-00-00
2024-08-12T20:26:50.528Z - INFO: Navigated to: https://www.acgov.org/ptax_pub_app/UnsecuredSearchInit.do?showUnsecuredFromLookup=true
2024-08-12T20:26:52.003Z - INFO: PDF saved: C:\Users\pvsscripts\Documents\Clients\Alliance HealthCare Services\Properties\16018\PP\2024\Scanned Documents\16018 - Tax Bill (2024) - Alameda County - Unsecured - 01-236576-00-001-23-00-00 Auto (2).pdf
2024-08-12T20:26:52.080Z - INFO: INSERT INTO tso.Document WITH AUTO NAME SELECT 803867 as BillID, 75 as Type, 'Tax Bill - Alameda County - Unsecured - 01-236576-00-001-23-00-00' as Name,'C:\Users\pvsscripts\Documents\Clients\Alliance HealthCare Services\Properties\16018\PP\2024\Scanned Documents\16018 - Tax Bill (2024) - Alameda County - Unsecured - 01-236576-00-001-23-00-00 Auto (2).pdf' as DocumentName, 1 as FileExists, 'L' as BillMethod;
2024-08-12T20:26:52.080Z - INFO: ---------------------------
2024-08-12T20:26:52.518Z - INFO: Scraping data for Alameda County with account_lookup '01-236576-00-000-19-00-00-
2024-08-12T20:26:53.600Z - INFO: Navigated to: https://www.acgov.org/ptax_pub_app/UnsecuredSearchInit.do?showUnsecuredFromLookup=true
2024-08-12T20:26:55.026Z - INFO: PDF saved: C:\Users\pvsscripts\Documents\Clients\Alliance HealthCare Services\Properties\59999\PP\2024\Scanned Documents\59999 - Tax Bill (2024) - Alameda County - Unsecured - 01-236576-00-000-19-00-00- Auto (2).pdf
2024-08-12T20:26:55.109Z - INFO: INSERT INTO tso.Document WITH AUTO NAME SELECT 804126 as BillID, 75 as Type, 'Tax Bill - Alameda County - Unsecured - 01-236576-00-000-19-00-00-' as Name,'C:\Users\pvsscripts\Documents\Clients\Alliance HealthCare Services\Properties\59999\PP\2024\Scanned Documents\59999 - Tax Bill (2024) - Alameda County - Unsecured - 01-236576-00-000-19-00-00- Auto (2).pdf' as DocumentName, 1 as FileExists, 'L' as BillMethod;
2024-08-12T20:26:55.110Z - INFO: ---------------------------
2024-08-12T20:26:55.522Z - INFO: Scraping data for Alameda County with account_lookup '01-236576-00-000-22-00-00
2024-08-12T20:26:56.518Z - INFO: Navigated to: https://www.acgov.org/ptax_pub_app/UnsecuredSearchInit.do?showUnsecuredFromLookup=true
2024-08-12T20:26:57.896Z - INFO: PDF saved: C:\Users\pvsscripts\Documents\Clients\Alliance HealthCare Services\Properties\60008\PP\2024\Scanned Documents\60008 - Tax Bill (2024) - Alameda County - Unsecured - 01-236576-00-000-23-00-00 Auto (2).pdf
2024-08-12T20:26:57.981Z - INFO: INSERT INTO tso.Document WITH AUTO NAME SELECT 804139 as BillID, 75 as Type, 'Tax Bill - Alameda County - Unsecured - 01-236576-00-000-23-00-00' as Name,'C:\Users\pvsscripts\Documents\Clients\Alliance HealthCare Services\Properties\60008\PP\2024\Scanned Documents\60008 - Tax Bill (2024) - Alameda County - Unsecured - 01-236576-00-000-23-00-00 Auto (2).pdf' as DocumentName, 1 as FileExists, 'L' as BillMethod;
2024-08-12T20:26:57.981Z - INFO: ---------------------------
2024-08-12T20:26:58.374Z - INFO: Scraping data for Alameda County with account_lookup '411274-1
2024-08-12T20:26:58.374Z - ERROR: Bad Account Lookup 4112741
2024-08-12T20:26:58.986Z - INFO: ---------------------------
2024-08-12T20:26:59.409Z - INFO: Scraping data for Alameda County with account_lookup '01-236576-00-000-19-00-00-
2024-08-12T20:27:00.445Z - INFO: Navigated to: https://www.acgov.org/ptax_pub_app/UnsecuredSearchInit.do?showUnsecuredFromLookup=true
2024-08-12T20:27:01.867Z - INFO: PDF saved: C:\Users\pvsscripts\Documents\Clients\Alliance HealthCare Services\Properties\185386\PP\2024\Scanned Documents\185386 - Tax Bill (2024) - Alameda County - Unsecured - 01-236576-00-000-19-00-00- Auto (2).pdf
2024-08-12T20:27:01.950Z - INFO: INSERT INTO tso.Document WITH AUTO NAME SELECT 804305 as BillID, 75 as Type, 'Tax Bill - Alameda County - Unsecured - 01-236576-00-000-19-00-00-' as Name,'C:\Users\pvsscripts\Documents\Clients\Alliance HealthCare Services\Properties\185386\PP\2024\Scanned Documents\185386 - Tax Bill (2024) - Alameda County - Unsecured - 01-236576-00-000-19-00-00- Auto (2).pdf' as DocumentName, 1 as FileExists, 'L' as BillMethod;
2024-08-12T20:27:01.951Z - INFO: ---------------------------
2024-08-12T20:27:02.361Z - INFO: Scraping data for Alameda County with account_lookup '00-301425-00-002-21-00-00
2024-08-12T20:27:03.411Z - INFO: Navigated to: https://www.acgov.org/ptax_pub_app/UnsecuredSearchInit.do?showUnsecuredFromLookup=true
2024-08-12T20:27:04.928Z - INFO: PDF saved: C:\Users\pvsscripts\Documents\Clients\Fresenius West Division\Properties\37116\PP\2024\Scanned Documents\37116 - Tax Bill (2024) - Alameda County - Unsecured - 00-301425-00-002-21-00-00 Auto (2).pdf
2024-08-12T20:27:05.010Z - INFO: INSERT INTO tso.Document WITH AUTO NAME SELECT 808753 as BillID, 75 as Type, 'Tax Bill - Alameda County - Unsecured - 00-301425-00-002-21-00-00' as Name,'C:\Users\pvsscripts\Documents\Clients\Fresenius West Division\Properties\37116\PP\2024\Scanned Documents\37116 - Tax Bill (2024) - Alameda County - Unsecured - 00-301425-00-002-21-00-00 Auto (2).pdf' as DocumentName, 1 as FileExists, 'L' as BillMethod;
2024-08-12T20:27:05.010Z - INFO: ---------------------------
2024-08-12T20:27:05.388Z - INFO: Scraping data for Alameda County with account_lookup '00-301425-00-003-21-00-00
2024-08-12T20:27:06.380Z - INFO: Navigated to: https://www.acgov.org/ptax_pub_app/UnsecuredSearchInit.do?showUnsecuredFromLookup=true
2024-08-12T20:27:07.806Z - INFO: PDF saved: C:\Users\pvsscripts\Documents\Clients\Fresenius West Division\Properties\37117\PP\2024\Scanned Documents\37117 - Tax Bill (2024) - Alameda County - Unsecured - 00-402483-00-001-23-00-00 Auto (2).pdf
2024-08-12T20:27:08.424Z - INFO: INSERT INTO tso.Document WITH AUTO NAME SELECT 808771 as BillID, 75 as Type, 'Tax Bill - Alameda County - Unsecured - 00-402483-00-001-23-00-00' as Name,'C:\Users\pvsscripts\Documents\Clients\Fresenius West Division\Properties\37117\PP\2024\Scanned Documents\37117 - Tax Bill (2024) - Alameda County - Unsecured - 00-402483-00-001-23-00-00 Auto (2).pdf' as DocumentName, 1 as FileExists, 'L' as BillMethod;
2024-08-12T20:27:08.425Z - INFO: ---------------------------
2024-08-12T20:27:08.820Z - INFO: Scraping data for Alameda County with account_lookup '00-301425-00-003-22-00-00
2024-08-12T20:27:09.832Z - INFO: Navigated to: https://www.acgov.org/ptax_pub_app/UnsecuredSearchInit.do?showUnsecuredFromLookup=true
2024-08-12T20:27:11.243Z - INFO: PDF saved: C:\Users\pvsscripts\Documents\Clients\Fresenius West Division\Properties\37117\PP\2024\Scanned Documents\37117 - Tax Bill (2024) - Alameda County - Unsecured - 00-301425-00-003-22-00-00 Auto (2).pdf
2024-08-12T20:27:11.324Z - INFO: INSERT INTO tso.Document WITH AUTO NAME SELECT 808772 as BillID, 75 as Type, 'Tax Bill - Alameda County - Unsecured - 00-301425-00-003-22-00-00' as Name,'C:\Users\pvsscripts\Documents\Clients\Fresenius West Division\Properties\37117\PP\2024\Scanned Documents\37117 - Tax Bill (2024) - Alameda County - Unsecured - 00-301425-00-003-22-00-00 Auto (2).pdf' as DocumentName, 1 as FileExists, 'L' as BillMethod;
2024-08-12T20:27:11.325Z - INFO: ---------------------------
2024-08-12T20:27:11.697Z - INFO: Scraping data for Alameda County with account_lookup '00-368705-00-001-21-00-00
2024-08-12T20:27:12.736Z - INFO: Navigated to: https://www.acgov.org/ptax_pub_app/UnsecuredSearchInit.do?showUnsecuredFromLookup=true
2024-08-12T20:27:14.367Z - INFO: PDF saved: C:\Users\pvsscripts\Documents\Clients\Fresenius West Division\Properties\71764\PP\2024\Scanned Documents\71764 - Tax Bill (2024) - Alameda County - Unsecured - 00-368705-00-001-23-00-00 Auto (2).pdf
2024-08-12T20:27:14.450Z - INFO: INSERT INTO tso.Document WITH AUTO NAME SELECT 808773 as BillID, 75 as Type, 'Tax Bill - Alameda County - Unsecured - 00-368705-00-001-23-00-00' as Name,'C:\Users\pvsscripts\Documents\Clients\Fresenius West Division\Properties\71764\PP\2024\Scanned Documents\71764 - Tax Bill (2024) - Alameda County - Unsecured - 00-368705-00-001-23-00-00 Auto (2).pdf' as DocumentName, 1 as FileExists, 'L' as BillMethod;
2024-08-12T20:27:14.451Z - INFO: ---------------------------
2024-08-12T20:27:14.842Z - INFO: Scraping data for Alameda County with account_lookup '00-368700-00-001-21-00-00
2024-08-12T20:27:15.894Z - INFO: Navigated to: https://www.acgov.org/ptax_pub_app/UnsecuredSearchInit.do?showUnsecuredFromLookup=true
2024-08-12T20:27:17.306Z - INFO: PDF saved: C:\Users\pvsscripts\Documents\Clients\Fresenius West Division\Properties\71765\PP\2024\Scanned Documents\71765 - Tax Bill (2024) - Alameda County - Unsecured - 00-368700-00-001-23-00-00 Auto (2).pdf
2024-08-12T20:27:17.390Z - INFO: INSERT INTO tso.Document WITH AUTO NAME SELECT 808829 as BillID, 75 as Type, 'Tax Bill - Alameda County - Unsecured - 00-368700-00-001-23-00-00' as Name,'C:\Users\pvsscripts\Documents\Clients\Fresenius West Division\Properties\71765\PP\2024\Scanned Documents\71765 - Tax Bill (2024) - Alameda County - Unsecured - 00-368700-00-001-23-00-00 Auto (2).pdf' as DocumentName, 1 as FileExists, 'L' as BillMethod;
2024-08-12T20:27:17.391Z - INFO: ---------------------------
2024-08-12T20:27:17.767Z - INFO: Scraping data for Alameda County with account_lookup '00-301425-00-001-21-00-00
2024-08-12T20:27:18.794Z - INFO: Navigated to: https://www.acgov.org/ptax_pub_app/UnsecuredSearchInit.do?showUnsecuredFromLookup=true
2024-08-12T20:27:20.189Z - INFO: PDF saved: C:\Users\pvsscripts\Documents\Clients\Fresenius West Division\Properties\37112\PP\2024\Scanned Documents\37112 - Tax Bill (2024) - Alameda County - Unsecured - 00-301425-00-001-23-00-00 Auto (2).pdf
2024-08-12T20:27:20.819Z - INFO: INSERT INTO tso.Document WITH AUTO NAME SELECT 808840 as BillID, 75 as Type, 'Tax Bill - Alameda County - Unsecured - 00-301425-00-001-23-00-00' as Name,'C:\Users\pvsscripts\Documents\Clients\Fresenius West Division\Properties\37112\PP\2024\Scanned Documents\37112 - Tax Bill (2024) - Alameda County - Unsecured - 00-301425-00-001-23-00-00 Auto (2).pdf' as DocumentName, 1 as FileExists, 'L' as BillMethod;
2024-08-12T20:27:20.819Z - INFO: ---------------------------
2024-08-12T20:27:21.214Z - INFO: Scraping data for Alameda County with account_lookup '00-301425-00-000-21-00-00
2024-08-12T20:27:22.254Z - INFO: Navigated to: https://www.acgov.org/ptax_pub_app/UnsecuredSearchInit.do?showUnsecuredFromLookup=true
2024-08-12T20:27:23.926Z - INFO: PDF saved: C:\Users\pvsscripts\Documents\Clients\Fresenius West Division\Properties\37111\PP\2024\Scanned Documents\37111 - Tax Bill (2024) - Alameda County - Unsecured - 00-301425-00-000-23-00-00 Auto (2).pdf
2024-08-12T20:27:24.014Z - INFO: INSERT INTO tso.Document WITH AUTO NAME SELECT 808844 as BillID, 75 as Type, 'Tax Bill - Alameda County - Unsecured - 00-301425-00-000-23-00-00' as Name,'C:\Users\pvsscripts\Documents\Clients\Fresenius West Division\Properties\37111\PP\2024\Scanned Documents\37111 - Tax Bill (2024) - Alameda County - Unsecured - 00-301425-00-000-23-00-00 Auto (2).pdf' as DocumentName, 1 as FileExists, 'L' as BillMethod;
2024-08-12T20:27:24.015Z - INFO: ---------------------------
2024-08-12T20:27:24.441Z - INFO: Scraping data for Alameda County with account_lookup '00-00419-00-007-21-00-00
2024-08-12T20:27:24.441Z - ERROR: Bad Account Lookup 000041900007210000
2024-08-12T20:27:24.522Z - INFO: ---------------------------
2024-08-12T20:27:24.937Z - INFO: Scraping data for Alameda County with account_lookup '00-395377-00-001-21-00-00
2024-08-12T20:27:25.941Z - INFO: Navigated to: https://www.acgov.org/ptax_pub_app/UnsecuredSearchInit.do?showUnsecuredFromLookup=true
2024-08-12T20:27:27.338Z - INFO: PDF saved: C:\Users\pvsscripts\Documents\Clients\Fresenius West Division\Properties\47571\PP\2024\Scanned Documents\47571 - Tax Bill (2024) - Alameda County - Unsecured - 00-395377-00-001-23-00-00 Auto (2).pdf
2024-08-12T20:27:27.422Z - INFO: INSERT INTO tso.Document WITH AUTO NAME SELECT 808454 as BillID, 75 as Type, 'Tax Bill - Alameda County - Unsecured - 00-395377-00-001-23-00-00' as Name,'C:\Users\pvsscripts\Documents\Clients\Fresenius West Division\Properties\47571\PP\2024\Scanned Documents\47571 - Tax Bill (2024) - Alameda County - Unsecured - 00-395377-00-001-23-00-00 Auto (2).pdf' as DocumentName, 1 as FileExists, 'L' as BillMethod;
2024-08-12T20:27:27.423Z - INFO: ---------------------------
2024-08-12T20:27:27.847Z - INFO: Scraping data for Alameda County with account_lookup '00-322322-00-000-20-00-00
2024-08-12T20:27:28.832Z - INFO: Navigated to: https://www.acgov.org/ptax_pub_app/UnsecuredSearchInit.do?showUnsecuredFromLookup=true
2024-08-12T20:27:30.210Z - INFO: PDF saved: C:\Users\pvsscripts\Documents\Clients\Universal Health Services\Properties\115375\PP\2024\Scanned Documents\115375 - Tax Bill (2024) - Alameda County - Unsecured - 00-322322-00-000-20-00-00 Auto (2).pdf
2024-08-12T20:27:30.309Z - INFO: INSERT INTO tso.Document WITH AUTO NAME SELECT 809614 as BillID, 75 as Type, 'Tax Bill - Alameda County - Unsecured - 00-322322-00-000-20-00-00' as Name,'C:\Users\pvsscripts\Documents\Clients\Universal Health Services\Properties\115375\PP\2024\Scanned Documents\115375 - Tax Bill (2024) - Alameda County - Unsecured - 00-322322-00-000-20-00-00 Auto (2).pdf' as DocumentName, 1 as FileExists, 'L' as BillMethod;
2024-08-12T20:27:30.310Z - INFO: ---------------------------
2024-08-12T20:27:30.705Z - INFO: Scraping data for Alameda County with account_lookup '00-026434-00-000-22-00-00
2024-08-12T20:27:31.737Z - INFO: Navigated to: https://www.acgov.org/ptax_pub_app/UnsecuredSearchInit.do?showUnsecuredFromLookup=true
2024-08-12T20:27:33.208Z - INFO: PDF saved: C:\Users\pvsscripts\Documents\Clients\Dominos Pizza LLC\Properties\206329\PP\2024\Scanned Documents\206329 - Tax Bill (2024) - Alameda County - Unsecured - 00-026434-00-000-23-00-00 Auto (2).pdf
2024-08-12T20:27:33.309Z - INFO: INSERT INTO tso.Document WITH AUTO NAME SELECT 812851 as BillID, 75 as Type, 'Tax Bill - Alameda County - Unsecured - 00-026434-00-000-23-00-00' as Name,'C:\Users\pvsscripts\Documents\Clients\Dominos Pizza LLC\Properties\206329\PP\2024\Scanned Documents\206329 - Tax Bill (2024) - Alameda County - Unsecured - 00-026434-00-000-23-00-00 Auto (2).pdf' as DocumentName, 1 as FileExists, 'L' as BillMethod;
2024-08-12T20:27:33.310Z - INFO: ---------------------------
2024-08-12T20:27:33.718Z - INFO: Scraping data for Alameda County with account_lookup '00-349301-00-000-22-00-00
2024-08-12T20:27:34.745Z - INFO: Navigated to: https://www.acgov.org/ptax_pub_app/UnsecuredSearchInit.do?showUnsecuredFromLookup=true
2024-08-12T20:27:36.113Z - INFO: PDF saved: C:\Users\pvsscripts\Documents\Clients\Dominos Pizza LLC\Properties\206325\PP\2024\Scanned Documents\206325 - Tax Bill (2024) - Alameda County - Unsecured - 00-349301-00-000-23-00-00 Auto (2).pdf
2024-08-12T20:27:36.195Z - INFO: INSERT INTO tso.Document WITH AUTO NAME SELECT 812890 as BillID, 75 as Type, 'Tax Bill - Alameda County - Unsecured - 00-349301-00-000-23-00-00' as Name,'C:\Users\pvsscripts\Documents\Clients\Dominos Pizza LLC\Properties\206325\PP\2024\Scanned Documents\206325 - Tax Bill (2024) - Alameda County - Unsecured - 00-349301-00-000-23-00-00 Auto (2).pdf' as DocumentName, 1 as FileExists, 'L' as BillMethod;
2024-08-12T20:27:36.195Z - INFO: ---------------------------
2024-08-12T20:27:36.607Z - INFO: Scraping data for Alameda County with account_lookup '00-330119-00-000-21-00-00
2024-08-12T20:27:37.622Z - INFO: Navigated to: https://www.acgov.org/ptax_pub_app/UnsecuredSearchInit.do?showUnsecuredFromLookup=true
2024-08-12T20:27:39.026Z - INFO: PDF saved: C:\Users\pvsscripts\Documents\Clients\United Surgical Partners International\Properties\149824\PP\2024\Scanned Documents\149824 - Tax Bill (2024) - Alameda County - Unsecured - 00-330119-00-000-23-00-00 Auto (2).pdf
2024-08-12T20:27:39.111Z - INFO: INSERT INTO tso.Document WITH AUTO NAME SELECT 813760 as BillID, 75 as Type, 'Tax Bill - Alameda County - Unsecured - 00-330119-00-000-23-00-00' as Name,'C:\Users\pvsscripts\Documents\Clients\United Surgical Partners International\Properties\149824\PP\2024\Scanned Documents\149824 - Tax Bill (2024) - Alameda County - Unsecured - 00-330119-00-000-23-00-00 Auto (2).pdf' as DocumentName, 1 as FileExists, 'L' as BillMethod;
2024-08-12T20:27:39.112Z - INFO: ---------------------------
2024-08-12T20:27:39.487Z - INFO: Scraping data for Alameda County with account_lookup '02-330119-00-002-21-00-00
2024-08-12T20:27:40.538Z - INFO: Navigated to: https://www.acgov.org/ptax_pub_app/UnsecuredSearchInit.do?showUnsecuredFromLookup=true
2024-08-12T20:27:42.117Z - INFO: PDF saved: C:\Users\pvsscripts\Documents\Clients\United Surgical Partners International\Properties\149824\PP\2024\Scanned Documents\149824 - Tax Bill (2024) - Alameda County - Unsecured - 02-330119-00-002-21-00-00 Auto (2).pdf
2024-08-12T20:27:42.197Z - INFO: INSERT INTO tso.Document WITH AUTO NAME SELECT 813761 as BillID, 75 as Type, 'Tax Bill - Alameda County - Unsecured - 02-330119-00-002-21-00-00' as Name,'C:\Users\pvsscripts\Documents\Clients\United Surgical Partners International\Properties\149824\PP\2024\Scanned Documents\149824 - Tax Bill (2024) - Alameda County - Unsecured - 02-330119-00-002-21-00-00 Auto (2).pdf' as DocumentName, 1 as FileExists, 'L' as BillMethod;
2024-08-12T20:27:42.198Z - INFO: ---------------------------
2024-08-12T20:27:42.628Z - INFO: Scraping data for Alameda County with account_lookup '02-330119-00-003-21-00-00
2024-08-12T20:27:43.676Z - INFO: Navigated to: https://www.acgov.org/ptax_pub_app/UnsecuredSearchInit.do?showUnsecuredFromLookup=true
2024-08-12T20:27:45.066Z - INFO: PDF saved: C:\Users\pvsscripts\Documents\Clients\United Surgical Partners International\Properties\149824\PP\2024\Scanned Documents\149824 - Tax Bill (2024) - Alameda County - Unsecured - 02-330119-00-003-21-00-00 Auto (2).pdf
2024-08-12T20:27:45.153Z - INFO: INSERT INTO tso.Document WITH AUTO NAME SELECT 813762 as BillID, 75 as Type, 'Tax Bill - Alameda County - Unsecured - 02-330119-00-003-21-00-00' as Name,'C:\Users\pvsscripts\Documents\Clients\United Surgical Partners International\Properties\149824\PP\2024\Scanned Documents\149824 - Tax Bill (2024) - Alameda County - Unsecured - 02-330119-00-003-21-00-00 Auto (2).pdf' as DocumentName, 1 as FileExists, 'L' as BillMethod;
2024-08-12T20:27:45.154Z - INFO: ---------------------------
2024-08-12T20:27:45.525Z - INFO: Scraping data for Alameda County with account_lookup '02-330119-00-004-21-00-00
2024-08-12T20:27:46.561Z - INFO: Navigated to: https://www.acgov.org/ptax_pub_app/UnsecuredSearchInit.do?showUnsecuredFromLookup=true
2024-08-12T20:27:47.899Z - INFO: PDF saved: C:\Users\pvsscripts\Documents\Clients\United Surgical Partners International\Properties\149824\PP\2024\Scanned Documents\149824 - Tax Bill (2024) - Alameda County - Unsecured - 02-330119-00-004-21-00-00 Auto (2).pdf
2024-08-12T20:27:48.525Z - INFO: INSERT INTO tso.Document WITH AUTO NAME SELECT 813763 as BillID, 75 as Type, 'Tax Bill - Alameda County - Unsecured - 02-330119-00-004-21-00-00' as Name,'C:\Users\pvsscripts\Documents\Clients\United Surgical Partners International\Properties\149824\PP\2024\Scanned Documents\149824 - Tax Bill (2024) - Alameda County - Unsecured - 02-330119-00-004-21-00-00 Auto (2).pdf' as DocumentName, 1 as FileExists, 'L' as BillMethod;
2024-08-12T20:27:48.526Z - INFO: ---------------------------
2024-08-12T20:27:48.934Z - INFO: Scraping data for Alameda County with account_lookup '02-330119-00-003-21-19-00
2024-08-12T20:27:50.130Z - INFO: Navigated to: https://www.acgov.org/ptax_pub_app/UnsecuredSearchInit.do?showUnsecuredFromLookup=true
2024-08-12T20:27:51.497Z - INFO: PDF saved: C:\Users\pvsscripts\Documents\Clients\United Surgical Partners International\Properties\149824\PP\2024\Scanned Documents\149824 - Tax Bill (2024) - Alameda County - Unsecured - 02-330119-00-003-21-19-00 Auto (2).pdf
2024-08-12T20:27:51.579Z - INFO: INSERT INTO tso.Document WITH AUTO NAME SELECT 813764 as BillID, 75 as Type, 'Tax Bill - Alameda County - Unsecured - 02-330119-00-003-21-19-00' as Name,'C:\Users\pvsscripts\Documents\Clients\United Surgical Partners International\Properties\149824\PP\2024\Scanned Documents\149824 - Tax Bill (2024) - Alameda County - Unsecured - 02-330119-00-003-21-19-00 Auto (2).pdf' as DocumentName, 1 as FileExists, 'L' as BillMethod;
2024-08-12T20:27:51.580Z - INFO: ---------------------------
2024-08-12T20:27:51.996Z - INFO: Scraping data for Alameda County with account_lookup '02-330119-00-005-22-00-00
2024-08-12T20:27:53.012Z - INFO: Navigated to: https://www.acgov.org/ptax_pub_app/UnsecuredSearchInit.do?showUnsecuredFromLookup=true
2024-08-12T20:27:54.438Z - INFO: PDF saved: C:\Users\pvsscripts\Documents\Clients\United Surgical Partners International\Properties\149824\PP\2024\Scanned Documents\149824 - Tax Bill (2024) - Alameda County - Unsecured - 02-330119-00-005-22-00-00 Auto (2).pdf
2024-08-12T20:27:54.525Z - INFO: INSERT INTO tso.Document WITH AUTO NAME SELECT 813765 as BillID, 75 as Type, 'Tax Bill - Alameda County - Unsecured - 02-330119-00-005-22-00-00' as Name,'C:\Users\pvsscripts\Documents\Clients\United Surgical Partners International\Properties\149824\PP\2024\Scanned Documents\149824 - Tax Bill (2024) - Alameda County - Unsecured - 02-330119-00-005-22-00-00 Auto (2).pdf' as DocumentName, 1 as FileExists, 'L' as BillMethod;
2024-08-12T20:27:54.525Z - INFO: ---------------------------
2024-08-12T20:27:54.935Z - INFO: Scraping data for Alameda County with account_lookup '02-33808-00-120-15-00-00
2024-08-12T20:27:54.936Z - ERROR: Bad Account Lookup 023380800120150000
2024-08-12T20:27:55.016Z - INFO: ---------------------------
2024-08-12T20:27:55.391Z - INFO: Scraping data for Alameda County with account_lookup '00-359462-00-002-21-00-00
2024-08-12T20:27:56.400Z - INFO: Navigated to: https://www.acgov.org/ptax_pub_app/UnsecuredSearchInit.do?showUnsecuredFromLookup=true
2024-08-12T20:27:57.782Z - INFO: PDF saved: C:\Users\pvsscripts\Documents\Clients\United Surgical Partners International\Properties\168544\PP\2024\Scanned Documents\168544 - Tax Bill (2024) - Alameda County - Unsecured - 00-359462-00-002-23-00-00 Auto (2).pdf
2024-08-12T20:27:57.865Z - INFO: INSERT INTO tso.Document WITH AUTO NAME SELECT 813781 as BillID, 75 as Type, 'Tax Bill - Alameda County - Unsecured - 00-359462-00-002-23-00-00' as Name,'C:\Users\pvsscripts\Documents\Clients\United Surgical Partners International\Properties\168544\PP\2024\Scanned Documents\168544 - Tax Bill (2024) - Alameda County - Unsecured - 00-359462-00-002-23-00-00 Auto (2).pdf' as DocumentName, 1 as FileExists, 'L' as BillMethod;
2024-08-12T20:27:57.866Z - INFO: ---------------------------
2024-08-12T20:27:58.272Z - INFO: Scraping data for Alameda County with account_lookup '00-005763-00-021-21-00-00
2024-08-12T20:27:59.379Z - INFO: Navigated to: https://www.acgov.org/ptax_pub_app/UnsecuredSearchInit.do?showUnsecuredFromLookup=true
2024-08-12T20:27:59.684Z - ERROR: No Bills Found. Please check your account number. 0000576300021210000
2024-08-12T20:27:59.767Z - INFO: ---------------------------
2024-08-12T20:28:00.168Z - INFO: Scraping data for Alameda County with account_lookup '366137-1
2024-08-12T20:28:00.168Z - ERROR: Bad Account Lookup 3661371
2024-08-12T20:28:00.249Z - INFO: ---------------------------
2024-08-12T20:28:00.611Z - INFO: Scraping data for Alameda County with account_lookup '00-367971-00-002-21-00-00
2024-08-12T20:28:01.605Z - INFO: Navigated to: https://www.acgov.org/ptax_pub_app/UnsecuredSearchInit.do?showUnsecuredFromLookup=true
2024-08-12T20:28:02.997Z - INFO: PDF saved: C:\Users\pvsscripts\Documents\Clients\Covenant Surgical Partners\Properties\256226\PP\2024\Scanned Documents\256226 - Tax Bill (2024) - Alameda County - Unsecured - 00-367971-00-002-23-00-00 Auto (2).pdf
2024-08-12T20:28:03.077Z - INFO: INSERT INTO tso.Document WITH AUTO NAME SELECT 819164 as BillID, 75 as Type, 'Tax Bill - Alameda County - Unsecured - 00-367971-00-002-23-00-00' as Name,'C:\Users\pvsscripts\Documents\Clients\Covenant Surgical Partners\Properties\256226\PP\2024\Scanned Documents\256226 - Tax Bill (2024) - Alameda County - Unsecured - 00-367971-00-002-23-00-00 Auto (2).pdf' as DocumentName, 1 as FileExists, 'L' as BillMethod;
2024-08-12T20:28:03.078Z - INFO: ---------------------------
2024-08-12T20:28:03.453Z - INFO: Scraping data for Alameda County with account_lookup '00-389506-00-001-23-00-00
2024-08-12T20:28:04.653Z - INFO: Navigated to: https://www.acgov.org/ptax_pub_app/UnsecuredSearchInit.do?showUnsecuredFromLookup=true
2024-08-12T20:28:05.998Z - INFO: PDF saved: C:\Users\pvsscripts\Documents\Clients\DaVita Inc and related subsidiaries\Properties\339352\PP\2024\Scanned Documents\339352 - Tax Bill (2024) - Alameda County - Unsecured - 00-389506-00-001-23-00-00 Auto (2).pdf
2024-08-12T20:28:06.080Z - INFO: INSERT INTO tso.Document WITH AUTO NAME SELECT 819327 as BillID, 75 as Type, 'Tax Bill - Alameda County - Unsecured - 00-389506-00-001-23-00-00' as Name,'C:\Users\pvsscripts\Documents\Clients\DaVita Inc and related subsidiaries\Properties\339352\PP\2024\Scanned Documents\339352 - Tax Bill (2024) - Alameda County - Unsecured - 00-389506-00-001-23-00-00 Auto (2).pdf' as DocumentName, 1 as FileExists, 'L' as BillMethod;
2024-08-12T20:28:06.080Z - INFO: ---------------------------
2024-08-12T20:28:06.479Z - INFO: Scraping data for Alameda County with account_lookup '00-005763-00-016-21-00-00
2024-08-12T20:28:07.477Z - INFO: Navigated to: https://www.acgov.org/ptax_pub_app/UnsecuredSearchInit.do?showUnsecuredFromLookup=true
2024-08-12T20:28:08.872Z - INFO: PDF saved: C:\Users\pvsscripts\Documents\Clients\DaVita Inc and related subsidiaries\Properties\38129\PP\2024\Scanned Documents\38129 - Tax Bill (2024) - Alameda County - Unsecured - 00-005763-00-016-23-00-00 Auto (2).pdf
2024-08-12T20:28:08.955Z - INFO: INSERT INTO tso.Document WITH AUTO NAME SELECT 820489 as BillID, 75 as Type, 'Tax Bill - Alameda County - Unsecured - 00-005763-00-016-23-00-00' as Name,'C:\Users\pvsscripts\Documents\Clients\DaVita Inc and related subsidiaries\Properties\38129\PP\2024\Scanned Documents\38129 - Tax Bill (2024) - Alameda County - Unsecured - 00-005763-00-016-23-00-00 Auto (2).pdf' as DocumentName, 1 as FileExists, 'L' as BillMethod;
2024-08-12T20:28:08.955Z - INFO: ---------------------------
2024-08-12T20:28:09.361Z - INFO: Scraping data for Alameda County with account_lookup '00-005763-00-014-21-00-00
2024-08-12T20:28:10.527Z - INFO: Navigated to: https://www.acgov.org/ptax_pub_app/UnsecuredSearchInit.do?showUnsecuredFromLookup=true
2024-08-12T20:28:11.902Z - INFO: PDF saved: C:\Users\pvsscripts\Documents\Clients\DaVita Inc and related subsidiaries\Properties\113544\PP\2024\Scanned Documents\113544 - Tax Bill (2024) - Alameda County - Unsecured - 00-005763-00-014-23-00-00 Auto (2).pdf
2024-08-12T20:28:11.988Z - INFO: INSERT INTO tso.Document WITH AUTO NAME SELECT 819699 as BillID, 75 as Type, 'Tax Bill - Alameda County - Unsecured - 00-005763-00-014-23-00-00' as Name,'C:\Users\pvsscripts\Documents\Clients\DaVita Inc and related subsidiaries\Properties\113544\PP\2024\Scanned Documents\113544 - Tax Bill (2024) - Alameda County - Unsecured - 00-005763-00-014-23-00-00 Auto (2).pdf' as DocumentName, 1 as FileExists, 'L' as BillMethod;
2024-08-12T20:28:11.989Z - INFO: ---------------------------
2024-08-12T20:28:12.408Z - INFO: Scraping data for Alameda County with account_lookup '00-005763-00-014-21-00-00
2024-08-12T20:28:13.423Z - INFO: Navigated to: https://www.acgov.org/ptax_pub_app/UnsecuredSearchInit.do?showUnsecuredFromLookup=true
2024-08-12T20:28:14.812Z - INFO: PDF saved: C:\Users\pvsscripts\Documents\Clients\DaVita Inc and related subsidiaries\Properties\207076\PP\2024\Scanned Documents\207076 - Tax Bill (2024) - Alameda County - Unsecured - 00-005763-00-014-23-00-00 Auto (2).pdf
2024-08-12T20:28:15.414Z - INFO: INSERT INTO tso.Document WITH AUTO NAME SELECT 819957 as BillID, 75 as Type, 'Tax Bill - Alameda County - Unsecured - 00-005763-00-014-23-00-00' as Name,'C:\Users\pvsscripts\Documents\Clients\DaVita Inc and related subsidiaries\Properties\207076\PP\2024\Scanned Documents\207076 - Tax Bill (2024) - Alameda County - Unsecured - 00-005763-00-014-23-00-00 Auto (2).pdf' as DocumentName, 1 as FileExists, 'L' as BillMethod;
2024-08-12T20:28:15.415Z - INFO: ---------------------------
2024-08-12T20:28:15.778Z - INFO: Scraping data for Alameda County with account_lookup '00-005763-00-016-21-00-00
2024-08-12T20:28:16.796Z - INFO: Navigated to: https://www.acgov.org/ptax_pub_app/UnsecuredSearchInit.do?showUnsecuredFromLookup=true
2024-08-12T20:28:18.216Z - INFO: PDF saved: C:\Users\pvsscripts\Documents\Clients\DaVita Inc and related subsidiaries\Properties\47891\PP\2024\Scanned Documents\47891 - Tax Bill (2024) - Alameda County - Unsecured - 00-005763-00-016-23-00-00 Auto (2).pdf
2024-08-12T20:28:18.301Z - INFO: INSERT INTO tso.Document WITH AUTO NAME SELECT 820350 as BillID, 75 as Type, 'Tax Bill - Alameda County - Unsecured - 00-005763-00-016-23-00-00' as Name,'C:\Users\pvsscripts\Documents\Clients\DaVita Inc and related subsidiaries\Properties\47891\PP\2024\Scanned Documents\47891 - Tax Bill (2024) - Alameda County - Unsecured - 00-005763-00-016-23-00-00 Auto (2).pdf' as DocumentName, 1 as FileExists, 'L' as BillMethod;
2024-08-12T20:28:18.302Z - INFO: ---------------------------
2024-08-12T20:28:18.694Z - INFO: Scraping data for Alameda County with account_lookup '00-353789-00-000-21-00-00
2024-08-12T20:28:19.711Z - INFO: Navigated to: https://www.acgov.org/ptax_pub_app/UnsecuredSearchInit.do?showUnsecuredFromLookup=true
2024-08-12T20:28:21.090Z - INFO: PDF saved: C:\Users\pvsscripts\Documents\Clients\DaVita Inc and related subsidiaries\Properties\148156\PP\2024\Scanned Documents\148156 - Tax Bill (2024) - Alameda County - Unsecured - 00-353789-00-000-23-00-00 Auto (2).pdf
2024-08-12T20:28:21.175Z - INFO: INSERT INTO tso.Document WITH AUTO NAME SELECT 820713 as BillID, 75 as Type, 'Tax Bill - Alameda County - Unsecured - 00-353789-00-000-23-00-00' as Name,'C:\Users\pvsscripts\Documents\Clients\DaVita Inc and related subsidiaries\Properties\148156\PP\2024\Scanned Documents\148156 - Tax Bill (2024) - Alameda County - Unsecured - 00-353789-00-000-23-00-00 Auto (2).pdf' as DocumentName, 1 as FileExists, 'L' as BillMethod;
2024-08-12T20:28:21.175Z - INFO: ---------------------------
2024-08-12T20:28:21.577Z - INFO: Scraping data for Alameda County with account_lookup '00-005763-00-016-21-00-00
2024-08-12T20:28:22.743Z - INFO: Navigated to: https://www.acgov.org/ptax_pub_app/UnsecuredSearchInit.do?showUnsecuredFromLookup=true
2024-08-12T20:28:24.154Z - INFO: PDF saved: C:\Users\pvsscripts\Documents\Clients\DaVita Inc and related subsidiaries\Properties\38299\PP\2024\Scanned Documents\38299 - Tax Bill (2024) - Alameda County - Unsecured - 00-005763-00-016-23-00-00 Auto (2).pdf
2024-08-12T20:28:24.248Z - INFO: INSERT INTO tso.Document WITH AUTO NAME SELECT 820831 as BillID, 75 as Type, 'Tax Bill - Alameda County - Unsecured - 00-005763-00-016-23-00-00' as Name,'C:\Users\pvsscripts\Documents\Clients\DaVita Inc and related subsidiaries\Properties\38299\PP\2024\Scanned Documents\38299 - Tax Bill (2024) - Alameda County - Unsecured - 00-005763-00-016-23-00-00 Auto (2).pdf' as DocumentName, 1 as FileExists, 'L' as BillMethod;
2024-08-12T20:28:24.249Z - INFO: ---------------------------
2024-08-12T20:28:24.656Z - INFO: Scraping data for Alameda County with account_lookup '00-013252-00-004-21-00-00
2024-08-12T20:28:25.727Z - INFO: Navigated to: https://www.acgov.org/ptax_pub_app/UnsecuredSearchInit.do?showUnsecuredFromLookup=true
2024-08-12T20:28:27.118Z - INFO: PDF saved: C:\Users\pvsscripts\Documents\Clients\DaVita Inc and related subsidiaries\Properties\38391\PP\2024\Scanned Documents\38391 - Tax Bill (2024) - Alameda County - Unsecured - 00-013252-00-004-23-00-00 Auto (2).pdf
2024-08-12T20:28:27.198Z - INFO: INSERT INTO tso.Document WITH AUTO NAME SELECT 820863 as BillID, 75 as Type, 'Tax Bill - Alameda County - Unsecured - 00-013252-00-004-23-00-00' as Name,'C:\Users\pvsscripts\Documents\Clients\DaVita Inc and related subsidiaries\Properties\38391\PP\2024\Scanned Documents\38391 - Tax Bill (2024) - Alameda County - Unsecured - 00-013252-00-004-23-00-00 Auto (2).pdf' as DocumentName, 1 as FileExists, 'L' as BillMethod;
2024-08-12T20:28:27.199Z - INFO: ---------------------------
2024-08-12T20:28:27.607Z - INFO: Scraping data for Alameda County with account_lookup '00-013252-00-000-21-00-00
2024-08-12T20:28:28.604Z - INFO: Navigated to: https://www.acgov.org/ptax_pub_app/UnsecuredSearchInit.do?showUnsecuredFromLookup=true
2024-08-12T20:28:30.001Z - INFO: PDF saved: C:\Users\pvsscripts\Documents\Clients\DaVita Inc and related subsidiaries\Properties\14832\PP\2024\Scanned Documents\14832 - Tax Bill (2024) - Alameda County - Unsecured - 00-013252-00-000-23-00-00 Auto (2).pdf
2024-08-12T20:28:30.081Z - INFO: INSERT INTO tso.Document WITH AUTO NAME SELECT 821097 as BillID, 75 as Type, 'Tax Bill - Alameda County - Unsecured - 00-013252-00-000-23-00-00' as Name,'C:\Users\pvsscripts\Documents\Clients\DaVita Inc and related subsidiaries\Properties\14832\PP\2024\Scanned Documents\14832 - Tax Bill (2024) - Alameda County - Unsecured - 00-013252-00-000-23-00-00 Auto (2).pdf' as DocumentName, 1 as FileExists, 'L' as BillMethod;
2024-08-12T20:28:30.082Z - INFO: ---------------------------
2024-08-12T20:28:30.458Z - INFO: Scraping data for Alameda County with account_lookup '00-005763-00-016-21-00-00
2024-08-12T20:28:31.461Z - INFO: Navigated to: https://www.acgov.org/ptax_pub_app/UnsecuredSearchInit.do?showUnsecuredFromLookup=true
2024-08-12T20:28:32.843Z - INFO: PDF saved: C:\Users\pvsscripts\Documents\Clients\DaVita Inc and related subsidiaries\Properties\148135\PP\2024\Scanned Documents\148135 - Tax Bill (2024) - Alameda County - Unsecured - 00-005763-00-016-23-00-00 Auto (2).pdf
2024-08-12T20:28:32.928Z - INFO: INSERT INTO tso.Document WITH AUTO NAME SELECT 821178 as BillID, 75 as Type, 'Tax Bill - Alameda County - Unsecured - 00-005763-00-016-23-00-00' as Name,'C:\Users\pvsscripts\Documents\Clients\DaVita Inc and related subsidiaries\Properties\148135\PP\2024\Scanned Documents\148135 - Tax Bill (2024) - Alameda County - Unsecured - 00-005763-00-016-23-00-00 Auto (2).pdf' as DocumentName, 1 as FileExists, 'L' as BillMethod;
2024-08-12T20:28:32.928Z - INFO: ---------------------------
2024-08-12T20:28:33.311Z - INFO: Scraping data for Alameda County with account_lookup '00-013252-00-002-21-00-00
2024-08-12T20:28:34.560Z - INFO: Navigated to: https://www.acgov.org/ptax_pub_app/UnsecuredSearchInit.do?showUnsecuredFromLookup=true
2024-08-12T20:28:35.936Z - INFO: PDF saved: C:\Users\pvsscripts\Documents\Clients\DaVita Inc and related subsidiaries\Properties\14894\PP\2024\Scanned Documents\14894 - Tax Bill (2024) - Alameda County - Unsecured - 00-013252-00-002-23-00-00 Auto (2).pdf
2024-08-12T20:28:36.019Z - INFO: INSERT INTO tso.Document WITH AUTO NAME SELECT 821317 as BillID, 75 as Type, 'Tax Bill - Alameda County - Unsecured - 00-013252-00-002-23-00-00' as Name,'C:\Users\pvsscripts\Documents\Clients\DaVita Inc and related subsidiaries\Properties\14894\PP\2024\Scanned Documents\14894 - Tax Bill (2024) - Alameda County - Unsecured - 00-013252-00-002-23-00-00 Auto (2).pdf' as DocumentName, 1 as FileExists, 'L' as BillMethod;
2024-08-12T20:28:36.019Z - INFO: ---------------------------
2024-08-12T20:28:36.411Z - INFO: Scraping data for Alameda County with account_lookup '00-013252-00-003-21-00-00
2024-08-12T20:28:37.462Z - INFO: Navigated to: https://www.acgov.org/ptax_pub_app/UnsecuredSearchInit.do?showUnsecuredFromLookup=true
2024-08-12T20:28:38.872Z - INFO: PDF saved: C:\Users\pvsscripts\Documents\Clients\DaVita Inc and related subsidiaries\Properties\14895\PP\2024\Scanned Documents\14895 - Tax Bill (2024) - Alameda County - Unsecured - 00-013252-00-003-23-00-00 Auto (2).pdf
2024-08-12T20:28:38.966Z - INFO: INSERT INTO tso.Document WITH AUTO NAME SELECT 821318 as BillID, 75 as Type, 'Tax Bill - Alameda County - Unsecured - 00-013252-00-003-23-00-00' as Name,'C:\Users\pvsscripts\Documents\Clients\DaVita Inc and related subsidiaries\Properties\14895\PP\2024\Scanned Documents\14895 - Tax Bill (2024) - Alameda County - Unsecured - 00-013252-00-003-23-00-00 Auto (2).pdf' as DocumentName, 1 as FileExists, 'L' as BillMethod;
2024-08-12T20:28:38.967Z - INFO: ---------------------------
2024-08-12T20:28:39.358Z - INFO: Scraping data for Alameda County with account_lookup '00-323003-00-000-21-00-00
2024-08-12T20:28:40.462Z - INFO: Navigated to: https://www.acgov.org/ptax_pub_app/UnsecuredSearchInit.do?showUnsecuredFromLookup=true
2024-08-12T20:28:41.873Z - INFO: PDF saved: C:\Users\pvsscripts\Documents\Clients\DaVita Inc and related subsidiaries\Properties\47884\PP\2024\Scanned Documents\47884 - Tax Bill (2024) - Alameda County - Unsecured - 00-323003-00-000-23-00-00 Auto (2).pdf
2024-08-12T20:28:41.962Z - INFO: INSERT INTO tso.Document WITH AUTO NAME SELECT 822488 as BillID, 75 as Type, 'Tax Bill - Alameda County - Unsecured - 00-323003-00-000-23-00-00' as Name,'C:\Users\pvsscripts\Documents\Clients\DaVita Inc and related subsidiaries\Properties\47884\PP\2024\Scanned Documents\47884 - Tax Bill (2024) - Alameda County - Unsecured - 00-323003-00-000-23-00-00 Auto (2).pdf' as DocumentName, 1 as FileExists, 'L' as BillMethod;
2024-08-12T20:28:41.963Z - INFO: ---------------------------
2024-08-12T20:28:42.330Z - INFO: Scraping data for Alameda County with account_lookup '00-005763-00-006-21-00-00
2024-08-12T20:28:43.368Z - INFO: Navigated to: https://www.acgov.org/ptax_pub_app/UnsecuredSearchInit.do?showUnsecuredFromLookup=true
2024-08-12T20:28:44.751Z - INFO: PDF saved: C:\Users\pvsscripts\Documents\Clients\DaVita Inc and related subsidiaries\Properties\38121\PP\2024\Scanned Documents\38121 - Tax Bill (2024) - Alameda County - Unsecured - 00-005763-00-006-23-00-00 Auto (2).pdf
2024-08-12T20:28:44.843Z - INFO: INSERT INTO tso.Document WITH AUTO NAME SELECT 822007 as BillID, 75 as Type, 'Tax Bill - Alameda County - Unsecured - 00-005763-00-006-23-00-00' as Name,'C:\Users\pvsscripts\Documents\Clients\DaVita Inc and related subsidiaries\Properties\38121\PP\2024\Scanned Documents\38121 - Tax Bill (2024) - Alameda County - Unsecured - 00-005763-00-006-23-00-00 Auto (2).pdf' as DocumentName, 1 as FileExists, 'L' as BillMethod;
2024-08-12T20:28:44.843Z - INFO: ---------------------------
2024-08-12T20:28:45.217Z - INFO: Scraping data for Alameda County with account_lookup '00-005763-00-013-21-00-00
2024-08-12T20:28:46.231Z - INFO: Navigated to: https://www.acgov.org/ptax_pub_app/UnsecuredSearchInit.do?showUnsecuredFromLookup=true
2024-08-12T20:28:47.716Z - INFO: PDF saved: C:\Users\pvsscripts\Documents\Clients\DaVita Inc and related subsidiaries\Properties\38123\PP\2024\Scanned Documents\38123 - Tax Bill (2024) - Alameda County - Unsecured - 00-005763-00-013-23-00-00 Auto (2).pdf
2024-08-12T20:28:47.800Z - INFO: INSERT INTO tso.Document WITH AUTO NAME SELECT 822008 as BillID, 75 as Type, 'Tax Bill - Alameda County - Unsecured - 00-005763-00-013-23-00-00' as Name,'C:\Users\pvsscripts\Documents\Clients\DaVita Inc and related subsidiaries\Properties\38123\PP\2024\Scanned Documents\38123 - Tax Bill (2024) - Alameda County - Unsecured - 00-005763-00-013-23-00-00 Auto (2).pdf' as DocumentName, 1 as FileExists, 'L' as BillMethod;
2024-08-12T20:28:47.801Z - INFO: ---------------------------
2024-08-12T20:28:48.166Z - INFO: Scraping data for Alameda County with account_lookup '00-005763-00-005-21-00-00
2024-08-12T20:28:49.181Z - INFO: Navigated to: https://www.acgov.org/ptax_pub_app/UnsecuredSearchInit.do?showUnsecuredFromLookup=true
2024-08-12T20:28:50.621Z - INFO: PDF saved: C:\Users\pvsscripts\Documents\Clients\DaVita Inc and related subsidiaries\Properties\38125\PP\2024\Scanned Documents\38125 - Tax Bill (2024) - Alameda County - Unsecured - 00-005763-00-005-23-00-00 Auto (2).pdf
2024-08-12T20:28:50.700Z - INFO: INSERT INTO tso.Document WITH AUTO NAME SELECT 822009 as BillID, 75 as Type, 'Tax Bill - Alameda County - Unsecured - 00-005763-00-005-23-00-00' as Name,'C:\Users\pvsscripts\Documents\Clients\DaVita Inc and related subsidiaries\Properties\38125\PP\2024\Scanned Documents\38125 - Tax Bill (2024) - Alameda County - Unsecured - 00-005763-00-005-23-00-00 Auto (2).pdf' as DocumentName, 1 as FileExists, 'L' as BillMethod;
2024-08-12T20:28:50.700Z - INFO: ---------------------------
2024-08-12T20:28:51.075Z - INFO: Scraping data for Alameda County with account_lookup '00-005763-00-002-21-00-00
2024-08-12T20:28:52.117Z - INFO: Navigated to: https://www.acgov.org/ptax_pub_app/UnsecuredSearchInit.do?showUnsecuredFromLookup=true
2024-08-12T20:28:53.625Z - INFO: PDF saved: C:\Users\pvsscripts\Documents\Clients\DaVita Inc and related subsidiaries\Properties\38127\PP\2024\Scanned Documents\38127 - Tax Bill (2024) - Alameda County - Unsecured - 00-005763-00-002-23-00-00 Auto (2).pdf
2024-08-12T20:28:53.704Z - INFO: INSERT INTO tso.Document WITH AUTO NAME SELECT 822010 as BillID, 75 as Type, 'Tax Bill - Alameda County - Unsecured - 00-005763-00-002-23-00-00' as Name,'C:\Users\pvsscripts\Documents\Clients\DaVita Inc and related subsidiaries\Properties\38127\PP\2024\Scanned Documents\38127 - Tax Bill (2024) - Alameda County - Unsecured - 00-005763-00-002-23-00-00 Auto (2).pdf' as DocumentName, 1 as FileExists, 'L' as BillMethod;
2024-08-12T20:28:53.705Z - INFO: ---------------------------
2024-08-12T20:28:54.116Z - INFO: Scraping data for Alameda County with account_lookup '00-005763-00-012-21-00-00
2024-08-12T20:28:55.116Z - INFO: Navigated to: https://www.acgov.org/ptax_pub_app/UnsecuredSearchInit.do?showUnsecuredFromLookup=true
2024-08-12T20:28:56.498Z - INFO: PDF saved: C:\Users\pvsscripts\Documents\Clients\DaVita Inc and related subsidiaries\Properties\38131\PP\2024\Scanned Documents\38131 - Tax Bill (2024) - Alameda County - Unsecured - 00-005763-00-012-23-00-00 Auto (2).pdf
2024-08-12T20:28:56.578Z - INFO: INSERT INTO tso.Document WITH AUTO NAME SELECT 822011 as BillID, 75 as Type, 'Tax Bill - Alameda County - Unsecured - 00-005763-00-012-23-00-00' as Name,'C:\Users\pvsscripts\Documents\Clients\DaVita Inc and related subsidiaries\Properties\38131\PP\2024\Scanned Documents\38131 - Tax Bill (2024) - Alameda County - Unsecured - 00-005763-00-012-23-00-00 Auto (2).pdf' as DocumentName, 1 as FileExists, 'L' as BillMethod;
2024-08-12T20:28:56.578Z - INFO: ---------------------------
2024-08-12T20:28:56.953Z - INFO: Scraping data for Alameda County with account_lookup '00-005763-00-016-21-00-00
2024-08-12T20:28:57.979Z - INFO: Navigated to: https://www.acgov.org/ptax_pub_app/UnsecuredSearchInit.do?showUnsecuredFromLookup=true
2024-08-12T20:28:59.401Z - INFO: PDF saved: C:\Users\pvsscripts\Documents\Clients\DaVita Inc and related subsidiaries\Properties\38141\PP\2024\Scanned Documents\38141 - Tax Bill (2024) - Alameda County - Unsecured - 00-005763-00-016-23-00-00 Auto (2).pdf
2024-08-12T20:28:59.485Z - INFO: INSERT INTO tso.Document WITH AUTO NAME SELECT 822060 as BillID, 75 as Type, 'Tax Bill - Alameda County - Unsecured - 00-005763-00-016-23-00-00' as Name,'C:\Users\pvsscripts\Documents\Clients\DaVita Inc and related subsidiaries\Properties\38141\PP\2024\Scanned Documents\38141 - Tax Bill (2024) - Alameda County - Unsecured - 00-005763-00-016-23-00-00 Auto (2).pdf' as DocumentName, 1 as FileExists, 'L' as BillMethod;
2024-08-12T20:28:59.485Z - INFO: ---------------------------
2024-08-12T20:28:59.876Z - INFO: Scraping data for Alameda County with account_lookup '00-005763-00-014-21-00-00
2024-08-12T20:29:00.900Z - INFO: Navigated to: https://www.acgov.org/ptax_pub_app/UnsecuredSearchInit.do?showUnsecuredFromLookup=true
2024-08-12T20:29:02.309Z - INFO: PDF saved: C:\Users\pvsscripts\Documents\Clients\DaVita Inc and related subsidiaries\Properties\84522\PP\2024\Scanned Documents\84522 - Tax Bill (2024) - Alameda County - Unsecured - 00-005763-00-014-23-00-00 Auto (2).pdf
2024-08-12T20:29:02.395Z - INFO: INSERT INTO tso.Document WITH AUTO NAME SELECT 822149 as BillID, 75 as Type, 'Tax Bill - Alameda County - Unsecured - 00-005763-00-014-23-00-00' as Name,'C:\Users\pvsscripts\Documents\Clients\DaVita Inc and related subsidiaries\Properties\84522\PP\2024\Scanned Documents\84522 - Tax Bill (2024) - Alameda County - Unsecured - 00-005763-00-014-23-00-00 Auto (2).pdf' as DocumentName, 1 as FileExists, 'L' as BillMethod;
2024-08-12T20:29:02.396Z - INFO: ---------------------------
2024-08-12T20:29:02.787Z - INFO: Scraping data for Alameda County with account_lookup '00-005763-00-015-21-00-00
2024-08-12T20:29:03.836Z - INFO: Navigated to: https://www.acgov.org/ptax_pub_app/UnsecuredSearchInit.do?showUnsecuredFromLookup=true
2024-08-12T20:29:05.310Z - INFO: PDF saved: C:\Users\pvsscripts\Documents\Clients\DaVita Inc and related subsidiaries\Properties\84512\PP\2024\Scanned Documents\84512 - Tax Bill (2024) - Alameda County - Unsecured - 00-005763-00-015-23-00-00 Auto (2).pdf
2024-08-12T20:29:05.398Z - INFO: INSERT INTO tso.Document WITH AUTO NAME SELECT 822187 as BillID, 75 as Type, 'Tax Bill - Alameda County - Unsecured - 00-005763-00-015-23-00-00' as Name,'C:\Users\pvsscripts\Documents\Clients\DaVita Inc and related subsidiaries\Properties\84512\PP\2024\Scanned Documents\84512 - Tax Bill (2024) - Alameda County - Unsecured - 00-005763-00-015-23-00-00 Auto (2).pdf' as DocumentName, 1 as FileExists, 'L' as BillMethod;
2024-08-12T20:29:05.398Z - INFO: ---------------------------
2024-08-12T20:29:05.820Z - INFO: Scraping data for Alameda County with account_lookup '00-329594-00-000-21-00-00
2024-08-12T20:29:06.835Z - INFO: Navigated to: https://www.acgov.org/ptax_pub_app/UnsecuredSearchInit.do?showUnsecuredFromLookup=true
2024-08-12T20:29:08.403Z - INFO: PDF saved: C:\Users\pvsscripts\Documents\Clients\DaVita Inc and related subsidiaries\Properties\84517\PP\2024\Scanned Documents\84517 - Tax Bill (2024) - Alameda County - Unsecured - 00-329594-00-000-23-00-00 Auto (2).pdf
2024-08-12T20:29:08.483Z - INFO: INSERT INTO tso.Document WITH AUTO NAME SELECT 822192 as BillID, 75 as Type, 'Tax Bill - Alameda County - Unsecured - 00-329594-00-000-23-00-00' as Name,'C:\Users\pvsscripts\Documents\Clients\DaVita Inc and related subsidiaries\Properties\84517\PP\2024\Scanned Documents\84517 - Tax Bill (2024) - Alameda County - Unsecured - 00-329594-00-000-23-00-00 Auto (2).pdf' as DocumentName, 1 as FileExists, 'L' as BillMethod;
2024-08-12T20:29:08.484Z - INFO: ---------------------------
2024-08-12T20:29:08.886Z - INFO: Scraping data for Alameda County with account_lookup '00-005763-00-016-21-00-00
2024-08-12T20:29:15.414Z - INFO: Navigated to: https://www.acgov.org/ptax_pub_app/UnsecuredSearchInit.do?showUnsecuredFromLookup=true
2024-08-12T20:29:16.776Z - INFO: PDF saved: C:\Users\pvsscripts\Documents\Clients\DaVita Inc and related subsidiaries\Properties\129999\PP\2024\Scanned Documents\129999 - Tax Bill (2024) - Alameda County - Unsecured - 00-005763-00-016-23-00-00 Auto (2).pdf
2024-08-12T20:29:16.858Z - INFO: INSERT INTO tso.Document WITH AUTO NAME SELECT 822315 as BillID, 75 as Type, 'Tax Bill - Alameda County - Unsecured - 00-005763-00-016-23-00-00' as Name,'C:\Users\pvsscripts\Documents\Clients\DaVita Inc and related subsidiaries\Properties\129999\PP\2024\Scanned Documents\129999 - Tax Bill (2024) - Alameda County - Unsecured - 00-005763-00-016-23-00-00 Auto (2).pdf' as DocumentName, 1 as FileExists, 'L' as BillMethod;
2024-08-12T20:29:16.859Z - INFO: ---------------------------
2024-08-12T20:29:17.257Z - INFO: Scraping data for Alameda County with account_lookup '00-389506-00-001-21-00-00
2024-08-12T20:29:18.322Z - INFO: Navigated to: https://www.acgov.org/ptax_pub_app/UnsecuredSearchInit.do?showUnsecuredFromLookup=true
2024-08-12T20:29:19.717Z - INFO: PDF saved: C:\Users\pvsscripts\Documents\Clients\DaVita Inc and related subsidiaries\Properties\130005\PP\2024\Scanned Documents\130005 - Tax Bill (2024) - Alameda County - Unsecured - 00-389506-00-001-23-00-00 Auto (2).pdf
2024-08-12T20:29:19.800Z - INFO: INSERT INTO tso.Document WITH AUTO NAME SELECT 822322 as BillID, 75 as Type, 'Tax Bill - Alameda County - Unsecured - 00-389506-00-001-23-00-00' as Name,'C:\Users\pvsscripts\Documents\Clients\DaVita Inc and related subsidiaries\Properties\130005\PP\2024\Scanned Documents\130005 - Tax Bill (2024) - Alameda County - Unsecured - 00-389506-00-001-23-00-00 Auto (2).pdf' as DocumentName, 1 as FileExists, 'L' as BillMethod;
2024-08-12T20:29:19.800Z - INFO: ---------------------------
2024-08-12T20:29:20.174Z - INFO: Scraping data for Alameda County with account_lookup '00-389506-00-001-21-00-00
2024-08-12T20:29:21.211Z - INFO: Navigated to: https://www.acgov.org/ptax_pub_app/UnsecuredSearchInit.do?showUnsecuredFromLookup=true
2024-08-12T20:29:22.560Z - INFO: PDF saved: C:\Users\pvsscripts\Documents\Clients\DaVita Inc and related subsidiaries\Properties\38181\PP\2024\Scanned Documents\38181 - Tax Bill (2024) - Alameda County - Unsecured - 00-389506-00-001-23-00-00 Auto (2).pdf
2024-08-12T20:29:23.178Z - INFO: INSERT INTO tso.Document WITH AUTO NAME SELECT 822596 as BillID, 75 as Type, 'Tax Bill - Alameda County - Unsecured - 00-389506-00-001-23-00-00' as Name,'C:\Users\pvsscripts\Documents\Clients\DaVita Inc and related subsidiaries\Properties\38181\PP\2024\Scanned Documents\38181 - Tax Bill (2024) - Alameda County - Unsecured - 00-389506-00-001-23-00-00 Auto (2).pdf' as DocumentName, 1 as FileExists, 'L' as BillMethod;
2024-08-12T20:29:23.179Z - INFO: ---------------------------
2024-08-12T20:29:23.545Z - INFO: Scraping data for Alameda County with account_lookup '00-005763-00-016-21-00-00
2024-08-12T20:29:24.587Z - INFO: Navigated to: https://www.acgov.org/ptax_pub_app/UnsecuredSearchInit.do?showUnsecuredFromLookup=true
2024-08-12T20:29:25.998Z - INFO: PDF saved: C:\Users\pvsscripts\Documents\Clients\DaVita Inc and related subsidiaries\Properties\38227\PP\2024\Scanned Documents\38227 - Tax Bill (2024) - Alameda County - Unsecured - 00-005763-00-016-23-00-00 Auto (2).pdf
2024-08-12T20:29:26.079Z - INFO: INSERT INTO tso.Document WITH AUTO NAME SELECT 822615 as BillID, 75 as Type, 'Tax Bill - Alameda County - Unsecured - 00-005763-00-016-23-00-00' as Name,'C:\Users\pvsscripts\Documents\Clients\DaVita Inc and related subsidiaries\Properties\38227\PP\2024\Scanned Documents\38227 - Tax Bill (2024) - Alameda County - Unsecured - 00-005763-00-016-23-00-00 Auto (2).pdf' as DocumentName, 1 as FileExists, 'L' as BillMethod;
2024-08-12T20:29:26.080Z - INFO: ---------------------------
2024-08-12T20:29:26.445Z - INFO: Scraping data for Alameda County with account_lookup '00-005763-00-005-21-00-00
2024-08-12T20:29:27.468Z - INFO: Navigated to: https://www.acgov.org/ptax_pub_app/UnsecuredSearchInit.do?showUnsecuredFromLookup=true
2024-08-12T20:29:28.872Z - INFO: PDF saved: C:\Users\pvsscripts\Documents\Clients\DaVita Inc and related subsidiaries\Properties\59686\PP\2024\Scanned Documents\59686 - Tax Bill (2024) - Alameda County - Unsecured - 00-005763-00-005-23-00-00 Auto (2).pdf
2024-08-12T20:29:28.964Z - INFO: INSERT INTO tso.Document WITH AUTO NAME SELECT 822632 as BillID, 75 as Type, 'Tax Bill - Alameda County - Unsecured - 00-005763-00-005-23-00-00' as Name,'C:\Users\pvsscripts\Documents\Clients\DaVita Inc and related subsidiaries\Properties\59686\PP\2024\Scanned Documents\59686 - Tax Bill (2024) - Alameda County - Unsecured - 00-005763-00-005-23-00-00 Auto (2).pdf' as DocumentName, 1 as FileExists, 'L' as BillMethod;
2024-08-12T20:29:28.964Z - INFO: ---------------------------
2024-08-12T20:29:29.372Z - INFO: Scraping data for Alameda County with account_lookup '00-005763-00-014-21-00-00
2024-08-12T20:29:30.406Z - INFO: Navigated to: https://www.acgov.org/ptax_pub_app/UnsecuredSearchInit.do?showUnsecuredFromLookup=true
2024-08-12T20:29:31.812Z - INFO: PDF saved: C:\Users\pvsscripts\Documents\Clients\DaVita Inc and related subsidiaries\Properties\113327\PP\2024\Scanned Documents\113327 - Tax Bill (2024) - Alameda County - Unsecured - 00-005763-00-014-23-00-00 Auto (2).pdf
2024-08-12T20:29:31.896Z - INFO: INSERT INTO tso.Document WITH AUTO NAME SELECT 822806 as BillID, 75 as Type, 'Tax Bill - Alameda County - Unsecured - 00-005763-00-014-23-00-00' as Name,'C:\Users\pvsscripts\Documents\Clients\DaVita Inc and related subsidiaries\Properties\113327\PP\2024\Scanned Documents\113327 - Tax Bill (2024) - Alameda County - Unsecured - 00-005763-00-014-23-00-00 Auto (2).pdf' as DocumentName, 1 as FileExists, 'L' as BillMethod;
2024-08-12T20:29:31.897Z - INFO: ---------------------------
2024-08-12T20:29:32.268Z - INFO: Scraping data for Alameda County with account_lookup '00-341800-00-000-21-00-00
2024-08-12T20:29:33.335Z - INFO: Navigated to: https://www.acgov.org/ptax_pub_app/UnsecuredSearchInit.do?showUnsecuredFromLookup=true
2024-08-12T20:29:34.748Z - INFO: PDF saved: C:\Users\pvsscripts\Documents\Clients\DaVita Inc and related subsidiaries\Properties\98376\PP\2024\Scanned Documents\98376 - Tax Bill (2024) - Alameda County - Unsecured - 00-341800-00-000-23-00-00 Auto (2).pdf
2024-08-12T20:29:34.830Z - INFO: INSERT INTO tso.Document WITH AUTO NAME SELECT 823234 as BillID, 75 as Type, 'Tax Bill - Alameda County - Unsecured - 00-341800-00-000-23-00-00' as Name,'C:\Users\pvsscripts\Documents\Clients\DaVita Inc and related subsidiaries\Properties\98376\PP\2024\Scanned Documents\98376 - Tax Bill (2024) - Alameda County - Unsecured - 00-341800-00-000-23-00-00 Auto (2).pdf' as DocumentName, 1 as FileExists, 'L' as BillMethod;
2024-08-12T20:29:34.830Z - INFO: ---------------------------
2024-08-12T20:29:35.224Z - INFO: Scraping data for Alameda County with account_lookup '00-343117-00-000-21-00-00
2024-08-12T20:29:36.226Z - INFO: Navigated to: https://www.acgov.org/ptax_pub_app/UnsecuredSearchInit.do?showUnsecuredFromLookup=true
2024-08-12T20:29:37.622Z - INFO: PDF saved: C:\Users\pvsscripts\Documents\Clients\DaVita Inc and related subsidiaries\Properties\99576\PP\2024\Scanned Documents\99576 - Tax Bill (2024) - Alameda County - Unsecured - 00-343117-00-000-23-00-00 Auto (2).pdf
2024-08-12T20:29:37.708Z - INFO: INSERT INTO tso.Document WITH AUTO NAME SELECT 823278 as BillID, 75 as Type, 'Tax Bill - Alameda County - Unsecured - 00-343117-00-000-23-00-00' as Name,'C:\Users\pvsscripts\Documents\Clients\DaVita Inc and related subsidiaries\Properties\99576\PP\2024\Scanned Documents\99576 - Tax Bill (2024) - Alameda County - Unsecured - 00-343117-00-000-23-00-00 Auto (2).pdf' as DocumentName, 1 as FileExists, 'L' as BillMethod;
2024-08-12T20:29:37.708Z - INFO: ---------------------------
2024-08-12T20:29:38.106Z - INFO: Scraping data for Alameda County with account_lookup '00-343117-00-000-21-00-00
2024-08-12T20:29:39.149Z - INFO: Navigated to: https://www.acgov.org/ptax_pub_app/UnsecuredSearchInit.do?showUnsecuredFromLookup=true
2024-08-12T20:29:40.563Z - INFO: PDF saved: C:\Users\pvsscripts\Documents\Clients\DaVita Inc and related subsidiaries\Properties\113324\PP\2024\Scanned Documents\113324 - Tax Bill (2024) - Alameda County - Unsecured - 00-343117-00-000-23-00-00 Auto (2).pdf
2024-08-12T20:29:40.648Z - INFO: INSERT INTO tso.Document WITH AUTO NAME SELECT 823340 as BillID, 75 as Type, 'Tax Bill - Alameda County - Unsecured - 00-343117-00-000-23-00-00' as Name,'C:\Users\pvsscripts\Documents\Clients\DaVita Inc and related subsidiaries\Properties\113324\PP\2024\Scanned Documents\113324 - Tax Bill (2024) - Alameda County - Unsecured - 00-343117-00-000-23-00-00 Auto (2).pdf' as DocumentName, 1 as FileExists, 'L' as BillMethod;
2024-08-12T20:29:40.649Z - INFO: ---------------------------
2024-08-12T20:29:41.021Z - INFO: Scraping data for Alameda County with account_lookup '00-005763-00-016-21-00-00
2024-08-12T20:29:42.118Z - INFO: Navigated to: https://www.acgov.org/ptax_pub_app/UnsecuredSearchInit.do?showUnsecuredFromLookup=true
2024-08-12T20:29:43.497Z - INFO: PDF saved: C:\Users\pvsscripts\Documents\Clients\DaVita Inc and related subsidiaries\Properties\113326\PP\2024\Scanned Documents\113326 - Tax Bill (2024) - Alameda County - Unsecured - 00-005763-00-016-23-00-00 Auto (2).pdf
2024-08-12T20:29:43.578Z - INFO: INSERT INTO tso.Document WITH AUTO NAME SELECT 823342 as BillID, 75 as Type, 'Tax Bill - Alameda County - Unsecured - 00-005763-00-016-23-00-00' as Name,'C:\Users\pvsscripts\Documents\Clients\DaVita Inc and related subsidiaries\Properties\113326\PP\2024\Scanned Documents\113326 - Tax Bill (2024) - Alameda County - Unsecured - 00-005763-00-016-23-00-00 Auto (2).pdf' as DocumentName, 1 as FileExists, 'L' as BillMethod;
2024-08-12T20:29:43.579Z - INFO: ---------------------------
2024-08-12T20:29:43.949Z - INFO: Scraping data for Alameda County with account_lookup '00-395483-00-001-20-00-00
2024-08-12T20:29:44.992Z - INFO: Navigated to: https://www.acgov.org/ptax_pub_app/UnsecuredSearchInit.do?showUnsecuredFromLookup=true
2024-08-12T20:29:46.380Z - INFO: PDF saved: C:\Users\pvsscripts\Documents\Clients\DaVita Inc and related subsidiaries\Properties\166306\PP\2024\Scanned Documents\166306 - Tax Bill (2024) - Alameda County - Unsecured - 00-395483-00-001-23-00-00 Auto (2).pdf
2024-08-12T20:29:46.457Z - INFO: INSERT INTO tso.Document WITH AUTO NAME SELECT 823852 as BillID, 75 as Type, 'Tax Bill - Alameda County - Unsecured - 00-395483-00-001-23-00-00' as Name,'C:\Users\pvsscripts\Documents\Clients\DaVita Inc and related subsidiaries\Properties\166306\PP\2024\Scanned Documents\166306 - Tax Bill (2024) - Alameda County - Unsecured - 00-395483-00-001-23-00-00 Auto (2).pdf' as DocumentName, 1 as FileExists, 'L' as BillMethod;
2024-08-12T20:29:46.458Z - INFO: ---------------------------
2024-08-12T20:29:46.833Z - INFO: Scraping data for Alameda County with account_lookup '00-395480-00-001-21-00-00
2024-08-12T20:29:47.822Z - INFO: Navigated to: https://www.acgov.org/ptax_pub_app/UnsecuredSearchInit.do?showUnsecuredFromLookup=true
2024-08-12T20:29:49.247Z - INFO: PDF saved: C:\Users\pvsscripts\Documents\Clients\DaVita Inc and related subsidiaries\Properties\166328\PP\2024\Scanned Documents\166328 - Tax Bill (2024) - Alameda County - Unsecured - 00-395480-00-001-23-00-00 Auto (2).pdf
2024-08-12T20:29:49.331Z - INFO: INSERT INTO tso.Document WITH AUTO NAME SELECT 823868 as BillID, 75 as Type, 'Tax Bill - Alameda County - Unsecured - 00-395480-00-001-23-00-00' as Name,'C:\Users\pvsscripts\Documents\Clients\DaVita Inc and related subsidiaries\Properties\166328\PP\2024\Scanned Documents\166328 - Tax Bill (2024) - Alameda County - Unsecured - 00-395480-00-001-23-00-00 Auto (2).pdf' as DocumentName, 1 as FileExists, 'L' as BillMethod;
2024-08-12T20:29:49.332Z - INFO: ---------------------------
2024-08-12T20:29:49.705Z - INFO: Scraping data for Alameda County with account_lookup '00-005763-00-016-21-00-00
2024-08-12T20:29:50.741Z - INFO: Navigated to: https://www.acgov.org/ptax_pub_app/UnsecuredSearchInit.do?showUnsecuredFromLookup=true
2024-08-12T20:29:52.249Z - INFO: PDF saved: C:\Users\pvsscripts\Documents\Clients\DaVita Inc and related subsidiaries\Properties\166329\PP\2024\Scanned Documents\166329 - Tax Bill (2024) - Alameda County - Unsecured - 00-005763-00-016-23-00-00 Auto (2).pdf
2024-08-12T20:29:52.333Z - INFO: INSERT INTO tso.Document WITH AUTO NAME SELECT 823869 as BillID, 75 as Type, 'Tax Bill - Alameda County - Unsecured - 00-005763-00-016-23-00-00' as Name,'C:\Users\pvsscripts\Documents\Clients\DaVita Inc and related subsidiaries\Properties\166329\PP\2024\Scanned Documents\166329 - Tax Bill (2024) - Alameda County - Unsecured - 00-005763-00-016-23-00-00 Auto (2).pdf' as DocumentName, 1 as FileExists, 'L' as BillMethod;
2024-08-12T20:29:52.334Z - INFO: ---------------------------
2024-08-12T20:29:52.705Z - INFO: Scraping data for Alameda County with account_lookup '00-005763-00-016-21-00-00
2024-08-12T20:29:53.740Z - INFO: Navigated to: https://www.acgov.org/ptax_pub_app/UnsecuredSearchInit.do?showUnsecuredFromLookup=true
2024-08-12T20:29:55.120Z - INFO: PDF saved: C:\Users\pvsscripts\Documents\Clients\DaVita Inc and related subsidiaries\Properties\166330\PP\2024\Scanned Documents\166330 - Tax Bill (2024) - Alameda County - Unsecured - 00-005763-00-016-23-00-00 Auto (2).pdf
2024-08-12T20:29:55.206Z - INFO: INSERT INTO tso.Document WITH AUTO NAME SELECT 823870 as BillID, 75 as Type, 'Tax Bill - Alameda County - Unsecured - 00-005763-00-016-23-00-00' as Name,'C:\Users\pvsscripts\Documents\Clients\DaVita Inc and related subsidiaries\Properties\166330\PP\2024\Scanned Documents\166330 - Tax Bill (2024) - Alameda County - Unsecured - 00-005763-00-016-23-00-00 Auto (2).pdf' as DocumentName, 1 as FileExists, 'L' as BillMethod;
2024-08-12T20:29:55.206Z - INFO: ---------------------------
2024-08-12T20:29:55.588Z - INFO: Scraping data for Alameda County with account_lookup '00-005763-00-014-21-00-00
2024-08-12T20:29:56.631Z - INFO: Navigated to: https://www.acgov.org/ptax_pub_app/UnsecuredSearchInit.do?showUnsecuredFromLookup=true
2024-08-12T20:29:58.026Z - INFO: PDF saved: C:\Users\pvsscripts\Documents\Clients\DaVita Inc and related subsidiaries\Properties\166331\PP\2024\Scanned Documents\166331 - Tax Bill (2024) - Alameda County - Unsecured - 00-005763-00-014-23-00-00 Auto (2).pdf
2024-08-12T20:29:58.106Z - INFO: INSERT INTO tso.Document WITH AUTO NAME SELECT 823871 as BillID, 75 as Type, 'Tax Bill - Alameda County - Unsecured - 00-005763-00-014-23-00-00' as Name,'C:\Users\pvsscripts\Documents\Clients\DaVita Inc and related subsidiaries\Properties\166331\PP\2024\Scanned Documents\166331 - Tax Bill (2024) - Alameda County - Unsecured - 00-005763-00-014-23-00-00 Auto (2).pdf' as DocumentName, 1 as FileExists, 'L' as BillMethod;
2024-08-12T20:29:58.106Z - INFO: ---------------------------
2024-08-12T20:29:58.480Z - INFO: Scraping data for Alameda County with account_lookup '00-395438-00-001-21-00-00
2024-08-12T20:29:59.685Z - INFO: Navigated to: https://www.acgov.org/ptax_pub_app/UnsecuredSearchInit.do?showUnsecuredFromLookup=true
2024-08-12T20:30:02.072Z - INFO: PDF saved: C:\Users\pvsscripts\Documents\Clients\DaVita Inc and related subsidiaries\Properties\207669\PP\2024\Scanned Documents\207669 - Tax Bill (2024) - Alameda County - Unsecured - 00-395438-00-001-23-00-00 Auto (2).pdf
2024-08-12T20:30:02.160Z - INFO: INSERT INTO tso.Document WITH AUTO NAME SELECT 823911 as BillID, 75 as Type, 'Tax Bill - Alameda County - Unsecured - 00-395438-00-001-23-00-00' as Name,'C:\Users\pvsscripts\Documents\Clients\DaVita Inc and related subsidiaries\Properties\207669\PP\2024\Scanned Documents\207669 - Tax Bill (2024) - Alameda County - Unsecured - 00-395438-00-001-23-00-00 Auto (2).pdf' as DocumentName, 1 as FileExists, 'L' as BillMethod;
2024-08-12T20:30:02.160Z - INFO: ---------------------------
2024-08-12T20:30:02.587Z - INFO: Scraping data for Alameda County with account_lookup '00-399502-00-001-22-00-00
2024-08-12T20:30:03.647Z - INFO: Navigated to: https://www.acgov.org/ptax_pub_app/UnsecuredSearchInit.do?showUnsecuredFromLookup=true
2024-08-12T20:30:05.027Z - INFO: PDF saved: C:\Users\pvsscripts\Documents\Clients\IVX Health\Properties\309704\PP\2024\Scanned Documents\309704 - Tax Bill (2024) - Alameda County - Unsecured - 00-399502-00-001-23-00-00 Auto (2).pdf
2024-08-12T20:30:05.104Z - INFO: INSERT INTO tso.Document WITH AUTO NAME SELECT 830905 as BillID, 75 as Type, 'Tax Bill - Alameda County - Unsecured - 00-399502-00-001-23-00-00' as Name,'C:\Users\pvsscripts\Documents\Clients\IVX Health\Properties\309704\PP\2024\Scanned Documents\309704 - Tax Bill (2024) - Alameda County - Unsecured - 00-399502-00-001-23-00-00 Auto (2).pdf' as DocumentName, 1 as FileExists, 'L' as BillMethod;
2024-08-12T20:30:05.104Z - INFO: ---------------------------
2024-08-12T20:30:05.524Z - INFO: Scraping data for Alameda County with account_lookup '00-395325-16
2024-08-12T20:30:05.524Z - ERROR: Bad Account Lookup 0039532516
2024-08-12T20:30:05.610Z - INFO: ---------------------------
2024-08-12T20:30:06.009Z - INFO: Scraping data for Alameda County with account_lookup '00-395325-15
2024-08-12T20:30:06.010Z - ERROR: Bad Account Lookup 0039532515
2024-08-12T20:30:06.089Z - INFO: ---------------------------
2024-08-12T20:30:06.487Z - INFO: Scraping data for Alameda County with account_lookup '395325-7
2024-08-12T20:30:06.487Z - ERROR: Bad Account Lookup 3953257
2024-08-12T20:30:06.569Z - INFO: ---------------------------
2024-08-12T20:30:06.950Z - INFO: Scraping data for Alameda County with account_lookup '395325-5
2024-08-12T20:30:06.951Z - ERROR: Bad Account Lookup 3953255
2024-08-12T20:30:07.549Z - INFO: ---------------------------
2024-08-12T20:30:07.923Z - INFO: Scraping data for Alameda County with account_lookup '395325-17
2024-08-12T20:30:07.923Z - ERROR: Bad Account Lookup 39532517
2024-08-12T20:30:08.534Z - INFO: ---------------------------
2024-08-12T20:30:08.934Z - INFO: Scraping data for Alameda County with account_lookup '395325-3
2024-08-12T20:30:08.934Z - ERROR: Bad Account Lookup 3953253
2024-08-12T20:30:09.015Z - INFO: ---------------------------
2024-08-12T20:30:09.383Z - INFO: Scraping data for Alameda County with account_lookup '395325-2
2024-08-12T20:30:09.384Z - ERROR: Bad Account Lookup 3953252
2024-08-12T20:30:09.463Z - INFO: ---------------------------
2024-08-12T20:30:09.865Z - INFO: Scraping data for Alameda County with account_lookup '00-395325-00-007-21-00-00
2024-08-12T20:30:10.876Z - INFO: Navigated to: https://www.acgov.org/ptax_pub_app/UnsecuredSearchInit.do?showUnsecuredFromLookup=true
2024-08-12T20:30:12.278Z - INFO: PDF saved: C:\Users\pvsscripts\Documents\Clients\Renal Therapies - FMC\Properties\280226\PP\2024\Scanned Documents\280226 - Tax Bill (2024) - Alameda County - Unsecured - 00-395325-00-007-23-00-00 Auto (2).pdf
2024-08-12T20:30:12.909Z - INFO: INSERT INTO tso.Document WITH AUTO NAME SELECT 838932 as BillID, 75 as Type, 'Tax Bill - Alameda County - Unsecured - 00-395325-00-007-23-00-00' as Name,'C:\Users\pvsscripts\Documents\Clients\Renal Therapies - FMC\Properties\280226\PP\2024\Scanned Documents\280226 - Tax Bill (2024) - Alameda County - Unsecured - 00-395325-00-007-23-00-00 Auto (2).pdf' as DocumentName, 1 as FileExists, 'L' as BillMethod;
2024-08-12T20:30:12.910Z - INFO: ---------------------------
2024-08-12T20:30:13.271Z - INFO: Scraping data for Alameda County with account_lookup '395325-6
2024-08-12T20:30:13.271Z - ERROR: Bad Account Lookup 3953256
2024-08-12T20:30:13.349Z - INFO: ---------------------------
2024-08-12T20:30:13.722Z - INFO: Scraping data for Alameda County with account_lookup '395325-1
2024-08-12T20:30:13.722Z - ERROR: Bad Account Lookup 3953251
2024-08-12T20:30:14.333Z - INFO: ---------------------------
2024-08-12T20:30:14.698Z - INFO: Scraping data for Alameda County with account_lookup '395325-4
2024-08-12T20:30:14.699Z - ERROR: Bad Account Lookup 3953254
2024-08-12T20:30:14.780Z - INFO: ---------------------------
2024-08-12T20:30:15.171Z - INFO: Scraping data for Alameda County with account_lookup '395325-9
2024-08-12T20:30:15.171Z - ERROR: Bad Account Lookup 3953259
2024-08-12T20:30:15.249Z - INFO: ---------------------------
2024-08-12T20:30:15.648Z - INFO: Scraping data for Alameda County with account_lookup '395325-8
2024-08-12T20:30:15.648Z - ERROR: Bad Account Lookup 3953258
2024-08-12T20:30:16.258Z - INFO: ---------------------------
2024-08-12T20:30:16.660Z - INFO: Scraping data for Alameda County with account_lookup '00395325-14
2024-08-12T20:30:16.660Z - ERROR: Bad Account Lookup 0039532514
2024-08-12T20:30:16.743Z - INFO: ---------------------------
2024-08-12T20:30:17.122Z - INFO: Scraping data for Alameda County with account_lookup '395325-4
2024-08-12T20:30:17.122Z - ERROR: Bad Account Lookup 3953254
2024-08-12T20:30:17.204Z - INFO: ---------------------------
2024-08-12T20:30:17.584Z - INFO: Scraping data for Alameda County with account_lookup '395325-10
2024-08-12T20:30:17.585Z - ERROR: Bad Account Lookup 39532510
2024-08-12T20:30:17.665Z - INFO: ---------------------------
2024-08-12T20:30:18.069Z - INFO: Scraping data for Alameda County with account_lookup '395325-13
2024-08-12T20:30:18.070Z - ERROR: Bad Account Lookup 39532513
2024-08-12T20:30:18.151Z - INFO: ---------------------------
2024-08-12T20:30:18.521Z - INFO: Scraping data for Alameda County with account_lookup '395325-12
2024-08-12T20:30:18.521Z - ERROR: Bad Account Lookup 39532512
2024-08-12T20:30:18.600Z - INFO: ---------------------------
2024-08-12T20:30:18.968Z - INFO: Scraping data for Alameda County with account_lookup '395325-11
2024-08-12T20:30:18.968Z - ERROR: Bad Account Lookup 39532511
2024-08-12T20:30:19.570Z - INFO: ---------------------------
2024-08-12T20:30:19.967Z - INFO: Scraping data for Alameda County with account_lookup '00-362749-00-001-23-00-00
2024-08-12T20:30:20.976Z - INFO: Navigated to: https://www.acgov.org/ptax_pub_app/UnsecuredSearchInit.do?showUnsecuredFromLookup=true
2024-08-12T20:30:22.347Z - INFO: PDF saved: C:\Users\pvsscripts\Documents\Clients\Community Psychiatry Management LLC  dba Mindpath Health\Properties\404197\PP\2024\Scanned Documents\404197 - Tax Bill (2024) - Alameda County - Unsecured - 00-362749-00-001-23-00-00 Auto (2).pdf
2024-08-12T20:30:22.433Z - INFO: INSERT INTO tso.Document WITH AUTO NAME SELECT 846681 as BillID, 75 as Type, 'Tax Bill - Alameda County - Unsecured - 00-362749-00-001-23-00-00' as Name,'C:\Users\pvsscripts\Documents\Clients\Community Psychiatry Management LLC  dba Mindpath Health\Properties\404197\PP\2024\Scanned Documents\404197 - Tax Bill (2024) - Alameda County - Unsecured - 00-362749-00-001-23-00-00 Auto (2).pdf' as DocumentName, 1 as FileExists, 'L' as BillMethod;
2024-08-12T20:30:22.442Z - INFO: ---------------------------
2024-08-12T20:30:22.857Z - INFO: Scraping data for Alameda County with account_lookup '02-362749-00-005-23-00-00
2024-08-12T20:30:24.004Z - INFO: Navigated to: https://www.acgov.org/ptax_pub_app/UnsecuredSearchInit.do?showUnsecuredFromLookup=true
2024-08-12T20:30:25.404Z - INFO: PDF saved: C:\Users\pvsscripts\Documents\Clients\Community Psychiatry Management LLC  dba Mindpath Health\Properties\404199\PP\2024\Scanned Documents\404199 - Tax Bill (2024) - Alameda County - Unsecured - 02-362749-00-005-23-00-00 Auto (2).pdf
2024-08-12T20:30:25.526Z - INFO: INSERT INTO tso.Document WITH AUTO NAME SELECT 846683 as BillID, 75 as Type, 'Tax Bill - Alameda County - Unsecured - 02-362749-00-005-23-00-00' as Name,'C:\Users\pvsscripts\Documents\Clients\Community Psychiatry Management LLC  dba Mindpath Health\Properties\404199\PP\2024\Scanned Documents\404199 - Tax Bill (2024) - Alameda County - Unsecured - 02-362749-00-005-23-00-00 Auto (2).pdf' as DocumentName, 1 as FileExists, 'L' as BillMethod;
2024-08-12T20:30:25.526Z - INFO: ---------------------------
2024-08-12T20:30:25.920Z - INFO: Scraping data for Alameda County with account_lookup '02-362749-00-003-23-00-00
2024-08-12T20:30:27.131Z - INFO: Navigated to: https://www.acgov.org/ptax_pub_app/UnsecuredSearchInit.do?showUnsecuredFromLookup=true
2024-08-12T20:30:28.533Z - INFO: PDF saved: C:\Users\pvsscripts\Documents\Clients\Community Psychiatry Management LLC  dba Mindpath Health\Properties\404203\PP\2024\Scanned Documents\404203 - Tax Bill (2024) - Alameda County - Unsecured - 02-362749-00-003-23-00-00 Auto (2).pdf
2024-08-12T20:30:28.623Z - INFO: INSERT INTO tso.Document WITH AUTO NAME SELECT 846687 as BillID, 75 as Type, 'Tax Bill - Alameda County - Unsecured - 02-362749-00-003-23-00-00' as Name,'C:\Users\pvsscripts\Documents\Clients\Community Psychiatry Management LLC  dba Mindpath Health\Properties\404203\PP\2024\Scanned Documents\404203 - Tax Bill (2024) - Alameda County - Unsecured - 02-362749-00-003-23-00-00 Auto (2).pdf' as DocumentName, 1 as FileExists, 'L' as BillMethod;
2024-08-12T20:30:28.624Z - INFO: ---------------------------
2024-08-12T20:30:28.992Z - INFO: Scraping data for Alameda County with account_lookup '00-362749-00-007-23-00-00
2024-08-12T20:30:30.003Z - INFO: Navigated to: https://www.acgov.org/ptax_pub_app/UnsecuredSearchInit.do?showUnsecuredFromLookup=true
2024-08-12T20:30:31.412Z - INFO: PDF saved: C:\Users\pvsscripts\Documents\Clients\Community Psychiatry Management LLC  dba Mindpath Health\Properties\404205\PP\2024\Scanned Documents\404205 - Tax Bill (2024) - Alameda County - Unsecured - 00-362749-00-007-23-00-00 Auto (2).pdf
2024-08-12T20:30:31.491Z - INFO: INSERT INTO tso.Document WITH AUTO NAME SELECT 846689 as BillID, 75 as Type, 'Tax Bill - Alameda County - Unsecured - 00-362749-00-007-23-00-00' as Name,'C:\Users\pvsscripts\Documents\Clients\Community Psychiatry Management LLC  dba Mindpath Health\Properties\404205\PP\2024\Scanned Documents\404205 - Tax Bill (2024) - Alameda County - Unsecured - 00-362749-00-007-23-00-00 Auto (2).pdf' as DocumentName, 1 as FileExists, 'L' as BillMethod;
2024-08-12T20:30:31.491Z - INFO: ---------------------------
2024-08-12T20:30:31.865Z - INFO: Scraping data for Alameda County with account_lookup '00-362749-00-002-23-00-00
2024-08-12T20:30:33.072Z - INFO: Navigated to: https://www.acgov.org/ptax_pub_app/UnsecuredSearchInit.do?showUnsecuredFromLookup=true
2024-08-12T20:30:34.443Z - INFO: PDF saved: C:\Users\pvsscripts\Documents\Clients\Community Psychiatry Management LLC  dba Mindpath Health\Properties\404445\PP\2024\Scanned Documents\404445 - Tax Bill (2024) - Alameda County - Unsecured - 00-362749-00-002-23-00-00 Auto (2).pdf
2024-08-12T20:30:35.048Z - INFO: INSERT INTO tso.Document WITH AUTO NAME SELECT 846946 as BillID, 75 as Type, 'Tax Bill - Alameda County - Unsecured - 00-362749-00-002-23-00-00' as Name,'C:\Users\pvsscripts\Documents\Clients\Community Psychiatry Management LLC  dba Mindpath Health\Properties\404445\PP\2024\Scanned Documents\404445 - Tax Bill (2024) - Alameda County - Unsecured - 00-362749-00-002-23-00-00 Auto (2).pdf' as DocumentName, 1 as FileExists, 'L' as BillMethod;
2024-08-12T20:30:35.048Z - INFO: ---------------------------
2024-08-12T20:30:35.431Z - INFO: Scraping data for Alameda County with account_lookup '003202530000000
2024-08-12T20:30:35.432Z - ERROR: Bad Account Lookup 003202530000000
2024-08-12T20:30:35.512Z - INFO: ---------------------------
2024-08-12T20:30:35.904Z - INFO: Scraping data for Alameda County with account_lookup '0040949700001230000
2024-08-12T20:30:36.900Z - INFO: Navigated to: https://www.acgov.org/ptax_pub_app/UnsecuredSearchInit.do?showUnsecuredFromLookup=true
2024-08-12T20:30:38.324Z - INFO: PDF saved: C:\Users\pvsscripts\Documents\Clients\Premise Health\Properties\405654\PP\2024\Scanned Documents\405654 - Tax Bill (2024) - Alameda County - Unsecured - 0040949700001230000 Auto (2).pdf
2024-08-12T20:30:38.921Z - INFO: INSERT INTO tso.Document WITH AUTO NAME SELECT 849581 as BillID, 75 as Type, 'Tax Bill - Alameda County - Unsecured - 0040949700001230000' as Name,'C:\Users\pvsscripts\Documents\Clients\Premise Health\Properties\405654\PP\2024\Scanned Documents\405654 - Tax Bill (2024) - Alameda County - Unsecured - 0040949700001230000 Auto (2).pdf' as DocumentName, 1 as FileExists, 'L' as BillMethod;
2024-08-12T20:30:38.922Z - INFO: ---------------------------
2024-08-12T20:30:39.308Z - INFO: Scraping data for Alameda County with account_lookup '003007900000000
2024-08-12T20:30:39.308Z - ERROR: Bad Account Lookup 003007900000000
2024-08-12T20:30:39.386Z - INFO: ---------------------------
2024-08-12T20:30:39.752Z - INFO: Scraping data for Alameda County with account_lookup '003284360000200
2024-08-12T20:30:39.752Z - ERROR: Bad Account Lookup 003284360000200
2024-08-12T20:30:39.832Z - INFO: ---------------------------
2024-08-12T20:30:40.196Z - INFO: Scraping data for Alameda County with account_lookup '004018800000100
2024-08-12T20:30:40.197Z - ERROR: Bad Account Lookup 004018800000100
2024-08-12T20:30:40.271Z - INFO: ---------------------------
2024-08-12T20:30:40.664Z - INFO: Scraping data for Alameda County with account_lookup '003284360000100
2024-08-12T20:30:40.664Z - ERROR: Bad Account Lookup 003284360000100
2024-08-12T20:30:40.741Z - INFO: ---------------------------
2024-08-12T20:30:41.133Z - INFO: Scraping data for Alameda County with account_lookup '003637030000000
2024-08-12T20:30:41.133Z - ERROR: Bad Account Lookup 003637030000000
2024-08-12T20:30:41.212Z - INFO: ---------------------------
2024-08-12T20:30:41.608Z - INFO: Scraping data for Alameda County with account_lookup '003284360000000
2024-08-12T20:30:41.609Z - ERROR: Bad Account Lookup 003284360000000
2024-08-12T20:30:41.688Z - INFO: ========================================
2024-08-12T20:30:41.689Z - INFO: Total successful runs: 69
2024-08-12T20:30:41.689Z - INFO: Total failed runs: 30
2024-08-12T20:30:41.689Z - INFO: ========================================
2024-08-12T20:30:41.689Z - INFO: Total execution time - 233.351 seconds.
