2024-08-08T20:38:32.923Z - INFO: Total Records: 100
2024-08-08T20:38:33.290Z - INFO: ---------------------------
2024-08-08T20:38:33.798Z - INFO: Scraping data for Alameda County with account_lookup '01-236576-00-001-21-00-00
2024-08-08T20:38:35.115Z - INFO: Navigated to: https://www.acgov.org/ptax_pub_app/UnsecuredSearchInit.do?showUnsecuredFromLookup=true
2024-08-08T20:38:36.589Z - INFO: PDF saved: O:\Clients\Alliance HealthCare Services\Properties\16018\PP\2024\Scanned Documents\16018 - Tax Bill (2024) - Alameda County - Unsecured - 01-236576-00-001-23-00-00 Auto.pdf
2024-08-08T20:38:36.665Z - INFO: ---------------------------
2024-08-08T20:38:37.063Z - INFO: Scraping data for Alameda County with account_lookup '01-236576-00-005-23-00-00
2024-08-08T20:38:38.058Z - INFO: Navigated to: https://www.acgov.org/ptax_pub_app/UnsecuredSearchInit.do?showUnsecuredFromLookup=true
2024-08-08T20:38:39.536Z - INFO: PDF saved: O:\Clients\Alliance HealthCare Services\Properties\49736\PP\2024\Scanned Documents\49736 - Tax Bill (2024) - Alameda County - Unsecured - 01-236576-00-005-23-00-00 Auto.pdf
2024-08-08T20:38:39.615Z - INFO: ---------------------------
2024-08-08T20:38:40.014Z - INFO: Scraping data for Alameda County with account_lookup '01-236576-00-000-19-00-00-
2024-08-08T20:38:41.420Z - INFO: Navigated to: https://www.acgov.org/ptax_pub_app/UnsecuredSearchInit.do?showUnsecuredFromLookup=true
2024-08-08T20:38:43.010Z - INFO: PDF saved: O:\Clients\Alliance HealthCare Services\Properties\59999\PP\2024\Scanned Documents\59999 - Tax Bill (2024) - Alameda County - Unsecured - 01-236576-00-000-19-00-00- Auto.pdf
2024-08-08T20:38:43.090Z - INFO: ---------------------------
2024-08-08T20:38:43.463Z - INFO: Scraping data for Alameda County with account_lookup '01-236576-00-000-22-00-00
2024-08-08T20:38:44.529Z - INFO: Navigated to: https://www.acgov.org/ptax_pub_app/UnsecuredSearchInit.do?showUnsecuredFromLookup=true
2024-08-08T20:38:46.042Z - INFO: PDF saved: O:\Clients\Alliance HealthCare Services\Properties\60008\PP\2024\Scanned Documents\60008 - Tax Bill (2024) - Alameda County - Unsecured - 01-236576-00-000-23-00-00 Auto.pdf
2024-08-08T20:38:46.121Z - INFO: ---------------------------
2024-08-08T20:38:46.517Z - INFO: Scraping data for Alameda County with account_lookup '411274-1
2024-08-08T20:38:46.517Z - ERROR: Bad Account Lookup 4112741
2024-08-08T20:38:47.118Z - INFO: ========================================
2024-08-08T20:38:47.118Z - INFO: Total successful runs: 99
2024-08-08T20:38:47.118Z - INFO: Total failed runs: 1
2024-08-08T20:38:47.119Z - INFO: ========================================
