2024-08-07T21:39:25.532Z - INFO: ---------------------------
2024-08-07T21:39:26.046Z - INFO: Scraping data for Alameda County with account_lookup '01-236576-00-001-21-00-00
2024-08-07T21:39:27.082Z - INFO: Navigated to: https://www.acgov.org/ptax_pub_app/UnsecuredSearchInit.do?showUnsecuredFromLookup=true
2024-08-07T21:39:28.767Z - INFO: PDF saved: outputs/AlamedaCountyPP/0123657600001210000/0123657600001210000-2024.pdf
2024-08-07T21:39:28.843Z - INFO: ---------------------------
2024-08-07T21:39:29.235Z - INFO: Scraping data for Alameda County with account_lookup '01-236576-00-005-23-00-00
2024-08-07T21:39:30.290Z - INFO: Navigated to: https://www.acgov.org/ptax_pub_app/UnsecuredSearchInit.do?showUnsecuredFromLookup=true
2024-08-07T21:39:31.666Z - INFO: PDF saved: outputs/AlamedaCountyPP/0123657600005230000/0123657600005230000-2024.pdf
2024-08-07T21:39:31.743Z - INFO: ---------------------------
2024-08-07T21:39:32.113Z - INFO: Scraping data for Alameda County with account_lookup '01-236576-00-000-19-00-00-
2024-08-07T21:39:33.123Z - INFO: Navigated to: https://www.acgov.org/ptax_pub_app/UnsecuredSearchInit.do?showUnsecuredFromLookup=true
2024-08-07T21:39:34.633Z - INFO: PDF saved: outputs/AlamedaCountyPP/0123657600000190000/0123657600000190000-2024.pdf
2024-08-07T21:39:34.711Z - INFO: ---------------------------
2024-08-07T21:39:35.106Z - INFO: Scraping data for Alameda County with account_lookup '01-236576-00-000-22-00-00
2024-08-07T21:39:36.127Z - INFO: Navigated to: https://www.acgov.org/ptax_pub_app/UnsecuredSearchInit.do?showUnsecuredFromLookup=true
2024-08-07T21:39:37.518Z - INFO: PDF saved: outputs/AlamedaCountyPP/0123657600000220000/0123657600000220000-2024.pdf
2024-08-07T21:39:37.602Z - INFO: ---------------------------
2024-08-07T21:39:38.002Z - INFO: Scraping data for Alameda County with account_lookup '411274-1
2024-08-07T21:39:38.002Z - ERROR: Bad Account Lookup 4112741
2024-08-07T21:39:38.612Z - INFO: ---------------------------
2024-08-07T21:39:38.994Z - INFO: Scraping data for Alameda County with account_lookup '01-236576-00-000-19-00-00-
2024-08-07T21:39:40.041Z - INFO: Navigated to: https://www.acgov.org/ptax_pub_app/UnsecuredSearchInit.do?showUnsecuredFromLookup=true
2024-08-07T21:39:41.419Z - INFO: PDF saved: outputs/AlamedaCountyPP/0123657600000190000/0123657600000190000-2024.pdf
2024-08-07T21:39:41.498Z - INFO: ---------------------------
2024-08-07T21:39:41.893Z - INFO: Scraping data for Alameda County with account_lookup '00-301425-00-002-21-00-00
2024-08-07T21:39:42.912Z - INFO: Navigated to: https://www.acgov.org/ptax_pub_app/UnsecuredSearchInit.do?showUnsecuredFromLookup=true
2024-08-07T21:39:44.331Z - INFO: PDF saved: outputs/AlamedaCountyPP/0030142500002210000/0030142500002210000-2024.pdf
2024-08-07T21:39:44.410Z - INFO: ---------------------------
2024-08-07T21:39:44.770Z - INFO: Scraping data for Alameda County with account_lookup '00-301425-00-003-21-00-00
2024-08-07T21:39:45.950Z - INFO: Navigated to: https://www.acgov.org/ptax_pub_app/UnsecuredSearchInit.do?showUnsecuredFromLookup=true
2024-08-07T21:39:47.728Z - INFO: PDF saved: outputs/AlamedaCountyPP/0030142500003210000/0030142500003210000-2024.pdf
2024-08-07T21:39:47.807Z - INFO: ---------------------------
2024-08-07T21:39:48.195Z - INFO: Scraping data for Alameda County with account_lookup '00-301425-00-003-22-00-00
2024-08-07T21:39:49.195Z - INFO: Navigated to: https://www.acgov.org/ptax_pub_app/UnsecuredSearchInit.do?showUnsecuredFromLookup=true
2024-08-07T21:39:50.584Z - INFO: PDF saved: outputs/AlamedaCountyPP/0030142500003220000/0030142500003220000-2024.pdf
2024-08-07T21:39:51.197Z - INFO: ---------------------------
2024-08-07T21:39:51.588Z - INFO: Scraping data for Alameda County with account_lookup '00-368705-00-001-21-00-00
2024-08-07T21:39:52.571Z - INFO: Navigated to: https://www.acgov.org/ptax_pub_app/UnsecuredSearchInit.do?showUnsecuredFromLookup=true
2024-08-07T21:39:53.988Z - INFO: PDF saved: outputs/AlamedaCountyPP/0036870500001210000/0036870500001210000-2024.pdf
2024-08-07T21:39:54.600Z - INFO: ---------------------------
2024-08-07T21:39:54.956Z - INFO: Scraping data for Alameda County with account_lookup '00-368700-00-001-21-00-00
2024-08-07T21:39:55.990Z - INFO: Navigated to: https://www.acgov.org/ptax_pub_app/UnsecuredSearchInit.do?showUnsecuredFromLookup=true
2024-08-07T21:39:57.364Z - INFO: PDF saved: outputs/AlamedaCountyPP/0036870000001210000/0036870000001210000-2024.pdf
2024-08-07T21:39:57.440Z - INFO: ---------------------------
2024-08-07T21:39:57.835Z - INFO: Scraping data for Alameda County with account_lookup '00-301425-00-001-21-00-00
2024-08-07T21:39:58.835Z - INFO: Navigated to: https://www.acgov.org/ptax_pub_app/UnsecuredSearchInit.do?showUnsecuredFromLookup=true
2024-08-07T21:40:01.469Z - INFO: PDF saved: outputs/AlamedaCountyPP/0030142500001210000/0030142500001210000-2024.pdf
2024-08-07T21:40:02.203Z - INFO: ---------------------------
2024-08-07T21:40:02.577Z - INFO: Scraping data for Alameda County with account_lookup '00-301425-00-000-21-00-00
2024-08-07T21:40:03.662Z - INFO: Navigated to: https://www.acgov.org/ptax_pub_app/UnsecuredSearchInit.do?showUnsecuredFromLookup=true
2024-08-07T21:40:05.245Z - INFO: PDF saved: outputs/AlamedaCountyPP/0030142500000210000/0030142500000210000-2024.pdf
2024-08-07T21:40:05.864Z - INFO: ---------------------------
2024-08-07T21:40:06.215Z - INFO: Scraping data for Alameda County with account_lookup '00-00419-00-007-21-00-00
2024-08-07T21:40:06.215Z - ERROR: Bad Account Lookup 000041900007210000
2024-08-07T21:40:06.288Z - INFO: ---------------------------
2024-08-07T21:40:06.614Z - INFO: Scraping data for Alameda County with account_lookup '00-395377-00-001-21-00-00
2024-08-07T21:40:07.826Z - INFO: Navigated to: https://www.acgov.org/ptax_pub_app/UnsecuredSearchInit.do?showUnsecuredFromLookup=true
2024-08-07T21:40:09.244Z - INFO: PDF saved: outputs/AlamedaCountyPP/0039537700001210000/0039537700001210000-2024.pdf
2024-08-07T21:40:09.849Z - INFO: ---------------------------
2024-08-07T21:40:10.164Z - INFO: Scraping data for Alameda County with account_lookup '00-322322-00-000-20-00-00
2024-08-07T21:40:11.164Z - INFO: Navigated to: https://www.acgov.org/ptax_pub_app/UnsecuredSearchInit.do?showUnsecuredFromLookup=true
2024-08-07T21:40:12.518Z - INFO: PDF saved: outputs/AlamedaCountyPP/0032232200000200000/0032232200000200000-2024.pdf
2024-08-07T21:40:12.604Z - INFO: ---------------------------
2024-08-07T21:40:12.935Z - INFO: Scraping data for Alameda County with account_lookup '00-026434-00-000-22-00-00
2024-08-07T21:40:13.959Z - INFO: Navigated to: https://www.acgov.org/ptax_pub_app/UnsecuredSearchInit.do?showUnsecuredFromLookup=true
2024-08-07T21:40:15.341Z - INFO: PDF saved: outputs/AlamedaCountyPP/0002643400000220000/0002643400000220000-2024.pdf
2024-08-07T21:40:15.420Z - INFO: ---------------------------
2024-08-07T21:40:15.771Z - INFO: Scraping data for Alameda County with account_lookup '00-349301-00-000-22-00-00
2024-08-07T21:40:16.797Z - INFO: Navigated to: https://www.acgov.org/ptax_pub_app/UnsecuredSearchInit.do?showUnsecuredFromLookup=true
2024-08-07T21:40:18.674Z - INFO: PDF saved: outputs/AlamedaCountyPP/0034930100000220000/0034930100000220000-2024.pdf
2024-08-07T21:40:18.748Z - INFO: ---------------------------
2024-08-07T21:40:19.093Z - INFO: Scraping data for Alameda County with account_lookup '00-330119-00-000-21-00-00
2024-08-07T21:40:20.090Z - INFO: Navigated to: https://www.acgov.org/ptax_pub_app/UnsecuredSearchInit.do?showUnsecuredFromLookup=true
2024-08-07T21:40:21.446Z - INFO: PDF saved: outputs/AlamedaCountyPP/0033011900000210000/0033011900000210000-2024.pdf
2024-08-07T21:40:21.522Z - INFO: ---------------------------
2024-08-07T21:40:21.847Z - INFO: Scraping data for Alameda County with account_lookup '02-330119-00-002-21-00-00
2024-08-07T21:40:22.929Z - INFO: Navigated to: https://www.acgov.org/ptax_pub_app/UnsecuredSearchInit.do?showUnsecuredFromLookup=true
2024-08-07T21:40:24.276Z - INFO: PDF saved: outputs/AlamedaCountyPP/0233011900002210000/0233011900002210000-2024.pdf
2024-08-07T21:40:24.358Z - INFO: ---------------------------
2024-08-07T21:40:24.709Z - INFO: Scraping data for Alameda County with account_lookup '02-330119-00-003-21-00-00
2024-08-07T21:40:25.965Z - INFO: Navigated to: https://www.acgov.org/ptax_pub_app/UnsecuredSearchInit.do?showUnsecuredFromLookup=true
2024-08-07T21:40:30.234Z - INFO: PDF saved: outputs/AlamedaCountyPP/0233011900003210000/0233011900003210000-2024.pdf
2024-08-07T21:40:31.489Z - INFO: ---------------------------
2024-08-07T21:40:32.273Z - INFO: Scraping data for Alameda County with account_lookup '02-330119-00-004-21-00-00
2024-08-07T21:40:33.311Z - INFO: Navigated to: https://www.acgov.org/ptax_pub_app/UnsecuredSearchInit.do?showUnsecuredFromLookup=true
2024-08-07T21:40:34.708Z - INFO: PDF saved: outputs/AlamedaCountyPP/0233011900004210000/0233011900004210000-2024.pdf
2024-08-07T21:40:34.830Z - INFO: ---------------------------
2024-08-07T21:40:35.231Z - INFO: Scraping data for Alameda County with account_lookup '02-330119-00-003-21-19-00
2024-08-07T21:40:36.270Z - INFO: Navigated to: https://www.acgov.org/ptax_pub_app/UnsecuredSearchInit.do?showUnsecuredFromLookup=true
2024-08-07T21:40:37.648Z - INFO: PDF saved: outputs/AlamedaCountyPP/0233011900003211900/0233011900003211900-2024.pdf
2024-08-07T21:40:37.733Z - INFO: ---------------------------
2024-08-07T21:40:38.151Z - INFO: Scraping data for Alameda County with account_lookup '02-330119-00-005-22-00-00
2024-08-07T21:40:39.146Z - INFO: Navigated to: https://www.acgov.org/ptax_pub_app/UnsecuredSearchInit.do?showUnsecuredFromLookup=true
2024-08-07T21:40:40.587Z - INFO: PDF saved: outputs/AlamedaCountyPP/0233011900005220000/0233011900005220000-2024.pdf
2024-08-07T21:40:40.672Z - INFO: ---------------------------
2024-08-07T21:40:41.057Z - INFO: Scraping data for Alameda County with account_lookup '02-33808-00-120-15-00-00
2024-08-07T21:40:41.058Z - ERROR: Bad Account Lookup 023380800120150000
2024-08-07T21:40:41.143Z - INFO: ---------------------------
2024-08-07T21:40:41.549Z - INFO: Scraping data for Alameda County with account_lookup '00-359462-00-002-21-00-00
2024-08-07T21:40:42.551Z - INFO: Navigated to: https://www.acgov.org/ptax_pub_app/UnsecuredSearchInit.do?showUnsecuredFromLookup=true
2024-08-07T21:40:43.993Z - INFO: PDF saved: outputs/AlamedaCountyPP/0035946200002210000/0035946200002210000-2024.pdf
2024-08-07T21:40:44.080Z - INFO: ---------------------------
2024-08-07T21:40:44.493Z - INFO: Scraping data for Alameda County with account_lookup '00-005763-00-021-21-00-00
2024-08-07T21:40:45.661Z - INFO: Navigated to: https://www.acgov.org/ptax_pub_app/UnsecuredSearchInit.do?showUnsecuredFromLookup=true
2024-08-07T21:40:45.986Z - ERROR: No Bills Found. Please check your account number. 0000576300021210000
2024-08-07T21:40:46.069Z - INFO: ---------------------------
2024-08-07T21:40:46.440Z - INFO: Scraping data for Alameda County with account_lookup '366137-1
2024-08-07T21:40:46.441Z - ERROR: Bad Account Lookup 3661371
2024-08-07T21:40:46.520Z - INFO: ---------------------------
2024-08-07T21:40:46.930Z - INFO: Scraping data for Alameda County with account_lookup '00-367971-00-002-21-00-00
2024-08-07T21:40:47.958Z - INFO: Navigated to: https://www.acgov.org/ptax_pub_app/UnsecuredSearchInit.do?showUnsecuredFromLookup=true
2024-08-07T21:40:49.333Z - INFO: PDF saved: outputs/AlamedaCountyPP/0036797100002210000/0036797100002210000-2024.pdf
2024-08-07T21:40:49.410Z - INFO: ---------------------------
2024-08-07T21:40:49.770Z - INFO: Scraping data for Alameda County with account_lookup '00-389506-00-001-23-00-00
2024-08-07T21:40:50.864Z - INFO: Navigated to: https://www.acgov.org/ptax_pub_app/UnsecuredSearchInit.do?showUnsecuredFromLookup=true
2024-08-07T21:40:52.280Z - INFO: PDF saved: outputs/AlamedaCountyPP/0038950600001230000/0038950600001230000-2024.pdf
2024-08-07T21:40:52.896Z - INFO: ---------------------------
2024-08-07T21:40:53.255Z - INFO: Scraping data for Alameda County with account_lookup '00-005763-00-016-21-00-00
2024-08-07T21:40:54.302Z - INFO: Navigated to: https://www.acgov.org/ptax_pub_app/UnsecuredSearchInit.do?showUnsecuredFromLookup=true
2024-08-07T21:40:55.805Z - INFO: PDF saved: outputs/AlamedaCountyPP/0000576300016210000/0000576300016210000-2024.pdf
2024-08-07T21:40:55.886Z - INFO: ---------------------------
2024-08-07T21:40:56.253Z - INFO: Scraping data for Alameda County with account_lookup '00-005763-00-014-21-00-00
2024-08-07T21:40:57.269Z - INFO: Navigated to: https://www.acgov.org/ptax_pub_app/UnsecuredSearchInit.do?showUnsecuredFromLookup=true
2024-08-07T21:40:58.649Z - INFO: PDF saved: outputs/AlamedaCountyPP/0000576300014210000/0000576300014210000-2024.pdf
2024-08-07T21:40:58.727Z - INFO: ---------------------------
2024-08-07T21:40:59.096Z - INFO: Scraping data for Alameda County with account_lookup '00-005763-00-014-21-00-00
2024-08-07T21:41:00.674Z - INFO: Navigated to: https://www.acgov.org/ptax_pub_app/UnsecuredSearchInit.do?showUnsecuredFromLookup=true
2024-08-07T21:41:02.303Z - INFO: PDF saved: outputs/AlamedaCountyPP/0000576300014210000/0000576300014210000-2024.pdf
2024-08-07T21:41:02.384Z - INFO: ---------------------------
2024-08-07T21:41:02.756Z - INFO: Scraping data for Alameda County with account_lookup '00-005763-00-016-21-00-00
2024-08-07T21:41:05.145Z - INFO: Navigated to: https://www.acgov.org/ptax_pub_app/UnsecuredSearchInit.do?showUnsecuredFromLookup=true
2024-08-07T21:41:06.523Z - INFO: PDF saved: outputs/AlamedaCountyPP/0000576300016210000/0000576300016210000-2024.pdf
2024-08-07T21:41:06.602Z - INFO: ---------------------------
2024-08-07T21:41:06.967Z - INFO: Scraping data for Alameda County with account_lookup '00-353789-00-000-21-00-00
2024-08-07T21:41:08.677Z - INFO: Navigated to: https://www.acgov.org/ptax_pub_app/UnsecuredSearchInit.do?showUnsecuredFromLookup=true
2024-08-07T21:41:10.053Z - INFO: PDF saved: outputs/AlamedaCountyPP/0035378900000210000/0035378900000210000-2024.pdf
2024-08-07T21:41:10.169Z - INFO: ---------------------------
2024-08-07T21:41:10.555Z - INFO: Scraping data for Alameda County with account_lookup '00-005763-00-016-21-00-00
2024-08-07T21:41:11.613Z - INFO: Navigated to: https://www.acgov.org/ptax_pub_app/UnsecuredSearchInit.do?showUnsecuredFromLookup=true
2024-08-07T21:41:13.024Z - INFO: PDF saved: outputs/AlamedaCountyPP/0000576300016210000/0000576300016210000-2024.pdf
2024-08-07T21:41:13.642Z - INFO: ---------------------------
2024-08-07T21:41:14.028Z - INFO: Scraping data for Alameda County with account_lookup '00-013252-00-004-21-00-00
2024-08-07T21:41:15.019Z - INFO: Navigated to: https://www.acgov.org/ptax_pub_app/UnsecuredSearchInit.do?showUnsecuredFromLookup=true
2024-08-07T21:41:16.400Z - INFO: PDF saved: outputs/AlamedaCountyPP/0001325200004210000/0001325200004210000-2024.pdf
2024-08-07T21:41:16.499Z - INFO: ---------------------------
2024-08-07T21:41:16.898Z - INFO: Scraping data for Alameda County with account_lookup '00-013252-00-000-21-00-00
2024-08-07T21:41:17.879Z - INFO: Navigated to: https://www.acgov.org/ptax_pub_app/UnsecuredSearchInit.do?showUnsecuredFromLookup=true
2024-08-07T21:41:19.552Z - INFO: PDF saved: outputs/AlamedaCountyPP/0001325200000210000/0001325200000210000-2024.pdf
2024-08-07T21:41:19.629Z - INFO: ---------------------------
2024-08-07T21:41:20.024Z - INFO: Scraping data for Alameda County with account_lookup '00-005763-00-016-21-00-00
2024-08-07T21:41:21.077Z - INFO: Navigated to: https://www.acgov.org/ptax_pub_app/UnsecuredSearchInit.do?showUnsecuredFromLookup=true
2024-08-07T21:41:22.463Z - INFO: PDF saved: outputs/AlamedaCountyPP/0000576300016210000/0000576300016210000-2024.pdf
2024-08-07T21:41:22.542Z - INFO: ---------------------------
2024-08-07T21:41:22.907Z - INFO: Scraping data for Alameda County with account_lookup '00-013252-00-002-21-00-00
2024-08-07T21:41:23.931Z - INFO: Navigated to: https://www.acgov.org/ptax_pub_app/UnsecuredSearchInit.do?showUnsecuredFromLookup=true
2024-08-07T21:41:25.365Z - INFO: PDF saved: outputs/AlamedaCountyPP/0001325200002210000/0001325200002210000-2024.pdf
2024-08-07T21:41:25.443Z - INFO: ---------------------------
2024-08-07T21:41:25.824Z - INFO: Scraping data for Alameda County with account_lookup '00-013252-00-003-21-00-00
2024-08-07T21:41:26.973Z - INFO: Navigated to: https://www.acgov.org/ptax_pub_app/UnsecuredSearchInit.do?showUnsecuredFromLookup=true
2024-08-07T21:41:28.648Z - INFO: PDF saved: outputs/AlamedaCountyPP/0001325200003210000/0001325200003210000-2024.pdf
2024-08-07T21:41:28.724Z - INFO: ---------------------------
2024-08-07T21:41:29.111Z - INFO: Scraping data for Alameda County with account_lookup '00-323003-00-000-21-00-00
2024-08-07T21:41:30.288Z - INFO: Navigated to: https://www.acgov.org/ptax_pub_app/UnsecuredSearchInit.do?showUnsecuredFromLookup=true
2024-08-07T21:41:31.712Z - INFO: PDF saved: outputs/AlamedaCountyPP/0032300300000210000/0032300300000210000-2024.pdf
2024-08-07T21:41:31.788Z - INFO: ---------------------------
2024-08-07T21:41:32.181Z - INFO: Scraping data for Alameda County with account_lookup '00-005763-00-006-21-00-00
2024-08-07T21:41:33.161Z - INFO: Navigated to: https://www.acgov.org/ptax_pub_app/UnsecuredSearchInit.do?showUnsecuredFromLookup=true
2024-08-07T21:41:34.535Z - INFO: PDF saved: outputs/AlamedaCountyPP/0000576300006210000/0000576300006210000-2024.pdf
2024-08-07T21:41:34.612Z - INFO: ---------------------------
2024-08-07T21:41:35.002Z - INFO: Scraping data for Alameda County with account_lookup '00-005763-00-013-21-00-00
2024-08-07T21:41:36.098Z - INFO: Navigated to: https://www.acgov.org/ptax_pub_app/UnsecuredSearchInit.do?showUnsecuredFromLookup=true
2024-08-07T21:41:37.493Z - INFO: PDF saved: outputs/AlamedaCountyPP/0000576300013210000/0000576300013210000-2024.pdf
2024-08-07T21:41:37.574Z - INFO: ---------------------------
2024-08-07T21:41:37.975Z - INFO: Scraping data for Alameda County with account_lookup '00-005763-00-005-21-00-00
2024-08-07T21:41:39.176Z - INFO: Navigated to: https://www.acgov.org/ptax_pub_app/UnsecuredSearchInit.do?showUnsecuredFromLookup=true
2024-08-07T21:41:40.712Z - INFO: PDF saved: outputs/AlamedaCountyPP/0000576300005210000/0000576300005210000-2024.pdf
2024-08-07T21:41:40.803Z - INFO: ---------------------------
2024-08-07T21:41:41.171Z - INFO: Scraping data for Alameda County with account_lookup '00-005763-00-002-21-00-00
2024-08-07T21:41:42.349Z - INFO: Navigated to: https://www.acgov.org/ptax_pub_app/UnsecuredSearchInit.do?showUnsecuredFromLookup=true
2024-08-07T21:41:43.709Z - INFO: PDF saved: outputs/AlamedaCountyPP/0000576300002210000/0000576300002210000-2024.pdf
2024-08-07T21:41:43.805Z - INFO: ---------------------------
2024-08-07T21:41:44.172Z - INFO: Scraping data for Alameda County with account_lookup '00-005763-00-012-21-00-00
2024-08-07T21:41:45.160Z - INFO: Navigated to: https://www.acgov.org/ptax_pub_app/UnsecuredSearchInit.do?showUnsecuredFromLookup=true
2024-08-07T21:41:46.520Z - INFO: PDF saved: outputs/AlamedaCountyPP/0000576300012210000/0000576300012210000-2024.pdf
2024-08-07T21:41:46.601Z - INFO: ---------------------------
2024-08-07T21:41:46.961Z - INFO: Scraping data for Alameda County with account_lookup '00-005763-00-016-21-00-00
2024-08-07T21:41:48.537Z - INFO: Navigated to: https://www.acgov.org/ptax_pub_app/UnsecuredSearchInit.do?showUnsecuredFromLookup=true
2024-08-07T21:41:49.898Z - INFO: PDF saved: outputs/AlamedaCountyPP/0000576300016210000/0000576300016210000-2024.pdf
2024-08-07T21:41:50.520Z - INFO: ---------------------------
2024-08-07T21:41:50.900Z - INFO: Scraping data for Alameda County with account_lookup '00-005763-00-014-21-00-00
2024-08-07T21:41:52.646Z - INFO: Navigated to: https://www.acgov.org/ptax_pub_app/UnsecuredSearchInit.do?showUnsecuredFromLookup=true
2024-08-07T21:41:54.132Z - INFO: PDF saved: outputs/AlamedaCountyPP/0000576300014210000/0000576300014210000-2024.pdf
2024-08-07T21:41:54.221Z - INFO: ---------------------------
2024-08-07T21:41:54.577Z - INFO: Scraping data for Alameda County with account_lookup '00-005763-00-015-21-00-00
2024-08-07T21:41:55.625Z - INFO: Navigated to: https://www.acgov.org/ptax_pub_app/UnsecuredSearchInit.do?showUnsecuredFromLookup=true
2024-08-07T21:41:57.101Z - INFO: PDF saved: outputs/AlamedaCountyPP/0000576300015210000/0000576300015210000-2024.pdf
2024-08-07T21:41:57.719Z - INFO: ---------------------------
2024-08-07T21:41:58.043Z - INFO: Scraping data for Alameda County with account_lookup '00-329594-00-000-21-00-00
2024-08-07T21:41:59.070Z - INFO: Navigated to: https://www.acgov.org/ptax_pub_app/UnsecuredSearchInit.do?showUnsecuredFromLookup=true
2024-08-07T21:42:01.120Z - INFO: PDF saved: outputs/AlamedaCountyPP/0032959400000210000/0032959400000210000-2024.pdf
2024-08-07T21:42:01.197Z - INFO: ---------------------------
2024-08-07T21:42:01.519Z - INFO: Scraping data for Alameda County with account_lookup '00-005763-00-016-21-00-00
2024-08-07T21:42:02.599Z - INFO: Navigated to: https://www.acgov.org/ptax_pub_app/UnsecuredSearchInit.do?showUnsecuredFromLookup=true
2024-08-07T21:42:04.041Z - INFO: PDF saved: outputs/AlamedaCountyPP/0000576300016210000/0000576300016210000-2024.pdf
2024-08-07T21:42:04.115Z - INFO: ---------------------------
2024-08-07T21:42:04.463Z - INFO: Scraping data for Alameda County with account_lookup '00-389506-00-001-21-00-00
2024-08-07T21:42:05.711Z - INFO: Navigated to: https://www.acgov.org/ptax_pub_app/UnsecuredSearchInit.do?showUnsecuredFromLookup=true
2024-08-07T21:42:07.085Z - INFO: PDF saved: outputs/AlamedaCountyPP/0038950600001210000/0038950600001210000-2024.pdf
2024-08-07T21:42:07.160Z - INFO: ---------------------------
2024-08-07T21:42:07.484Z - INFO: Scraping data for Alameda County with account_lookup '00-389506-00-001-21-00-00
2024-08-07T21:42:08.635Z - INFO: Navigated to: https://www.acgov.org/ptax_pub_app/UnsecuredSearchInit.do?showUnsecuredFromLookup=true
2024-08-07T21:42:10.043Z - INFO: PDF saved: outputs/AlamedaCountyPP/0038950600001210000/0038950600001210000-2024.pdf
2024-08-07T21:42:10.129Z - INFO: ---------------------------
2024-08-07T21:42:10.482Z - INFO: Scraping data for Alameda County with account_lookup '00-005763-00-016-21-00-00
2024-08-07T21:42:11.668Z - INFO: Navigated to: https://www.acgov.org/ptax_pub_app/UnsecuredSearchInit.do?showUnsecuredFromLookup=true
2024-08-07T21:42:13.093Z - INFO: PDF saved: outputs/AlamedaCountyPP/0000576300016210000/0000576300016210000-2024.pdf
2024-08-07T21:42:13.179Z - INFO: ---------------------------
2024-08-07T21:42:13.505Z - INFO: Scraping data for Alameda County with account_lookup '00-005763-00-005-21-00-00
2024-08-07T21:42:14.602Z - INFO: Navigated to: https://www.acgov.org/ptax_pub_app/UnsecuredSearchInit.do?showUnsecuredFromLookup=true
2024-08-07T21:42:16.014Z - INFO: PDF saved: outputs/AlamedaCountyPP/0000576300005210000/0000576300005210000-2024.pdf
2024-08-07T21:42:16.095Z - INFO: ---------------------------
2024-08-07T21:42:16.442Z - INFO: Scraping data for Alameda County with account_lookup '00-005763-00-014-21-00-00
2024-08-07T21:42:17.439Z - INFO: Navigated to: https://www.acgov.org/ptax_pub_app/UnsecuredSearchInit.do?showUnsecuredFromLookup=true
2024-08-07T21:42:19.059Z - INFO: PDF saved: outputs/AlamedaCountyPP/0000576300014210000/0000576300014210000-2024.pdf
2024-08-07T21:42:19.132Z - INFO: ---------------------------
2024-08-07T21:42:19.474Z - INFO: Scraping data for Alameda County with account_lookup '00-341800-00-000-21-00-00
2024-08-07T21:42:20.508Z - INFO: Navigated to: https://www.acgov.org/ptax_pub_app/UnsecuredSearchInit.do?showUnsecuredFromLookup=true
2024-08-07T21:42:21.948Z - INFO: PDF saved: outputs/AlamedaCountyPP/0034180000000210000/0034180000000210000-2024.pdf
2024-08-07T21:42:22.022Z - INFO: ---------------------------
2024-08-07T21:42:22.342Z - INFO: Scraping data for Alameda County with account_lookup '00-343117-00-000-21-00-00
2024-08-07T21:42:23.382Z - INFO: Navigated to: https://www.acgov.org/ptax_pub_app/UnsecuredSearchInit.do?showUnsecuredFromLookup=true
2024-08-07T21:42:24.723Z - INFO: PDF saved: outputs/AlamedaCountyPP/0034311700000210000/0034311700000210000-2024.pdf
2024-08-07T21:42:24.816Z - INFO: ---------------------------
2024-08-07T21:42:25.138Z - INFO: Scraping data for Alameda County with account_lookup '00-343117-00-000-21-00-00
2024-08-07T21:42:26.329Z - INFO: Navigated to: https://www.acgov.org/ptax_pub_app/UnsecuredSearchInit.do?showUnsecuredFromLookup=true
2024-08-07T21:42:27.671Z - INFO: PDF saved: outputs/AlamedaCountyPP/0034311700000210000/0034311700000210000-2024.pdf
2024-08-07T21:42:27.746Z - INFO: ---------------------------
2024-08-07T21:42:28.090Z - INFO: Scraping data for Alameda County with account_lookup '00-005763-00-016-21-00-00
2024-08-07T21:42:29.286Z - INFO: Navigated to: https://www.acgov.org/ptax_pub_app/UnsecuredSearchInit.do?showUnsecuredFromLookup=true
2024-08-07T21:42:30.643Z - INFO: PDF saved: outputs/AlamedaCountyPP/0000576300016210000/0000576300016210000-2024.pdf
2024-08-07T21:42:30.729Z - INFO: ---------------------------
2024-08-07T21:42:31.077Z - INFO: Scraping data for Alameda County with account_lookup '00-395483-00-001-20-00-00
2024-08-07T21:42:32.259Z - INFO: Navigated to: https://www.acgov.org/ptax_pub_app/UnsecuredSearchInit.do?showUnsecuredFromLookup=true
2024-08-07T21:42:33.641Z - INFO: PDF saved: outputs/AlamedaCountyPP/0039548300001200000/0039548300001200000-2024.pdf
2024-08-07T21:42:33.716Z - INFO: ---------------------------
2024-08-07T21:42:34.033Z - INFO: Scraping data for Alameda County with account_lookup '00-395480-00-001-21-00-00
2024-08-07T21:42:35.048Z - INFO: Navigated to: https://www.acgov.org/ptax_pub_app/UnsecuredSearchInit.do?showUnsecuredFromLookup=true
2024-08-07T21:42:36.437Z - INFO: PDF saved: outputs/AlamedaCountyPP/0039548000001210000/0039548000001210000-2024.pdf
2024-08-07T21:42:37.038Z - INFO: ---------------------------
2024-08-07T21:42:37.381Z - INFO: Scraping data for Alameda County with account_lookup '00-005763-00-016-21-00-00
2024-08-07T21:42:38.382Z - INFO: Navigated to: https://www.acgov.org/ptax_pub_app/UnsecuredSearchInit.do?showUnsecuredFromLookup=true
2024-08-07T21:42:40.038Z - INFO: PDF saved: outputs/AlamedaCountyPP/0000576300016210000/0000576300016210000-2024.pdf
2024-08-07T21:42:40.132Z - INFO: ---------------------------
2024-08-07T21:42:40.482Z - INFO: Scraping data for Alameda County with account_lookup '00-005763-00-016-21-00-00
2024-08-07T21:42:41.591Z - INFO: Navigated to: https://www.acgov.org/ptax_pub_app/UnsecuredSearchInit.do?showUnsecuredFromLookup=true
2024-08-07T21:42:42.970Z - INFO: PDF saved: outputs/AlamedaCountyPP/0000576300016210000/0000576300016210000-2024.pdf
2024-08-07T21:42:43.043Z - INFO: ---------------------------
2024-08-07T21:42:43.399Z - INFO: Scraping data for Alameda County with account_lookup '00-005763-00-014-21-00-00
2024-08-07T21:42:44.401Z - INFO: Navigated to: https://www.acgov.org/ptax_pub_app/UnsecuredSearchInit.do?showUnsecuredFromLookup=true
2024-08-07T21:42:45.789Z - INFO: PDF saved: outputs/AlamedaCountyPP/0000576300014210000/0000576300014210000-2024.pdf
2024-08-07T21:42:45.866Z - INFO: ---------------------------
2024-08-07T21:42:46.207Z - INFO: Scraping data for Alameda County with account_lookup '00-395438-00-001-21-00-00
2024-08-07T21:42:47.197Z - INFO: Navigated to: https://www.acgov.org/ptax_pub_app/UnsecuredSearchInit.do?showUnsecuredFromLookup=true
2024-08-07T21:42:48.593Z - INFO: PDF saved: outputs/AlamedaCountyPP/0039543800001210000/0039543800001210000-2024.pdf
2024-08-07T21:42:48.673Z - INFO: ---------------------------
2024-08-07T21:42:49.005Z - INFO: Scraping data for Alameda County with account_lookup '00-399502-00-001-22-00-00
2024-08-07T21:42:50.187Z - INFO: Navigated to: https://www.acgov.org/ptax_pub_app/UnsecuredSearchInit.do?showUnsecuredFromLookup=true
2024-08-07T21:42:51.542Z - INFO: PDF saved: outputs/AlamedaCountyPP/0039950200001220000/0039950200001220000-2024.pdf
2024-08-07T21:42:51.616Z - INFO: ---------------------------
2024-08-07T21:42:51.968Z - INFO: Scraping data for Alameda County with account_lookup '00-395325-16
2024-08-07T21:42:51.968Z - ERROR: Bad Account Lookup 0039532516
2024-08-07T21:42:52.561Z - INFO: ---------------------------
2024-08-07T21:42:52.905Z - INFO: Scraping data for Alameda County with account_lookup '00-395325-15
2024-08-07T21:42:52.905Z - ERROR: Bad Account Lookup 0039532515
2024-08-07T21:42:52.980Z - INFO: ---------------------------
2024-08-07T21:42:53.302Z - INFO: Scraping data for Alameda County with account_lookup '395325-7
2024-08-07T21:42:53.303Z - ERROR: Bad Account Lookup 3953257
2024-08-07T21:42:53.920Z - INFO: ---------------------------
2024-08-07T21:42:54.239Z - INFO: Scraping data for Alameda County with account_lookup '395325-5
2024-08-07T21:42:54.239Z - ERROR: Bad Account Lookup 3953255
2024-08-07T21:42:54.314Z - INFO: ---------------------------
2024-08-07T21:42:54.638Z - INFO: Scraping data for Alameda County with account_lookup '395325-17
2024-08-07T21:42:54.638Z - ERROR: Bad Account Lookup 39532517
2024-08-07T21:42:54.713Z - INFO: ---------------------------
2024-08-07T21:42:55.064Z - INFO: Scraping data for Alameda County with account_lookup '395325-3
2024-08-07T21:42:55.064Z - ERROR: Bad Account Lookup 3953253
2024-08-07T21:42:55.144Z - INFO: ---------------------------
2024-08-07T21:42:55.499Z - INFO: Scraping data for Alameda County with account_lookup '395325-2
2024-08-07T21:42:55.499Z - ERROR: Bad Account Lookup 3953252
2024-08-07T21:42:56.107Z - INFO: ---------------------------
2024-08-07T21:42:56.432Z - INFO: Scraping data for Alameda County with account_lookup '00-395325-00-007-21-00-00
2024-08-07T21:42:57.435Z - INFO: Navigated to: https://www.acgov.org/ptax_pub_app/UnsecuredSearchInit.do?showUnsecuredFromLookup=true
2024-08-07T21:42:58.941Z - INFO: PDF saved: outputs/AlamedaCountyPP/0039532500007210000/0039532500007210000-2024.pdf
2024-08-07T21:42:59.016Z - INFO: ---------------------------
2024-08-07T21:42:59.348Z - INFO: Scraping data for Alameda County with account_lookup '395325-6
2024-08-07T21:42:59.348Z - ERROR: Bad Account Lookup 3953256
2024-08-07T21:42:59.945Z - INFO: ---------------------------
2024-08-07T21:43:00.273Z - INFO: Scraping data for Alameda County with account_lookup '395325-1
2024-08-07T21:43:00.273Z - ERROR: Bad Account Lookup 3953251
2024-08-07T21:43:00.346Z - INFO: ---------------------------
2024-08-07T21:43:00.689Z - INFO: Scraping data for Alameda County with account_lookup '395325-4
2024-08-07T21:43:00.689Z - ERROR: Bad Account Lookup 3953254
2024-08-07T21:43:01.283Z - INFO: ---------------------------
2024-08-07T21:43:01.624Z - INFO: Scraping data for Alameda County with account_lookup '395325-9
2024-08-07T21:43:01.624Z - ERROR: Bad Account Lookup 3953259
2024-08-07T21:43:01.698Z - INFO: ---------------------------
2024-08-07T21:43:02.055Z - INFO: Scraping data for Alameda County with account_lookup '395325-8
2024-08-07T21:43:02.056Z - ERROR: Bad Account Lookup 3953258
2024-08-07T21:43:02.133Z - INFO: ---------------------------
2024-08-07T21:43:02.475Z - INFO: Scraping data for Alameda County with account_lookup '00395325-14
2024-08-07T21:43:02.476Z - ERROR: Bad Account Lookup 0039532514
2024-08-07T21:43:02.548Z - INFO: ---------------------------
2024-08-07T21:43:02.898Z - INFO: Scraping data for Alameda County with account_lookup '395325-4
2024-08-07T21:43:02.898Z - ERROR: Bad Account Lookup 3953254
2024-08-07T21:43:02.972Z - INFO: ---------------------------
2024-08-07T21:43:03.323Z - INFO: Scraping data for Alameda County with account_lookup '395325-10
2024-08-07T21:43:03.323Z - ERROR: Bad Account Lookup 39532510
2024-08-07T21:43:03.397Z - INFO: ---------------------------
2024-08-07T21:43:03.753Z - INFO: Scraping data for Alameda County with account_lookup '395325-13
2024-08-07T21:43:03.753Z - ERROR: Bad Account Lookup 39532513
2024-08-07T21:43:04.360Z - INFO: ---------------------------
2024-08-07T21:43:04.724Z - INFO: Scraping data for Alameda County with account_lookup '395325-12
2024-08-07T21:43:04.724Z - ERROR: Bad Account Lookup 39532512
2024-08-07T21:43:04.802Z - INFO: ---------------------------
2024-08-07T21:43:05.137Z - INFO: Scraping data for Alameda County with account_lookup '395325-11
2024-08-07T21:43:05.138Z - ERROR: Bad Account Lookup 39532511
2024-08-07T21:43:05.214Z - INFO: ---------------------------
2024-08-07T21:43:05.544Z - INFO: Scraping data for Alameda County with account_lookup '00-362749-00-001-23-00-00
2024-08-07T21:43:06.655Z - INFO: Navigated to: https://www.acgov.org/ptax_pub_app/UnsecuredSearchInit.do?showUnsecuredFromLookup=true
2024-08-07T21:43:08.058Z - INFO: PDF saved: outputs/AlamedaCountyPP/0036274900001230000/0036274900001230000-2024.pdf
2024-08-07T21:43:08.133Z - INFO: ---------------------------
2024-08-07T21:43:08.457Z - INFO: Scraping data for Alameda County with account_lookup '02-362749-00-005-23-00-00
2024-08-07T21:43:09.494Z - INFO: Navigated to: https://www.acgov.org/ptax_pub_app/UnsecuredSearchInit.do?showUnsecuredFromLookup=true
2024-08-07T21:43:10.857Z - INFO: PDF saved: outputs/AlamedaCountyPP/0236274900005230000/0236274900005230000-2024.pdf
2024-08-07T21:43:10.934Z - INFO: ---------------------------
2024-08-07T21:43:11.276Z - INFO: Scraping data for Alameda County with account_lookup '02-362749-00-003-23-00-00
2024-08-07T21:43:12.446Z - INFO: Navigated to: https://www.acgov.org/ptax_pub_app/UnsecuredSearchInit.do?showUnsecuredFromLookup=true
2024-08-07T21:43:13.824Z - INFO: PDF saved: outputs/AlamedaCountyPP/0236274900003230000/0236274900003230000-2024.pdf
2024-08-07T21:43:13.898Z - INFO: ---------------------------
2024-08-07T21:43:14.222Z - INFO: Scraping data for Alameda County with account_lookup '00-362749-00-007-23-00-00
2024-08-07T21:43:15.209Z - INFO: Navigated to: https://www.acgov.org/ptax_pub_app/UnsecuredSearchInit.do?showUnsecuredFromLookup=true
2024-08-07T21:43:16.560Z - INFO: PDF saved: outputs/AlamedaCountyPP/0036274900007230000/0036274900007230000-2024.pdf
2024-08-07T21:43:16.633Z - INFO: ---------------------------
2024-08-07T21:43:16.988Z - INFO: Scraping data for Alameda County with account_lookup '00-362749-00-002-23-00-00
2024-08-07T21:43:18.011Z - INFO: Navigated to: https://www.acgov.org/ptax_pub_app/UnsecuredSearchInit.do?showUnsecuredFromLookup=true
2024-08-07T21:43:19.387Z - INFO: PDF saved: outputs/AlamedaCountyPP/0036274900002230000/0036274900002230000-2024.pdf
2024-08-07T21:43:19.465Z - INFO: ---------------------------
2024-08-07T21:43:19.786Z - INFO: Scraping data for Alameda County with account_lookup '003202530000000
2024-08-07T21:43:19.786Z - ERROR: Bad Account Lookup 003202530000000
2024-08-07T21:43:19.859Z - INFO: ---------------------------
2024-08-07T21:43:20.215Z - INFO: Scraping data for Alameda County with account_lookup '0040949700001230000
2024-08-07T21:43:21.311Z - INFO: Navigated to: https://www.acgov.org/ptax_pub_app/UnsecuredSearchInit.do?showUnsecuredFromLookup=true
2024-08-07T21:43:22.673Z - INFO: PDF saved: outputs/AlamedaCountyPP/0040949700001230000/0040949700001230000-2024.pdf
2024-08-07T21:43:22.746Z - INFO: ---------------------------
2024-08-07T21:43:23.098Z - INFO: Scraping data for Alameda County with account_lookup '003007900000000
2024-08-07T21:43:23.098Z - ERROR: Bad Account Lookup 003007900000000
2024-08-07T21:43:23.173Z - INFO: ---------------------------
2024-08-07T21:43:23.515Z - INFO: Scraping data for Alameda County with account_lookup '003284360000200
2024-08-07T21:43:23.515Z - ERROR: Bad Account Lookup 003284360000200
2024-08-07T21:43:23.589Z - INFO: ---------------------------
2024-08-07T21:43:23.920Z - INFO: Scraping data for Alameda County with account_lookup '004018800000100
2024-08-07T21:43:23.920Z - ERROR: Bad Account Lookup 004018800000100
2024-08-07T21:43:23.998Z - INFO: ---------------------------
2024-08-07T21:43:24.324Z - INFO: Scraping data for Alameda County with account_lookup '003284360000100
2024-08-07T21:43:24.325Z - ERROR: Bad Account Lookup 003284360000100
2024-08-07T21:43:24.401Z - INFO: ---------------------------
2024-08-07T21:43:24.758Z - INFO: Scraping data for Alameda County with account_lookup '003637030000000
2024-08-07T21:43:24.758Z - ERROR: Bad Account Lookup 003637030000000
2024-08-07T21:43:24.840Z - INFO: ---------------------------
2024-08-07T21:43:25.198Z - INFO: Scraping data for Alameda County with account_lookup '003284360000000
2024-08-07T21:43:25.198Z - ERROR: Bad Account Lookup 003284360000000
